#
# A fatal error has been detected by the Java Runtime Environment:
#
#  SIGILL (0x4) at pc=0x00007fff38a2caaf, pid=61140, tid=0x0000000000000307
#
# JRE version: Java(TM) SE Runtime Environment (8.0_151-b12) (build 1.8.0_151-b12)
# Java VM: Java HotSpot(TM) 64-Bit Server VM (25.151-b12 mixed mode bsd-amd64 compressed oops)
# Problematic frame:
# C  [CoreFoundation+0x1b0aaf]  _CFRelease.cold.3+0xe
#
# Failed to write core dump. Core dumps have been disabled. To enable core dumping, try "ulimit -c unlimited" before starting Java again
#
# If you would like to submit a bug report, please visit:
#   http://bugreport.java.com/bugreport/crash.jsp
#

---------------  T H R E A D  ---------------

Current thread is native thread

siginfo: si_signo: 4 (SIGILL), si_code: 1 (ILL_ILLOPC), si_addr: 0x00007fff38a2caaf

Registers:
RAX=0x00007fff38c16bf4, RBX=0x0000000000612b80, RCX=0x00007fff9057b188, RDX=0x00007fff9057e800
RSP=0x00007ffee2652b38, RBP=0x00007ffee2652b90, RSI=0x00000000000120a8, RDI=0x00007fa3e9d6a660
R8 =0x00000000000130a8, R9 =0x0000000000000000, R10=0x00007fa3e9d6aa90, R11=0x00007fa3e9d6aa88
R12=0x0000000000000000, R13=0x00007fa3e9e4ca20, R14=0x0000000000000000, R15=0x00007fa3e9d6a560
RIP=0x00007fff38a2caaf, EFLAGS=0x0000000000010203, ERR=0x0000000000000000
  TRAPNO=0x0000000000000006

Top of Stack: (sp=0x00007ffee2652b38)
0x00007ffee2652b38:   00007fff389cbb4d 00007fa3e9d6a5a0
0x00007ffee2652b48:   0000000000000000 00007ffee2652b90
0x00007ffee2652b58:   00007fff38d8ede9 e524ec7381ba006f
0x00007ffee2652b68:   00007fa3e9e4e650 0000000000000000
0x00007ffee2652b78:   00007fa3e9e4ca20 0000000000000000
0x00007ffee2652b88:   00007fa3e9d6a560 00007ffee2652bb0
0x00007ffee2652b98:   00007fff38d8ed39 00007fa3e9e4e650
0x00007ffee2652ba8:   0000000000000000 00007ffee2652cc0
0x00007ffee2652bb8:   00007fff3752594b 0000000000000000
0x00007ffee2652bc8:   0000000000000000 0000000000000000
0x00007ffee2652bd8:   4096800000000000 4036000000000000
0x00007ffee2652be8:   0000000000000000 0000000000000000
0x00007ffee2652bf8:   4096800000000000 4036000000000000
0x00007ffee2652c08:   0000000000000000 0000000000000000
0x00007ffee2652c18:   4096800000000000 4036000000000000
0x00007ffee2652c28:   3ff0000000000000 00007ffee2652c50
0x00007ffee2652c38:   00007fff38d15e93 00007fff40000000
0x00007ffee2652c48:   00007ffee2652c80 00007ffee2652c70
0x00007ffee2652c58:   00007fff38d15e74 00000000ffffffce
0x00007ffee2652c68:   00007fa3e9e4ca20 00007fa3e9e4e650
0x00007ffee2652c78:   00007fa3e9d6a520 0000000000000000
0x00007ffee2652c88:   00007fa3e9d6a4e0 00007ffe00000005
0x00007ffee2652c98:   0000000000000000 00007fa3e9d6a4e0
0x00007ffee2652ca8:   0000000000000000 0000000000000000
0x00007ffee2652cb8:   00007fa3e9e4ca20 00007ffee2652de0
0x00007ffee2652cc8:   00007fff37525b61 0000000000000000
0x00007ffee2652cd8:   00007fff37525adc 00007ffee2652db0
0x00007ffee2652ce8:   0000000000000000 0000000000000000
0x00007ffee2652cf8:   4096800000000000 4036000000000000
0x00007ffee2652d08:   0000000000000000 0000000000000000
0x00007ffee2652d18:   4096800000000000 4036000000000000
0x00007ffee2652d28:   0000000000000000 0000000000000000 

Instructions: (pc=0x00007fff38a2caaf)
0x00007fff38a2ca8f:   0f 0b 48 8d 05 74 9d 1e 00 48 89 05 91 9a b5 57
0x00007fff38a2ca9f:   0f 0b 48 8d 05 4c a1 1e 00 48 89 05 81 9a b5 57
0x00007fff38a2caaf:   0f 0b 48 8d 05 16 9c 1e 00 48 89 05 71 9a b5 57
0x00007fff38a2cabf:   0f 0b 48 8d 05 2b 9c 1e 00 48 89 05 61 9a b5 57 

Register to memory mapping:

RAX=0x00007fff38c16bf4: _XMLPlistAppendDataUsingBase64.__CFPLDataEncodeTable+0x2054 in /System/Library/Frameworks/CoreFoundation.framework/Versions/A/CoreFoundation at 0x00007fff3887c000
RBX=0x0000000000612b80 is an unknown value
RCX=0x00007fff9057b188: OBJC_CLASS_$___NSCFType+0 in /System/Library/Frameworks/CoreFoundation.framework/Versions/A/CoreFoundation at 0x00007fff3887c000
RDX=0x00007fff9057e800: __CFRuntimeClassTable+0 in /System/Library/Frameworks/CoreFoundation.framework/Versions/A/CoreFoundation at 0x00007fff3887c000
RSP=0x00007ffee2652b38 is an unknown value
RBP=0x00007ffee2652b90 is an unknown value
RSI=0x00000000000120a8 is an unknown value
RDI=0x00007fa3e9d6a660 is an unknown value
R8 =0x00000000000130a8 is an unknown value
R9 =0x0000000000000000 is an unknown value
R10=0x00007fa3e9d6aa90 is an unknown value
R11=0x00007fa3e9d6aa88 is an unknown value
R12=0x0000000000000000 is an unknown value
R13=0x00007fa3e9e4ca20 is an unknown value
R14=0x0000000000000000 is an unknown value
R15=0x00007fa3e9d6a560 is an unknown value


Stack: [0x00007ffee1e56000,0x00007ffee2656000],  sp=0x00007ffee2652b38,  free space=8178k
Native frames: (J=compiled Java code, j=interpreted, Vv=VM code, C=native code)
C  [CoreFoundation+0x1b0aaf]  _CFRelease.cold.3+0xe
C  [CoreGraphics+0x91d39]  clip+0x80
C  [HIToolbox+0x2394b]  HIView::RecursiveDrawComposited(__HIShape const*, __HIShape const*, unsigned int, HIView*, CGContext*, unsigned char, double)+0x223
C  [HIToolbox+0x23b61]  HIView::RecursiveDrawComposited(__HIShape const*, __HIShape const*, unsigned int, HIView*, CGContext*, unsigned char, double)+0x439
C  [HIToolbox+0x23399]  HIView::DrawComposited(short, OpaqueGrafPtr*, __HIShape const*, unsigned int, HIView*, CGContext*)+0x32f
C  [HIToolbox+0x2305b]  HIView::Render(unsigned int, CGContext*)+0x33
C  [HIToolbox+0x3af2b]  FlushWindowObject(WindowData*, void**, unsigned char)+0x2ed
C  [HIToolbox+0x3a96b]  FlushAllBuffers(__CFRunLoopObserver*, unsigned long, void*)+0x132
C  [CoreFoundation+0x834f5]  __CFRUNLOOP_IS_CALLING_OUT_TO_AN_OBSERVER_CALLBACK_FUNCTION__+0x17
C  [CoreFoundation+0x83427]  __CFRunLoopDoObservers+0x1c9
C  [CoreFoundation+0x82aec]  __CFRunLoopRun+0x491
C  [CoreFoundation+0x81ffe]  CFRunLoopRunSpecific+0x1ce
C  [java+0x6465]  CreateExecutionEnvironment+0x367
C  [java+0x218c]  JLI_Launch+0x7a0
C  [java+0x84c2]  main+0x65
C  [java+0x19e4]  start+0x34


---------------  P R O C E S S  ---------------

VM state:not at safepoint (normal execution)

VM Mutex/Monitor currently owned by a thread: None

Heap:
 PSYoungGen      total 38400K, used 6686K [0x0000000795580000, 0x0000000798000000, 0x00000007c0000000)
  eden space 33280K, 20% used [0x0000000795580000,0x0000000795c07be0,0x0000000797600000)
  from space 5120K, 0% used [0x0000000797b00000,0x0000000797b00000,0x0000000798000000)
  to   space 5120K, 0% used [0x0000000797600000,0x0000000797600000,0x0000000797b00000)
 ParOldGen       total 87552K, used 0K [0x0000000740000000, 0x0000000745580000, 0x0000000795580000)
  object space 87552K, 0% used [0x0000000740000000,0x0000000740000000,0x0000000745580000)
 Metaspace       used 5820K, capacity 6086K, committed 6144K, reserved 1056768K
  class space    used 633K, capacity 739K, committed 768K, reserved 1048576K

Card table byte_map: [0x000000010f24b000,0x000000010f64c000] byte_map_base: 0x000000010b84b000

Marking Bits: (ParMarkBitMap*) 0x000000010dec85d0
 Begin Bits: [0x000000010f8f7000, 0x00000001118f7000)
 End Bits:   [0x00000001118f7000, 0x00000001138f7000)

Polling page: 0x000000010e5bf000

CodeCache: size=245760Kb used=1443Kb max_used=1443Kb free=244316Kb
 bounds [0x00000001193e2000, 0x0000000119652000, 0x00000001283e2000]
 total_blobs=865 nmethods=96 adapters=691
 compilation: enabled

Compilation events (10 events):
Event: 0.220 Thread 0x00007fa3eb82b000   31       1       java.nio.Buffer::position (5 bytes)
Event: 0.220 Thread 0x00007fa3eb82b000 nmethod 31 0x00000001194fa5d0 code [0x00000001194fa720, 0x00000001194fa830]
Event: 0.220 Thread 0x00007fa3eb82b000   32       3       java.lang.String::indexOf (7 bytes)
Event: 0.221 Thread 0x00007fa3eb82b000 nmethod 32 0x00000001194fa890 code [0x00000001194faa00, 0x00000001194fac28]
Event: 0.221 Thread 0x00007fa3eb82b000   33       1       java.lang.ref.Reference::get (5 bytes)
Event: 0.221 Thread 0x00007fa3eb82b000 nmethod 33 0x00000001194facd0 code [0x00000001194fae20, 0x00000001194faf30]
Event: 0.221 Thread 0x00007fa3eb82b000   34       1       java.net.URL::getProtocol (5 bytes)
Event: 0.222 Thread 0x00007fa3eb82b000 nmethod 34 0x00000001194faf90 code [0x00000001194fb0e0, 0x00000001194fb1f0]
Event: 0.223 Thread 0x00007fa3eb82b000   35       3       java.io.UnixFileSystem::normalize (75 bytes)
Event: 0.224 Thread 0x00007fa3eb82b000 nmethod 35 0x00000001194fb250 code [0x00000001194fb420, 0x00000001194fbac8]

GC Heap History (0 events):
No events

Deoptimization events (0 events):
No events

Internal exceptions (10 events):
Event: 4.803 Thread 0x00007fa3ea009000 Exception <a 'java/lang/NoSuchMethodError': java.lang.Object.lambda$static$0(Ljava/lang/String;)Ljava/lang/Boolean;> (0x000000079581a428) thrown at [/Users/java_re/workspace/8-2-build-macosx-x86_64/jdk8u151/9699/hotspot/src/share/vm/interpreter/linkResolv
Event: 5.215 Thread 0x00007fa3ea009000 Exception <a 'java/lang/NoSuchFieldError': method resolution failed> (0x00000007958922c0) thrown at [/Users/java_re/workspace/8-2-build-macosx-x86_64/jdk8u151/9699/hotspot/src/share/vm/prims/methodHandles.cpp, line 1146]
Event: 5.261 Thread 0x00007fa3ea009000 Exception <a 'java/lang/NoSuchFieldError': method resolution failed> (0x000000079589f640) thrown at [/Users/java_re/workspace/8-2-build-macosx-x86_64/jdk8u151/9699/hotspot/src/share/vm/prims/methodHandles.cpp, line 1146]
Event: 5.705 Thread 0x00007fa3ea009000 Exception <a 'java/security/PrivilegedActionException'> (0x0000000795934db8) thrown at [/Users/java_re/workspace/8-2-build-macosx-x86_64/jdk8u151/9699/hotspot/src/share/vm/prims/jvm.cpp, line 1390]
Event: 5.705 Thread 0x00007fa3ea009000 Exception <a 'java/security/PrivilegedActionException'> (0x0000000795934fc8) thrown at [/Users/java_re/workspace/8-2-build-macosx-x86_64/jdk8u151/9699/hotspot/src/share/vm/prims/jvm.cpp, line 1390]
Event: 5.716 Thread 0x00007fa3ea009000 Exception <a 'java/security/PrivilegedActionException'> (0x00000007959382f8) thrown at [/Users/java_re/workspace/8-2-build-macosx-x86_64/jdk8u151/9699/hotspot/src/share/vm/prims/jvm.cpp, line 1390]
Event: 5.716 Thread 0x00007fa3ea009000 Exception <a 'java/security/PrivilegedActionException'> (0x0000000795938508) thrown at [/Users/java_re/workspace/8-2-build-macosx-x86_64/jdk8u151/9699/hotspot/src/share/vm/prims/jvm.cpp, line 1390]
Event: 18.240 Thread 0x00007fa3ea009000 Exception <a 'sun/nio/fs/UnixException'> (0x0000000795a92cb8) thrown at [/Users/java_re/workspace/8-2-build-macosx-x86_64/jdk8u151/9699/hotspot/src/share/vm/prims/jni.cpp, line 709]
Event: 18.471 Thread 0x00007fa3ea009000 Exception <a 'sun/nio/fs/UnixException'> (0x0000000795b6ca38) thrown at [/Users/java_re/workspace/8-2-build-macosx-x86_64/jdk8u151/9699/hotspot/src/share/vm/prims/jni.cpp, line 709]
Event: 25.849 Thread 0x00007fa3ea009000 Exception <a 'sun/nio/fs/UnixException'> (0x0000000795bec7c0) thrown at [/Users/java_re/workspace/8-2-build-macosx-x86_64/jdk8u151/9699/hotspot/src/share/vm/prims/jni.cpp, line 709]

Events (10 events):
Event: 25.837 loading class org/lwjgl/glfw/EventLoop
Event: 25.837 loading class org/lwjgl/glfw/EventLoop done
Event: 25.841 loading class org/lwjgl/system/macosx/ObjCRuntime
Event: 25.841 loading class org/lwjgl/system/macosx/ObjCRuntime done
Event: 25.852 loading class org/lwjgl/system/dyncall/DynLoad
Event: 25.852 loading class org/lwjgl/system/dyncall/DynLoad done
Event: 25.866 loading class org/lwjgl/system/macosx/ObjCRuntime$Functions
Event: 25.866 loading class org/lwjgl/system/macosx/ObjCRuntime$Functions done
Event: 25.873 loading class org/lwjgl/system/macosx/CoreFoundation
Event: 25.873 loading class org/lwjgl/system/macosx/CoreFoundation done


Dynamic libraries:
0x000000000b73f000 	/System/Library/Frameworks/Cocoa.framework/Versions/A/Cocoa
0x000000000b73f000 	/System/Library/Frameworks/Security.framework/Versions/A/Security
0x000000000b73f000 	/System/Library/Frameworks/ApplicationServices.framework/Versions/A/ApplicationServices
0x000000000b73f000 	/usr/lib/libz.1.dylib
0x000000000b73f000 	/usr/lib/libSystem.B.dylib
0x000000000b73f000 	/usr/lib/libobjc.A.dylib
0x000000000b73f000 	/System/Library/Frameworks/CoreFoundation.framework/Versions/A/CoreFoundation
0x000000000b73f000 	/System/Library/Frameworks/Foundation.framework/Versions/C/Foundation
0x000000000b73f000 	/System/Library/Frameworks/AppKit.framework/Versions/C/AppKit
0x000000000b73f000 	/System/Library/Frameworks/CoreData.framework/Versions/A/CoreData
0x000000000b73f000 	/System/Library/PrivateFrameworks/UIFoundation.framework/Versions/A/UIFoundation
0x000000000b73f000 	/System/Library/PrivateFrameworks/RemoteViewServices.framework/Versions/A/RemoteViewServices
0x000000000b73f000 	/System/Library/PrivateFrameworks/XCTTargetBootstrap.framework/Versions/A/XCTTargetBootstrap
0x000000000b73f000 	/System/Library/Frameworks/CoreDisplay.framework/Versions/A/CoreDisplay
0x000000000b73f000 	/System/Library/Frameworks/Metal.framework/Versions/A/Metal
0x000000000b73f000 	/System/Library/PrivateFrameworks/DesktopServicesPriv.framework/Versions/A/DesktopServicesPriv
0x000000000b73f000 	/usr/lib/liblangid.dylib
0x000000000b73f000 	/System/Library/PrivateFrameworks/CoreSVG.framework/Versions/A/CoreSVG
0x000000000b73f000 	/System/Library/PrivateFrameworks/SkyLight.framework/Versions/A/SkyLight
0x000000000b73f000 	/System/Library/Frameworks/CoreGraphics.framework/Versions/A/CoreGraphics
0x000000000b73f000 	/System/Library/Frameworks/Accelerate.framework/Versions/A/Accelerate
0x000000000b73f000 	/usr/lib/libxml2.2.dylib
0x000000000b73f000 	/System/Library/PrivateFrameworks/IconServices.framework/Versions/A/IconServices
0x000000000b73f000 	/System/Library/Frameworks/IOSurface.framework/Versions/A/IOSurface
0x000000000b73f000 	/usr/lib/libDiagnosticMessagesClient.dylib
0x000000000b73f000 	/System/Library/PrivateFrameworks/DFRFoundation.framework/Versions/A/DFRFoundation
0x000000000b73f000 	/usr/lib/libicucore.A.dylib
0x000000000b73f000 	/System/Library/Frameworks/AudioToolbox.framework/Versions/A/AudioToolbox
0x000000000b73f000 	/System/Library/Frameworks/AudioUnit.framework/Versions/A/AudioUnit
0x000000000b73f000 	/usr/lib/libauto.dylib
0x000000000b73f000 	/System/Library/PrivateFrameworks/DataDetectorsCore.framework/Versions/A/DataDetectorsCore
0x000000000b73f000 	/System/Library/Frameworks/Carbon.framework/Versions/A/Frameworks/HIToolbox.framework/Versions/A/HIToolbox
0x000000000b73f000 	/System/Library/Frameworks/QuartzCore.framework/Versions/A/QuartzCore
0x000000000b73f000 	/System/Library/Frameworks/Carbon.framework/Versions/A/Frameworks/SpeechRecognition.framework/Versions/A/SpeechRecognition
0x000000000b73f000 	/System/Library/PrivateFrameworks/CoreUI.framework/Versions/A/CoreUI
0x000000000b73f000 	/System/Library/Frameworks/CoreAudio.framework/Versions/A/CoreAudio
0x000000000b73f000 	/System/Library/Frameworks/DiskArbitration.framework/Versions/A/DiskArbitration
0x000000000b73f000 	/System/Library/PrivateFrameworks/MultitouchSupport.framework/Versions/A/MultitouchSupport
0x000000000b73f000 	/usr/lib/libenergytrace.dylib
0x000000000b73f000 	/System/Library/Frameworks/IOKit.framework/Versions/A/IOKit
0x000000000b73f000 	/System/Library/Frameworks/CoreServices.framework/Versions/A/CoreServices
0x000000000b73f000 	/System/Library/PrivateFrameworks/PerformanceAnalysis.framework/Versions/A/PerformanceAnalysis
0x000000000b73f000 	/System/Library/Frameworks/OpenGL.framework/Versions/A/OpenGL
0x000000000b73f000 	/System/Library/Frameworks/ColorSync.framework/Versions/A/ColorSync
0x000000000b73f000 	/System/Library/Frameworks/CoreImage.framework/Versions/A/CoreImage
0x000000000b73f000 	/System/Library/Frameworks/CoreText.framework/Versions/A/CoreText
0x000000000b73f000 	/System/Library/Frameworks/ImageIO.framework/Versions/A/ImageIO
0x000000000b73f000 	/usr/lib/libc++.1.dylib
0x000000000b73f000 	/usr/lib/libcompression.dylib
0x000000000b73f000 	/usr/lib/libMobileGestalt.dylib
0x000000000b73f000 	/System/Library/PrivateFrameworks/TextureIO.framework/Versions/A/TextureIO
0x000000000b73f000 	/usr/lib/libate.dylib
0x000000000b73f000 	/System/Library/PrivateFrameworks/InternationalSupport.framework/Versions/A/InternationalSupport
0x000000000b73f000 	/usr/lib/system/libcache.dylib
0x000000000b73f000 	/usr/lib/system/libcommonCrypto.dylib
0x000000000b73f000 	/usr/lib/system/libcompiler_rt.dylib
0x000000000b73f000 	/usr/lib/system/libcopyfile.dylib
0x000000000b73f000 	/usr/lib/system/libcorecrypto.dylib
0x000000000b73f000 	/usr/lib/system/libdispatch.dylib
0x000000000b73f000 	/usr/lib/system/libdyld.dylib
0x000000000b73f000 	/usr/lib/system/libkeymgr.dylib
0x000000000b73f000 	/usr/lib/system/liblaunch.dylib
0x000000000b73f000 	/usr/lib/system/libmacho.dylib
0x000000000b73f000 	/usr/lib/system/libquarantine.dylib
0x000000000b73f000 	/usr/lib/system/libremovefile.dylib
0x000000000b73f000 	/usr/lib/system/libsystem_asl.dylib
0x000000000b73f000 	/usr/lib/system/libsystem_blocks.dylib
0x000000000b73f000 	/usr/lib/system/libsystem_c.dylib
0x000000000b73f000 	/usr/lib/system/libsystem_configuration.dylib
0x000000000b73f000 	/usr/lib/system/libsystem_coreservices.dylib
0x000000000b73f000 	/usr/lib/system/libsystem_darwin.dylib
0x000000000b73f000 	/usr/lib/system/libsystem_dnssd.dylib
0x000000000b73f000 	/usr/lib/system/libsystem_featureflags.dylib
0x000000000b73f000 	/usr/lib/system/libsystem_info.dylib
0x000000000b73f000 	/usr/lib/system/libsystem_m.dylib
0x000000000b73f000 	/usr/lib/system/libsystem_malloc.dylib
0x000000000b73f000 	/usr/lib/system/libsystem_networkextension.dylib
0x000000000b73f000 	/usr/lib/system/libsystem_notify.dylib
0x000000000b73f000 	/usr/lib/system/libsystem_sandbox.dylib
0x000000000b73f000 	/usr/lib/system/libsystem_secinit.dylib
0x000000000b73f000 	/usr/lib/system/libsystem_kernel.dylib
0x000000000b73f000 	/usr/lib/system/libsystem_platform.dylib
0x000000000b73f000 	/usr/lib/system/libsystem_pthread.dylib
0x000000000b73f000 	/usr/lib/system/libsystem_symptoms.dylib
0x000000000b73f000 	/usr/lib/system/libsystem_trace.dylib
0x000000000b73f000 	/usr/lib/system/libunwind.dylib
0x000000000b73f000 	/usr/lib/system/libxpc.dylib
0x000000000b73f000 	/usr/lib/libc++abi.dylib
0x000000000b73f000 	/usr/lib/liblzma.5.dylib
0x000000000b73f000 	/usr/lib/libfakelink.dylib
0x000000000b73f000 	/usr/lib/libarchive.2.dylib
0x000000000b73f000 	/System/Library/Frameworks/SystemConfiguration.framework/Versions/A/SystemConfiguration
0x000000000b73f000 	/usr/lib/libCRFSuite.dylib
0x000000000b73f000 	/System/Library/Frameworks/CFNetwork.framework/Versions/A/CFNetwork
0x000000000b73f000 	/usr/lib/libbsm.0.dylib
0x000000000b73f000 	/usr/lib/system/libkxld.dylib
0x000000000b73f000 	/System/Library/PrivateFrameworks/AppleFSCompression.framework/Versions/A/AppleFSCompression
0x000000000b73f000 	/usr/lib/libcoretls.dylib
0x000000000b73f000 	/usr/lib/libcoretls_cfhelpers.dylib
0x000000000b73f000 	/usr/lib/libpam.2.dylib
0x000000000b73f000 	/usr/lib/libsqlite3.dylib
0x000000000b73f000 	/usr/lib/libxar.1.dylib
0x000000000b73f000 	/usr/lib/libbz2.1.0.dylib
0x000000000b73f000 	/usr/lib/libiconv.2.dylib
0x000000000b73f000 	/usr/lib/libcharset.1.dylib
0x000000000b73f000 	/usr/lib/libnetwork.dylib
0x000000000b73f000 	/usr/lib/libpcap.A.dylib
0x000000000b73f000 	/usr/lib/libapple_nghttp2.dylib
0x000000000b73f000 	/System/Library/Frameworks/CoreServices.framework/Versions/A/Frameworks/FSEvents.framework/Versions/A/FSEvents
0x000000000b73f000 	/System/Library/Frameworks/CoreServices.framework/Versions/A/Frameworks/CarbonCore.framework/Versions/A/CarbonCore
0x000000000b73f000 	/System/Library/Frameworks/CoreServices.framework/Versions/A/Frameworks/Metadata.framework/Versions/A/Metadata
0x000000000b73f000 	/System/Library/Frameworks/CoreServices.framework/Versions/A/Frameworks/OSServices.framework/Versions/A/OSServices
0x000000000b73f000 	/System/Library/Frameworks/CoreServices.framework/Versions/A/Frameworks/SearchKit.framework/Versions/A/SearchKit
0x000000000b73f000 	/System/Library/Frameworks/CoreServices.framework/Versions/A/Frameworks/AE.framework/Versions/A/AE
0x000000000b73f000 	/System/Library/Frameworks/CoreServices.framework/Versions/A/Frameworks/LaunchServices.framework/Versions/A/LaunchServices
0x000000000b73f000 	/System/Library/Frameworks/CoreServices.framework/Versions/A/Frameworks/DictionaryServices.framework/Versions/A/DictionaryServices
0x000000000b73f000 	/System/Library/Frameworks/CoreServices.framework/Versions/A/Frameworks/SharedFileList.framework/Versions/A/SharedFileList
0x000000000b73f000 	/System/Library/Frameworks/NetFS.framework/Versions/A/NetFS
0x000000000b73f000 	/System/Library/PrivateFrameworks/NetAuth.framework/Versions/A/NetAuth
0x000000000b73f000 	/System/Library/PrivateFrameworks/login.framework/Versions/A/Frameworks/loginsupport.framework/Versions/A/loginsupport
0x000000000b73f000 	/System/Library/PrivateFrameworks/TCC.framework/Versions/A/TCC
0x000000000b73f000 	/System/Library/PrivateFrameworks/CoreNLP.framework/Versions/A/CoreNLP
0x000000000b73f000 	/System/Library/PrivateFrameworks/MetadataUtilities.framework/Versions/A/MetadataUtilities
0x000000000b73f000 	/usr/lib/libmecabra.dylib
0x000000000b73f000 	/usr/lib/libmecab.dylib
0x000000000b73f000 	/usr/lib/libgermantok.dylib
0x000000000b73f000 	/usr/lib/libThaiTokenizer.dylib
0x000000000b73f000 	/usr/lib/libChineseTokenizer.dylib
0x000000000b73f000 	/System/Library/Frameworks/Accelerate.framework/Versions/A/Frameworks/vImage.framework/Versions/A/vImage
0x000000000b73f000 	/System/Library/Frameworks/Accelerate.framework/Versions/A/Frameworks/vecLib.framework/Versions/A/vecLib
0x000000000b73f000 	/System/Library/Frameworks/Accelerate.framework/Versions/A/Frameworks/vecLib.framework/Versions/A/libvMisc.dylib
0x000000000b73f000 	/System/Library/Frameworks/Accelerate.framework/Versions/A/Frameworks/vecLib.framework/Versions/A/libvDSP.dylib
0x000000000b73f000 	/System/Library/Frameworks/Accelerate.framework/Versions/A/Frameworks/vecLib.framework/Versions/A/libBLAS.dylib
0x000000000b73f000 	/System/Library/Frameworks/Accelerate.framework/Versions/A/Frameworks/vecLib.framework/Versions/A/libLAPACK.dylib
0x000000000b73f000 	/System/Library/Frameworks/Accelerate.framework/Versions/A/Frameworks/vecLib.framework/Versions/A/libLinearAlgebra.dylib
0x000000000b73f000 	/System/Library/Frameworks/Accelerate.framework/Versions/A/Frameworks/vecLib.framework/Versions/A/libSparseBLAS.dylib
0x000000000b73f000 	/System/Library/Frameworks/Accelerate.framework/Versions/A/Frameworks/vecLib.framework/Versions/A/libQuadrature.dylib
0x000000000b73f000 	/System/Library/Frameworks/Accelerate.framework/Versions/A/Frameworks/vecLib.framework/Versions/A/libBNNS.dylib
0x000000000b73f000 	/System/Library/Frameworks/Accelerate.framework/Versions/A/Frameworks/vecLib.framework/Versions/A/libSparse.dylib
0x000000000b73f000 	/System/Library/PrivateFrameworks/LanguageModeling.framework/Versions/A/LanguageModeling
0x000000000b73f000 	/System/Library/PrivateFrameworks/CoreEmoji.framework/Versions/A/CoreEmoji
0x000000000b73f000 	/System/Library/PrivateFrameworks/LinguisticData.framework/Versions/A/LinguisticData
0x000000000b73f000 	/System/Library/PrivateFrameworks/Lexicon.framework/Versions/A/Lexicon
0x000000000b73f000 	/usr/lib/libcmph.dylib
0x000000000b73f000 	/System/Library/Frameworks/OpenDirectory.framework/Versions/A/Frameworks/CFOpenDirectory.framework/Versions/A/CFOpenDirectory
0x000000000b73f000 	/System/Library/Frameworks/OpenDirectory.framework/Versions/A/OpenDirectory
0x000000000b73f000 	/System/Library/PrivateFrameworks/APFS.framework/Versions/A/APFS
0x000000000b73f000 	/System/Library/Frameworks/SecurityFoundation.framework/Versions/A/SecurityFoundation
0x000000000b73f000 	/usr/lib/libutil.dylib
0x000000000b73f000 	/System/Library/PrivateFrameworks/CoreServicesStore.framework/Versions/A/CoreServicesStore
0x000000000b73f000 	/System/Library/Frameworks/ServiceManagement.framework/Versions/A/ServiceManagement
0x000000000b73f000 	/System/Library/PrivateFrameworks/BackgroundTaskManagement.framework/Versions/A/BackgroundTaskManagement
0x000000000b73f000 	/usr/lib/libxslt.1.dylib
0x000000000b73f000 	/System/Library/PrivateFrameworks/AppleSystemInfo.framework/Versions/A/AppleSystemInfo
0x000000000b73f000 	/System/Library/Frameworks/ImageIO.framework/Versions/A/Resources/libJPEG.dylib
0x000000000b73f000 	/System/Library/Frameworks/ImageIO.framework/Versions/A/Resources/libTIFF.dylib
0x000000000b73f000 	/System/Library/Frameworks/ImageIO.framework/Versions/A/Resources/libPng.dylib
0x000000000b73f000 	/System/Library/Frameworks/ImageIO.framework/Versions/A/Resources/libGIF.dylib
0x000000000b73f000 	/System/Library/Frameworks/ImageIO.framework/Versions/A/Resources/libJP2.dylib
0x000000000b73f000 	/System/Library/Frameworks/ImageIO.framework/Versions/A/Resources/libRadiance.dylib
0x000000000b73f000 	/usr/lib/libexpat.1.dylib
0x000000000b73f000 	/System/Library/PrivateFrameworks/AppleJPEG.framework/Versions/A/AppleJPEG
0x000000000b73f000 	/System/Library/PrivateFrameworks/FontServices.framework/libFontParser.dylib
0x000000000b73f000 	/System/Library/PrivateFrameworks/WatchdogClient.framework/Versions/A/WatchdogClient
0x000000000b73f000 	/System/Library/PrivateFrameworks/IOAccelerator.framework/Versions/A/IOAccelerator
0x000000000b73f000 	/System/Library/Frameworks/MetalPerformanceShaders.framework/Versions/A/MetalPerformanceShaders
0x000000000b73f000 	/System/Library/PrivateFrameworks/GPUWrangler.framework/Versions/A/GPUWrangler
0x000000000b73f000 	/System/Library/PrivateFrameworks/IOPresentment.framework/Versions/A/IOPresentment
0x000000000b73f000 	/System/Library/PrivateFrameworks/DSExternalDisplay.framework/Versions/A/DSExternalDisplay
0x000000000b73f000 	/System/Library/Frameworks/OpenGL.framework/Versions/A/Libraries/libCoreFSCache.dylib
0x000000000b73f000 	/System/Library/Frameworks/MetalPerformanceShaders.framework/Frameworks/MPSCore.framework/Versions/A/MPSCore
0x000000000b73f000 	/System/Library/Frameworks/MetalPerformanceShaders.framework/Frameworks/MPSImage.framework/Versions/A/MPSImage
0x000000000b73f000 	/System/Library/Frameworks/MetalPerformanceShaders.framework/Frameworks/MPSNeuralNetwork.framework/Versions/A/MPSNeuralNetwork
0x000000000b73f000 	/System/Library/Frameworks/MetalPerformanceShaders.framework/Frameworks/MPSMatrix.framework/Versions/A/MPSMatrix
0x000000000b73f000 	/System/Library/Frameworks/MetalPerformanceShaders.framework/Frameworks/MPSRayIntersector.framework/Versions/A/MPSRayIntersector
0x000000000b73f000 	/System/Library/Frameworks/MetalPerformanceShaders.framework/Frameworks/MPSNDArray.framework/Versions/A/MPSNDArray
0x000000000b73f000 	/System/Library/PrivateFrameworks/MetalTools.framework/Versions/A/MetalTools
0x000000000b73f000 	/System/Library/PrivateFrameworks/AggregateDictionary.framework/Versions/A/AggregateDictionary
0x000000000b73f000 	/System/Library/PrivateFrameworks/CoreAnalytics.framework/Versions/A/CoreAnalytics
0x000000000b73f000 	/System/Library/PrivateFrameworks/AppleSauce.framework/Versions/A/AppleSauce
0x000000000b73f000 	/usr/lib/libIOReport.dylib
0x000000000b73f000 	/System/Library/Frameworks/CoreVideo.framework/Versions/A/CoreVideo
0x000000000b73f000 	/System/Library/PrivateFrameworks/GraphVisualizer.framework/Versions/A/GraphVisualizer
0x000000000b73f000 	/System/Library/PrivateFrameworks/FaceCore.framework/Versions/A/FaceCore
0x000000000b73f000 	/System/Library/Frameworks/OpenCL.framework/Versions/A/OpenCL
0x000000000b73f000 	/usr/lib/libFosl_dynamic.dylib
0x000000000b73f000 	/System/Library/PrivateFrameworks/OTSVG.framework/Versions/A/OTSVG
0x000000000b73f000 	/System/Library/Frameworks/ApplicationServices.framework/Versions/A/Frameworks/ATS.framework/Versions/A/Resources/libFontRegistry.dylib
0x000000000b73f000 	/System/Library/PrivateFrameworks/FontServices.framework/libhvf.dylib
0x000000000b73f000 	/System/Library/Frameworks/OpenGL.framework/Versions/A/Libraries/libGFXShared.dylib
0x000000000b73f000 	/System/Library/Frameworks/OpenGL.framework/Versions/A/Libraries/libGLU.dylib
0x000000000b73f000 	/System/Library/Frameworks/OpenGL.framework/Versions/A/Libraries/libGL.dylib
0x000000000b73f000 	/System/Library/Frameworks/OpenGL.framework/Versions/A/Libraries/libGLImage.dylib
0x000000000b73f000 	/System/Library/Frameworks/OpenGL.framework/Versions/A/Libraries/libCVMSPluginSupport.dylib
0x000000000b73f000 	/System/Library/Frameworks/OpenGL.framework/Versions/A/Libraries/libCoreVMClient.dylib
0x000000000b73f000 	/usr/lib/libncurses.5.4.dylib
0x000000000b73f000 	/System/Library/Frameworks/ApplicationServices.framework/Versions/A/Frameworks/ATS.framework/Versions/A/ATS
0x000000000b73f000 	/System/Library/Frameworks/ApplicationServices.framework/Versions/A/Frameworks/ColorSyncLegacy.framework/Versions/A/ColorSyncLegacy
0x000000000b73f000 	/System/Library/Frameworks/ApplicationServices.framework/Versions/A/Frameworks/HIServices.framework/Versions/A/HIServices
0x000000000b73f000 	/System/Library/Frameworks/ApplicationServices.framework/Versions/A/Frameworks/LangAnalysis.framework/Versions/A/LangAnalysis
0x000000000b73f000 	/System/Library/Frameworks/ApplicationServices.framework/Versions/A/Frameworks/PrintCore.framework/Versions/A/PrintCore
0x000000000b73f000 	/System/Library/Frameworks/ApplicationServices.framework/Versions/A/Frameworks/QD.framework/Versions/A/QD
0x000000000b73f000 	/System/Library/Frameworks/ApplicationServices.framework/Versions/A/Frameworks/SpeechSynthesis.framework/Versions/A/SpeechSynthesis
0x000000000b73f000 	/System/Library/Frameworks/ApplicationServices.framework/Versions/A/Frameworks/ATSUI.framework/Versions/A/ATSUI
0x000000000b73f000 	/usr/lib/libcups.2.dylib
0x000000000b73f000 	/System/Library/Frameworks/Kerberos.framework/Versions/A/Kerberos
0x000000000b73f000 	/System/Library/Frameworks/GSS.framework/Versions/A/GSS
0x000000000b73f000 	/usr/lib/libresolv.9.dylib
0x000000000b73f000 	/System/Library/PrivateFrameworks/Heimdal.framework/Versions/A/Heimdal
0x000000000b73f000 	/System/Library/Frameworks/Kerberos.framework/Versions/A/Libraries/libHeimdalProxy.dylib
0x000000000b73f000 	/usr/lib/libheimdal-asn1.dylib
0x000000000b73f000 	/System/Library/PrivateFrameworks/CommonAuth.framework/Versions/A/CommonAuth
0x000000000b73f000 	/System/Library/PrivateFrameworks/AssertionServices.framework/Versions/A/AssertionServices
0x000000000b73f000 	/System/Library/PrivateFrameworks/AudioToolboxCore.framework/Versions/A/AudioToolboxCore
0x000000000b73f000 	/System/Library/PrivateFrameworks/caulk.framework/Versions/A/caulk
0x000000000b73f000 	/System/Library/PrivateFrameworks/BaseBoard.framework/Versions/A/BaseBoard
0x000000000b73f000 	/System/Library/PrivateFrameworks/RunningBoardServices.framework/Versions/A/RunningBoardServices
0x000000000b73f000 	/System/Library/PrivateFrameworks/PersistentConnection.framework/Versions/A/PersistentConnection
0x000000000b73f000 	/System/Library/PrivateFrameworks/ProtocolBuffer.framework/Versions/A/ProtocolBuffer
0x000000000b73f000 	/System/Library/PrivateFrameworks/CommonUtilities.framework/Versions/A/CommonUtilities
0x000000000b73f000 	/System/Library/PrivateFrameworks/Bom.framework/Versions/A/Bom
0x000000000b73f000 	/usr/lib/libAudioToolboxUtility.dylib
0x000000000b73f000 	/System/Library/PrivateFrameworks/Backup.framework/Versions/A/Backup
0x000000000b73f000 	/System/Library/PrivateFrameworks/CrashReporterSupport.framework/Versions/A/CrashReporterSupport
0x000000000b73f000 	/System/Library/PrivateFrameworks/Sharing.framework/Versions/A/Sharing
0x000000000b73f000 	/System/Library/PrivateFrameworks/Apple80211.framework/Versions/A/Apple80211
0x000000000b73f000 	/System/Library/PrivateFrameworks/AuthKit.framework/Versions/A/AuthKit
0x000000000b73f000 	/System/Library/PrivateFrameworks/CoreUtils.framework/Versions/A/CoreUtils
0x000000000b73f000 	/System/Library/Frameworks/CoreWLAN.framework/Versions/A/CoreWLAN
0x000000000b73f000 	/System/Library/Frameworks/IOBluetooth.framework/Versions/A/IOBluetooth
0x000000000b73f000 	/System/Library/PrivateFrameworks/MobileKeyBag.framework/Versions/A/MobileKeyBag
0x000000000b73f000 	/System/Library/PrivateFrameworks/CorePhoneNumbers.framework/Versions/A/CorePhoneNumbers
0x000000000b73f000 	/System/Library/PrivateFrameworks/AppleIDAuthSupport.framework/Versions/A/AppleIDAuthSupport
0x000000000b73f000 	/System/Library/Frameworks/Network.framework/Versions/A/Network
0x000000000b73f000 	/System/Library/PrivateFrameworks/KeychainCircle.framework/Versions/A/KeychainCircle
0x000000000b73f000 	/System/Library/Frameworks/CoreBluetooth.framework/Versions/A/CoreBluetooth
0x000000000b73f000 	/System/Library/PrivateFrameworks/SpeechRecognitionCore.framework/Versions/A/SpeechRecognitionCore
0x000000010d5d5000 	/Library/Java/JavaVirtualMachines/jdk1.8.0_151.jdk/Contents/Home/jre/lib/server/libjvm.dylib
0x000000000b73f000 	/usr/lib/libstdc++.6.dylib
0x000000010e57c000 	/Library/Java/JavaVirtualMachines/jdk1.8.0_151.jdk/Contents/Home/jre/lib/libverify.dylib
0x000000010e58a000 	/Library/Java/JavaVirtualMachines/jdk1.8.0_151.jdk/Contents/Home/jre/lib/libjava.dylib
0x000000010ee00000 	/Library/Java/JavaVirtualMachines/jdk1.8.0_151.jdk/Contents/Home/jre/lib/libjdwp.dylib
0x000000010e5c0000 	/Library/Java/JavaVirtualMachines/jdk1.8.0_151.jdk/Contents/Home/jre/lib/libnpt.dylib
0x000000010e5e8000 	/Library/Java/JavaVirtualMachines/jdk1.8.0_151.jdk/Contents/Home/jre/lib/libzip.dylib
0x000000000b73f000 	/System/Library/Frameworks/JavaVM.framework/Versions/A/Frameworks/JavaRuntimeSupport.framework/Versions/A/JavaRuntimeSupport
0x000000000b73f000 	/System/Library/Frameworks/JavaVM.framework/Versions/A/Frameworks/JavaNativeFoundation.framework/Versions/A/JavaNativeFoundation
0x000000000b73f000 	/System/Library/Frameworks/JavaVM.framework/Versions/A/JavaVM
0x000000000b73f000 	/System/Library/Frameworks/Carbon.framework/Versions/A/Carbon
0x000000000b73f000 	/System/Library/PrivateFrameworks/CoreSymbolication.framework/Versions/A/CoreSymbolication
0x000000000b73f000 	/System/Library/PrivateFrameworks/JavaLaunching.framework/Versions/A/JavaLaunching
0x000000000b73f000 	/System/Library/Frameworks/Carbon.framework/Versions/A/Frameworks/CommonPanels.framework/Versions/A/CommonPanels
0x000000000b73f000 	/System/Library/Frameworks/Carbon.framework/Versions/A/Frameworks/Help.framework/Versions/A/Help
0x000000000b73f000 	/System/Library/Frameworks/Carbon.framework/Versions/A/Frameworks/ImageCapture.framework/Versions/A/ImageCapture
0x000000000b73f000 	/System/Library/Frameworks/Carbon.framework/Versions/A/Frameworks/OpenScripting.framework/Versions/A/OpenScripting
0x000000000b73f000 	/System/Library/Frameworks/Carbon.framework/Versions/A/Frameworks/Ink.framework/Versions/A/Ink
0x000000000b73f000 	/System/Library/Frameworks/Carbon.framework/Versions/A/Frameworks/Print.framework/Versions/A/Print
0x000000000b73f000 	/System/Library/Frameworks/Carbon.framework/Versions/A/Frameworks/SecurityHI.framework/Versions/A/SecurityHI
0x000000000b73f000 	/System/Library/PrivateFrameworks/DebugSymbols.framework/Versions/A/DebugSymbols
0x0000000117350000 	/Library/Java/JavaVirtualMachines/jdk1.8.0_151.jdk/Contents/Home/jre/lib/libdt_socket.dylib
0x00000001173a8000 	/Library/Java/JavaVirtualMachines/jdk1.8.0_151.jdk/Contents/Home/jre/lib/libnio.dylib
0x00000001173b8000 	/Library/Java/JavaVirtualMachines/jdk1.8.0_151.jdk/Contents/Home/jre/lib/libnet.dylib
0x0000000117417000 	/private/var/folders/61/df80ptfj4n74h8bwx_0gm7v40000gn/T/lwjglchrisralph/3.2.3-build-13/liblwjgl.dylib
0x000000011745e000 	/private/var/folders/61/df80ptfj4n74h8bwx_0gm7v40000gn/T/lwjglchrisralph/3.2.3-build-13/libglfw.dylib
0x000000000b73f000 	/System/Library/PrivateFrameworks/CoreServicesInternal.framework/Versions/A/CoreServicesInternal
0x000000000b73f000 	/System/Library/Frameworks/FileProvider.framework/Versions/A/FileProvider
0x000000000b73f000 	/System/Library/Frameworks/Accounts.framework/Versions/A/Accounts
0x000000000b73f000 	/System/Library/PrivateFrameworks/GenerationalStorage.framework/Versions/A/GenerationalStorage
0x000000000b73f000 	/System/Library/PrivateFrameworks/SymptomDiagnosticReporter.framework/Versions/A/SymptomDiagnosticReporter
0x000000000b73f000 	/System/Library/PrivateFrameworks/AppContainer.framework/Versions/A/AppContainer
0x000000000b73f000 	/usr/lib/libsandbox.1.dylib
0x000000000b73f000 	/System/Library/PrivateFrameworks/UserManagement.framework/Versions/A/UserManagement
0x000000000b73f000 	/System/Library/PrivateFrameworks/ChunkingLibrary.framework/Versions/A/ChunkingLibrary
0x000000000b73f000 	/System/Library/PrivateFrameworks/AppSandbox.framework/Versions/A/AppSandbox
0x000000000b73f000 	/System/Library/PrivateFrameworks/SecCodeWrapper.framework/Versions/A/SecCodeWrapper
0x000000000b73f000 	/usr/lib/libMatch.1.dylib
0x000000000b73f000 	/System/Library/Frameworks/Accelerate.framework/Versions/A/Frameworks/vImage.framework/Versions/A/Libraries/libCGInterfaces.dylib
0x000000000b73f000 	/System/Library/PrivateFrameworks/FontServices.framework/libTrueTypeScaler.dylib

VM Arguments:
jvm_args: -Xdebug -Xrunjdwp:transport=dt_socket,address=localhost:62909 -Dfile.encoding=UTF-8 -Djava.library.path=lib/natives 
java_command: main.HelloWorld
java_class_path (initial): /Users/chrisralph/Documents/Code/RpgBuildingGenerator/RpgBuildingGenerator/lib/jars/slick-util.jar:/Users/chrisralph/Documents/Code/RpgBuildingGenerator/RpgBuildingGenerator/lib/jars/lwjgl-javadoc.jar:/Users/chrisralph/Documents/Code/RpgBuildingGenerator/RpgBuildingGenerator/lib/jars/lwjgl-natives-macos.jar:/Users/chrisralph/Documents/Code/RpgBuildingGenerator/RpgBuildingGenerator/lib/jars/lwjgl-opengl-javadoc.jar:/Users/chrisralph/Documents/Code/RpgBuildingGenerator/RpgBuildingGenerator/lib/jars/lwjgl-opengl-natives-macos.jar:/Users/chrisralph/Documents/Code/RpgBuildingGenerator/RpgBuildingGenerator/lib/jars/lwjgl-opengl.jar:/Users/chrisralph/Documents/Code/RpgBuildingGenerator/RpgBuildingGenerator/lib/jars/lwjgl.jar:/Users/chrisralph/Documents/Code/RpgBuildingGenerator/RpgBuildingGenerator/lib/jars/lwjgl-glfw-javadoc.jar:/Users/chrisralph/Documents/Code/RpgBuildingGenerator/RpgBuildingGenerator/lib/jars/lwjgl-glfw-natives-macos.jar:/Users/chrisralph/Documents/Code/RpgBuildingGenerator/RpgBuildingGenerator/lib/jars/lwjgl-glfw.jar:/Users/chrisralph/Documents/Code/RpgBuildingGenerator/RpgBuildingGenerator/lib/jars/joml-1.9.24-javadoc.jar:/Users/chrisralph/Documents/Code/RpgBuildingGenerator/RpgBuildingGenerator/lib/jars/joml-1.9.24.jar:/Users/chrisralph/Documents/Code/RpgBuildingGenerator/RpgBuildingGenerator/build/classes
Launcher Type: SUN_STANDARD

Environment Variables:
PATH=/usr/bin:/bin:/usr/sbin:/sbin
LD_LIBRARY_PATH=/Library/Java/JavaVirtualMachines/jdk1.8.0_151.jdk/Contents/Home/jre/lib/amd64:/Library/Java/JavaVirtualMachines/jdk1.8.0_151.jdk/Contents/Home/jre/lib/i386:
SHELL=/bin/bash

Signal Handlers:
SIGSEGV: [libjvm.dylib+0x5b27a5], sa_mask[0]=11111111011111110111111111111111, sa_flags=SA_ONSTACK|SA_RESTART|SA_SIGINFO
SIGBUS: [libjvm.dylib+0x5b27a5], sa_mask[0]=11111111011111110111111111111111, sa_flags=SA_RESTART|SA_SIGINFO
SIGFPE: [libjvm.dylib+0x4891c4], sa_mask[0]=11111111011111110111111111111111, sa_flags=SA_RESTART|SA_SIGINFO
SIGPIPE: [libjvm.dylib+0x4891c4], sa_mask[0]=11111111011111110111111111111111, sa_flags=SA_RESTART|SA_SIGINFO
SIGXFSZ: [libjvm.dylib+0x4891c4], sa_mask[0]=11111111011111110111111111111111, sa_flags=SA_RESTART|SA_SIGINFO
SIGILL: [libjvm.dylib+0x4891c4], sa_mask[0]=11111111011111110111111111111111, sa_flags=SA_RESTART|SA_SIGINFO
SIGUSR1: SIG_DFL, sa_mask[0]=00000000000000000000000000000000, sa_flags=none
SIGUSR2: [libjvm.dylib+0x488ce2], sa_mask[0]=00100000000000000000000000000000, sa_flags=SA_RESTART|SA_SIGINFO
SIGHUP: [libjvm.dylib+0x4872b9], sa_mask[0]=11111111011111110111111111111111, sa_flags=SA_RESTART|SA_SIGINFO
SIGINT: SIG_IGN, sa_mask[0]=00000000000000000000000000000000, sa_flags=none
SIGTERM: [libjvm.dylib+0x4872b9], sa_mask[0]=11111111011111110111111111111111, sa_flags=SA_RESTART|SA_SIGINFO
SIGQUIT: [libjvm.dylib+0x4872b9], sa_mask[0]=11111111011111110111111111111111, sa_flags=SA_RESTART|SA_SIGINFO


---------------  S Y S T E M  ---------------

OS:Bsduname:Darwin 19.4.0 Darwin Kernel Version 19.4.0: Wed Mar  4 22:28:40 PST 2020; root:xnu-6153.101.6~15/RELEASE_X86_64 x86_64
rlimit: STACK 8192k, CORE 0k, NPROC 1392, NOFILE 10240, AS infinity
load average:1.95 2.01 2.15

CPU:total 4 (initial active 4) (2 cores per cpu, 2 threads per core) family 6 model 61 stepping 4, cmov, cx8, fxsr, mmx, sse, sse2, sse3, ssse3, sse4.1, sse4.2, popcnt, avx, avx2, aes, clmul, erms, 3dnowpref, lzcnt, ht, tsc, tscinvbit, bmi1, bmi2, adx

Memory: 4k page, physical 8388608k(73588k free)

/proc/meminfo:


vm_info: Java HotSpot(TM) 64-Bit Server VM (25.151-b12) for bsd-amd64 JRE (1.8.0_151-b12), built on Sep  5 2017 19:37:08 by "java_re" with gcc 4.2.1 (Based on Apple Inc. build 5658) (LLVM build 2336.11.00)

time: Tue May  5 19:23:35 2020
elapsed time: 25 seconds (0d 0h 0m 25s)

