#
# A fatal error has been detected by the Java Runtime Environment:
#
#  SIGSEGV (0xb) at pc=0x00007fff3f7117fe, pid=4869, tid=0x000000000000cc03
#
# JRE version: Java(TM) SE Runtime Environment (8.0_151-b12) (build 1.8.0_151-b12)
# Java VM: Java HotSpot(TM) 64-Bit Server VM (25.151-b12 mixed mode bsd-amd64 compressed oops)
# Problematic frame:
# C  [GLEngine+0x12a7fe]  gleRunVertexSubmitImmediate+0x19ce
#
# Failed to write core dump. Core dumps have been disabled. To enable core dumping, try "ulimit -c unlimited" before starting Java again
#
# If you would like to submit a bug report, please visit:
#   http://bugreport.java.com/bugreport/crash.jsp
# The crash happened outside the Java Virtual Machine in native code.
# See problematic frame for where to report the bug.
#

---------------  T H R E A D  ---------------

Current thread (0x00007fdeb8a8b800):  JavaThread "AWT-EventQueue-0" [_thread_in_native, id=52227, stack(0x000070000bbf1000,0x000070000bcf1000)]

siginfo: si_signo: 11 (SIGSEGV), si_code: 1 (SEGV_MAPERR), si_addr: 0x0000000000000000

Registers:
RAX=0x0000000000000000, RBX=0x0000000000000832, RCX=0x00007fff3f7117fe, RDX=0x00007fff3f712b94
RSP=0x000070000bcef1a0, RBP=0x000070000bcef340, RSI=0x0000000000000027, RDI=0x0000000000000002
R8 =0x0000000000000005, R9 =0x00007fdebc7916a0, R10=0x0000000000000006, R11=0x000000010640108b
R12=0x0000000000000010, R13=0x0000000000000001, R14=0x0000000000000002, R15=0x0000083200845804
RIP=0x00007fff3f7117fe, EFLAGS=0x0000000000010203, ERR=0x0000000000000004
  TRAPNO=0x000000000000000e

Top of Stack: (sp=0x000070000bcef1a0)
0x000070000bcef1a0:   cb000000cb000000 cb000000cb000000
0x000070000bcef1b0:   0000000000000001 0000000000000001
0x000070000bcef1c0:   0000000000000005 00007fdeba9e8170
0x000070000bcef1d0:   00007fdeba9e8140 00007fdeba9e81a0
0x000070000bcef1e0:   00007fdeba9e8160 00007fdeba9e8180
0x000070000bcef1f0:   00007fdeba9e8150 0000000000000003
0x000070000bcef200:   0000000000000000 0000000000000000
0x000070000bcef210:   00007fdeba9e8190 00007fdebc7916a0
0x000070000bcef220:   fffffffffffffffe 00007fff3f6c985e
0x000070000bcef230:   0000000000000000 000000003f800000
0x000070000bcef240:   0000000000000001 00007fdeba9e8140
0x000070000bcef250:   0000000000000010 00007fdeba9f4d90
0x000070000bcef260:   0000000000000000 00007fdeba9e8000
0x000070000bcef270:   0000000800000004 0000001000000001
0x000070000bcef280:   00007fdeba9e8000 0000000000000001
0x000070000bcef290:   f441961202160064 00007fdeba9e8000
0x000070000bcef2a0:   0000000000000000 0000000000000000
0x000070000bcef2b0:   0000000000000000 00007fff29e28f2e
0x000070000bcef2c0:   000000000000150c 00007fdebc0f12b0
0x000070000bcef2d0:   0000000000000000 0000000174b3eae0
0x000070000bcef2e0:   0000000174b478a0 000000015ece6000
0x000070000bcef2f0:   00007fdeba9ebda0 00007fdeba9ebfb0
0x000070000bcef300:   00007fdeb81349c0 0000000000000000
0x000070000bcef310:   f441961202160064 0000000000000000
0x000070000bcef320:   00007fdeba9e8000 00007fdeb8134600
0x000070000bcef330:   00000000000002f4 00000000000002f4
0x000070000bcef340:   000070000bcef3a0 00007fff3f691bdd
0x000070000bcef350:   00007fdeb8134a40 0000000000000004
0x000070000bcef360:   0000000000000004 00000000000002f4
0x000070000bcef370:   000002f40bcef3b0 0000000122c10380
0x000070000bcef380:   0000000000000000 0000000122c10380
0x000070000bcef390:   000070000bcef4e0 00007fdeb8a8b800 

Instructions: (pc=0x00007fff3f7117fe)
0x00007fff3f7117de:   10 00 00 48 b9 00 00 00 00 00 00 80 3f 49 89 4c
0x00007fff3f7117ee:   00 08 49 39 de 0f 85 80 e9 ff ff e9 c2 10 00 00
0x00007fff3f7117fe:   48 8b 00 48 89 85 18 ff ff ff 48 89 45 80 e9 bf
0x00007fff3f71180e:   f4 ff ff 48 8b 08 48 89 8d 18 ff ff ff 48 89 4d 

Register to memory mapping:

RAX=0x0000000000000000 is an unknown value
RBX=0x0000000000000832 is an unknown value
RCX=0x00007fff3f7117fe: gleRunVertexSubmitImmediate+0x19ce in /System/Library/Frameworks/OpenGL.framework/Versions/A/Resources/GLEngine.bundle/GLEngine at 0x00007fff3f5e7000
RDX=0x00007fff3f712b94: gleRunVertexSubmitImmediate+0x2d64 in /System/Library/Frameworks/OpenGL.framework/Versions/A/Resources/GLEngine.bundle/GLEngine at 0x00007fff3f5e7000
RSP=0x000070000bcef1a0 is pointing into the stack for thread: 0x00007fdeb8a8b800
RBP=0x000070000bcef340 is pointing into the stack for thread: 0x00007fdeb8a8b800
RSI=0x0000000000000027 is an unknown value
RDI=0x0000000000000002 is an unknown value
R8 =0x0000000000000005 is an unknown value
R9 =0x00007fdebc7916a0 is an unknown value
R10=0x0000000000000006 is an unknown value
R11=0x000000010640108b is an unknown value
R12=0x0000000000000010 is an unknown value
R13=0x0000000000000001 is an unknown value
R14=0x0000000000000002 is an unknown value
R15=0x0000083200845804 is an unknown value


Stack: [0x000070000bbf1000,0x000070000bcf1000],  sp=0x000070000bcef1a0,  free space=1016k
Native frames: (J=compiled Java code, j=interpreted, Vv=VM code, C=native code)
C  [GLEngine+0x12a7fe]  gleRunVertexSubmitImmediate+0x19ce
C  [GLEngine+0xaabdd]  glDrawElements_GL3Exec+0x2b8
C  [libjogl_desktop.jnilib+0x286d1]  Java_jogamp_opengl_gl4_GL4bcImpl_dispatch_1glDrawElements1__IIIJJ+0x41
j  jogamp.opengl.gl4.GL4bcImpl.dispatch_glDrawElements1(IIIJJ)V+0
j  jogamp.opengl.gl4.GL4bcImpl.glDrawElements(IIIJ)V+53
j  viewer.Mesh.render(Lcom/jogamp/opengl/GL4;)V+53
j  viewer.Renderer.display(Lcom/jogamp/opengl/GLAutoDrawable;)V+526
j  jogamp.opengl.GLDrawableHelper.displayImpl(Lcom/jogamp/opengl/GLAutoDrawable;)V+62
j  jogamp.opengl.GLDrawableHelper.display(Lcom/jogamp/opengl/GLAutoDrawable;)V+2
j  com.jogamp.opengl.awt.GLCanvas$11.run()V+118
j  jogamp.opengl.GLDrawableHelper.invokeGLImpl(Lcom/jogamp/opengl/GLDrawable;Lcom/jogamp/opengl/GLContext;Ljava/lang/Runnable;Ljava/lang/Runnable;)V+203
j  jogamp.opengl.GLDrawableHelper.invokeGL(Lcom/jogamp/opengl/GLDrawable;Lcom/jogamp/opengl/GLContext;Ljava/lang/Runnable;Ljava/lang/Runnable;)V+72
j  com.jogamp.opengl.awt.GLCanvas$12.run()V+104
J 1339 C1 java.awt.event.InvocationEvent.dispatch()V (69 bytes) @ 0x0000000110d28f0c [0x0000000110d28dc0+0x14c]
J 1230 C1 java.awt.EventQueue.dispatchEventImpl(Ljava/awt/AWTEvent;Ljava/lang/Object;)V (149 bytes) @ 0x0000000110cd04b4 [0x0000000110cce9c0+0x1af4]
J 1311 C1 java.awt.EventQueue$3.run()Ljava/lang/Void; (60 bytes) @ 0x0000000110cfa054 [0x0000000110cf9e40+0x214]
J 1158 C1 java.awt.EventQueue$3.run()Ljava/lang/Object; (5 bytes) @ 0x0000000110c9aecc [0x0000000110c9ae40+0x8c]
v  ~StubRoutines::call_stub
V  [libjvm.dylib+0x2ee9aa]  JavaCalls::call_helper(JavaValue*, methodHandle*, JavaCallArguments*, Thread*)+0x6ae
V  [libjvm.dylib+0x34f108]  JVM_DoPrivileged+0x4b8
J 1034  java.security.AccessController.doPrivileged(Ljava/security/PrivilegedAction;Ljava/security/AccessControlContext;)Ljava/lang/Object; (0 bytes) @ 0x0000000110c66595 [0x0000000110c664c0+0xd5]
J 1157 C1 java.awt.EventQueue.dispatchEvent(Ljava/awt/AWTEvent;)V (80 bytes) @ 0x0000000110ca122c [0x0000000110ca0880+0x9ac]
J 1232 C1 java.awt.EventDispatchThread.pumpOneEventForFilters(I)V (295 bytes) @ 0x0000000110cc83fc [0x0000000110cc6880+0x1b7c]
j  java.awt.EventDispatchThread.pumpEventsForFilter(ILjava/awt/Conditional;Ljava/awt/EventFilter;)V+35
j  java.awt.EventDispatchThread.pumpEventsForHierarchy(ILjava/awt/Conditional;Ljava/awt/Component;)V+11
j  java.awt.EventDispatchThread.pumpEvents(ILjava/awt/Conditional;)V+4
j  java.awt.EventDispatchThread.pumpEvents(Ljava/awt/Conditional;)V+3
j  java.awt.EventDispatchThread.run()V+9
v  ~StubRoutines::call_stub
V  [libjvm.dylib+0x2ee9aa]  JavaCalls::call_helper(JavaValue*, methodHandle*, JavaCallArguments*, Thread*)+0x6ae
V  [libjvm.dylib+0x2ef14e]  JavaCalls::call_virtual(JavaValue*, KlassHandle, Symbol*, Symbol*, JavaCallArguments*, Thread*)+0x164
V  [libjvm.dylib+0x2ef2fa]  JavaCalls::call_virtual(JavaValue*, Handle, KlassHandle, Symbol*, Symbol*, Thread*)+0x4a
V  [libjvm.dylib+0x349a51]  thread_entry(JavaThread*, Thread*)+0x7c
V  [libjvm.dylib+0x56c173]  JavaThread::thread_main_inner()+0x9b
V  [libjvm.dylib+0x56d860]  JavaThread::run()+0x1c2
V  [libjvm.dylib+0x48bbb2]  java_start(Thread*)+0xf6
C  [libsystem_pthread.dylib+0x6109]  _pthread_start+0x94
C  [libsystem_pthread.dylib+0x1b8b]  thread_start+0xf
C  0x0000000000000000

Java frames: (J=compiled Java code, j=interpreted, Vv=VM code)
j  jogamp.opengl.gl4.GL4bcImpl.dispatch_glDrawElements1(IIIJJ)V+0
j  jogamp.opengl.gl4.GL4bcImpl.glDrawElements(IIIJ)V+53
j  viewer.Mesh.render(Lcom/jogamp/opengl/GL4;)V+53
j  viewer.Renderer.display(Lcom/jogamp/opengl/GLAutoDrawable;)V+526
j  jogamp.opengl.GLDrawableHelper.displayImpl(Lcom/jogamp/opengl/GLAutoDrawable;)V+62
j  jogamp.opengl.GLDrawableHelper.display(Lcom/jogamp/opengl/GLAutoDrawable;)V+2
j  com.jogamp.opengl.awt.GLCanvas$11.run()V+118
j  jogamp.opengl.GLDrawableHelper.invokeGLImpl(Lcom/jogamp/opengl/GLDrawable;Lcom/jogamp/opengl/GLContext;Ljava/lang/Runnable;Ljava/lang/Runnable;)V+203
j  jogamp.opengl.GLDrawableHelper.invokeGL(Lcom/jogamp/opengl/GLDrawable;Lcom/jogamp/opengl/GLContext;Ljava/lang/Runnable;Ljava/lang/Runnable;)V+72
j  com.jogamp.opengl.awt.GLCanvas$12.run()V+104
J 1339 C1 java.awt.event.InvocationEvent.dispatch()V (69 bytes) @ 0x0000000110d28f0c [0x0000000110d28dc0+0x14c]
J 1230 C1 java.awt.EventQueue.dispatchEventImpl(Ljava/awt/AWTEvent;Ljava/lang/Object;)V (149 bytes) @ 0x0000000110cd04b4 [0x0000000110cce9c0+0x1af4]
J 1311 C1 java.awt.EventQueue$3.run()Ljava/lang/Void; (60 bytes) @ 0x0000000110cfa054 [0x0000000110cf9e40+0x214]
J 1158 C1 java.awt.EventQueue$3.run()Ljava/lang/Object; (5 bytes) @ 0x0000000110c9aecc [0x0000000110c9ae40+0x8c]
v  ~StubRoutines::call_stub
J 1034  java.security.AccessController.doPrivileged(Ljava/security/PrivilegedAction;Ljava/security/AccessControlContext;)Ljava/lang/Object; (0 bytes) @ 0x0000000110c66523 [0x0000000110c664c0+0x63]
J 1157 C1 java.awt.EventQueue.dispatchEvent(Ljava/awt/AWTEvent;)V (80 bytes) @ 0x0000000110ca122c [0x0000000110ca0880+0x9ac]
J 1232 C1 java.awt.EventDispatchThread.pumpOneEventForFilters(I)V (295 bytes) @ 0x0000000110cc83fc [0x0000000110cc6880+0x1b7c]
j  java.awt.EventDispatchThread.pumpEventsForFilter(ILjava/awt/Conditional;Ljava/awt/EventFilter;)V+35
j  java.awt.EventDispatchThread.pumpEventsForHierarchy(ILjava/awt/Conditional;Ljava/awt/Component;)V+11
j  java.awt.EventDispatchThread.pumpEvents(ILjava/awt/Conditional;)V+4
j  java.awt.EventDispatchThread.pumpEvents(Ljava/awt/Conditional;)V+3
j  java.awt.EventDispatchThread.run()V+9
v  ~StubRoutines::call_stub

---------------  P R O C E S S  ---------------

Java Threads: ( => current thread )
  0x00007fdeb8107000 JavaThread "TimerQueue" daemon [_thread_blocked, id=31523, stack(0x000070000befd000,0x000070000bffd000)]
  0x00007fdeb8174000 JavaThread "DestroyJavaVM" [_thread_blocked, id=3843, stack(0x000070000a82f000,0x000070000a92f000)]
  0x00007fdeb91e4000 JavaThread "main-FPSAWTAnimator#00-Timer0" [_thread_blocked, id=55827, stack(0x000070000bcf4000,0x000070000bdf4000)]
=>0x00007fdeb8a8b800 JavaThread "AWT-EventQueue-0" [_thread_in_native, id=52227, stack(0x000070000bbf1000,0x000070000bcf1000)]
  0x00007fdeb8a86800 JavaThread "Java2D Disposer" daemon [_thread_blocked, id=79379, stack(0x000070000baee000,0x000070000bbee000)]
  0x00007fdeb89e7800 JavaThread "Java2D Queue Flusher" daemon [_thread_blocked, id=48399, stack(0x000070000b9eb000,0x000070000baeb000)]
  0x00007fdeb79c4000 JavaThread "AWT-Shutdown" [_thread_blocked, id=38427, stack(0x000070000b7e2000,0x000070000b8e2000)]
  0x00007fdeb79cb000 JavaThread "AWT-AppKit" daemon [_thread_blocked, id=775, stack(0x00007ffee7486000,0x00007ffee7c86000)]
  0x00007fdeb900d000 JavaThread "Service Thread" daemon [_thread_blocked, id=14083, stack(0x000070000b559000,0x000070000b659000)]
  0x00007fdeb900e800 JavaThread "C1 CompilerThread2" daemon [_thread_blocked, id=17923, stack(0x000070000b456000,0x000070000b556000)]
  0x00007fdeb7834000 JavaThread "C2 CompilerThread1" daemon [_thread_blocked, id=13827, stack(0x000070000b353000,0x000070000b453000)]
  0x00007fdeb7831800 JavaThread "C2 CompilerThread0" daemon [_thread_blocked, id=13571, stack(0x000070000b250000,0x000070000b350000)]
  0x00007fdeb7831000 JavaThread "Signal Dispatcher" daemon [_thread_blocked, id=18947, stack(0x000070000b14d000,0x000070000b24d000)]
  0x00007fdeb8830800 JavaThread "Finalizer" daemon [_thread_blocked, id=21251, stack(0x000070000af44000,0x000070000b044000)]
  0x00007fdeb882d800 JavaThread "Reference Handler" daemon [_thread_blocked, id=21507, stack(0x000070000ae41000,0x000070000af41000)]

Other Threads:
  0x00007fdeb8829000 VMThread [stack: 0x000070000ad3e000,0x000070000ae3e000] [id=11267]
  0x00007fdeb886c000 WatcherThread [stack: 0x000070000b65c000,0x000070000b75c000] [id=17411]

VM state:not at safepoint (normal execution)

VM Mutex/Monitor currently owned by a thread: None

Heap:
 PSYoungGen      total 439808K, used 12736K [0x0000000795580000, 0x00000007b1500000, 0x00000007c0000000)
  eden space 424448K, 3% used [0x0000000795580000,0x00000007961f02e8,0x00000007af400000)
  from space 15360K, 0% used [0x00000007b0400000,0x00000007b0400000,0x00000007b1300000)
  to   space 16384K, 0% used [0x00000007af400000,0x00000007af400000,0x00000007b0400000)
 ParOldGen       total 51200K, used 6377K [0x0000000740000000, 0x0000000743200000, 0x0000000795580000)
  object space 51200K, 12% used [0x0000000740000000,0x000000074063a550,0x0000000743200000)
 Metaspace       used 21394K, capacity 21826K, committed 22064K, reserved 1069056K
  class space    used 2210K, capacity 2337K, committed 2432K, reserved 1048576K

Card table byte_map: [0x0000000109ba7000,0x0000000109fa8000] byte_map_base: 0x00000001061a7000

Marking Bits: (ParMarkBitMap*) 0x00000001090f35d0
 Begin Bits: [0x000000010a253000, 0x000000010c253000)
 End Bits:   [0x000000010c253000, 0x000000010e253000)

Polling page: 0x0000000107fe8000

CodeCache: size=245760Kb used=8145Kb max_used=8300Kb free=237615Kb
 bounds [0x00000001108ce000, 0x000000011110e000, 0x000000011f8ce000]
 total_blobs=3161 nmethods=2184 adapters=889
 compilation: enabled

Compilation events (10 events):
Event: 22.491 Thread 0x00007fdeb900e800 nmethod 2289 0x0000000110a660d0 code [0x0000000110a66220, 0x0000000110a66370]
Event: 22.491 Thread 0x00007fdeb900e800 2290       3       org.joml.Matrix4f::_m23 (7 bytes)
Event: 22.491 Thread 0x00007fdeb900e800 nmethod 2290 0x0000000110be4e90 code [0x0000000110be4fe0, 0x0000000110be5130]
Event: 22.491 Thread 0x00007fdeb7834000 nmethod 2291 0x000000011101d0d0 code [0x000000011101d200, 0x000000011101d238]
Event: 22.491 Thread 0x00007fdeb900e800 2292       1       org.joml.Matrix4f::properties (5 bytes)
Event: 22.492 Thread 0x00007fdeb900e800 nmethod 2292 0x0000000110c667d0 code [0x0000000110c66920, 0x0000000110c66a30]
Event: 22.492 Thread 0x00007fdeb900e800 2293       3       org.joml.Matrix4f::_m30 (7 bytes)
Event: 22.492 Thread 0x00007fdeb900e800 nmethod 2293 0x0000000110a65090 code [0x0000000110a651e0, 0x0000000110a65330]
Event: 22.492 Thread 0x00007fdeb900e800 2294       3       org.joml.Matrix4f::_m31 (7 bytes)
Event: 22.492 Thread 0x00007fdeb900e800 nmethod 2294 0x0000000110b01710 code [0x0000000110b01860, 0x0000000110b019b0]

GC Heap History (10 events):
Event: 18.597 GC heap before
{Heap before GC invocations=7 (full 0):
 PSYoungGen      total 147968K, used 142130K [0x0000000795580000, 0x000000079f580000, 0x00000007c0000000)
  eden space 133120K, 100% used [0x0000000795580000,0x000000079d780000,0x000000079d780000)
  from space 14848K, 60% used [0x000000079e700000,0x000000079efcc9a8,0x000000079f580000)
  to   space 15360K, 0% used [0x000000079d780000,0x000000079d780000,0x000000079e680000)
 ParOldGen       total 87552K, used 25696K [0x0000000740000000, 0x0000000745580000, 0x0000000795580000)
  object space 87552K, 29% used [0x0000000740000000,0x0000000741918020,0x0000000745580000)
 Metaspace       used 20604K, capacity 20962K, committed 21120K, reserved 1069056K
  class space    used 2182K, capacity 2305K, committed 2432K, reserved 1048576K
Event: 18.620 GC heap after
Heap after GC invocations=7 (full 0):
 PSYoungGen      total 148480K, used 8387K [0x0000000795580000, 0x00000007a7680000, 0x00000007c0000000)
  eden space 133120K, 0% used [0x0000000795580000,0x0000000795580000,0x000000079d780000)
  from space 15360K, 54% used [0x000000079d780000,0x000000079dfb0dc8,0x000000079e680000)
  to   space 14848K, 0% used [0x00000007a6800000,0x00000007a6800000,0x00000007a7680000)
 ParOldGen       total 87552K, used 29279K [0x0000000740000000, 0x0000000745580000, 0x0000000795580000)
  object space 87552K, 33% used [0x0000000740000000,0x0000000741c97d20,0x0000000745580000)
 Metaspace       used 20604K, capacity 20962K, committed 21120K, reserved 1069056K
  class space    used 2182K, capacity 2305K, committed 2432K, reserved 1048576K
}
Event: 18.982 GC heap before
{Heap before GC invocations=8 (full 0):
 PSYoungGen      total 148480K, used 141507K [0x0000000795580000, 0x00000007a7680000, 0x00000007c0000000)
  eden space 133120K, 100% used [0x0000000795580000,0x000000079d780000,0x000000079d780000)
  from space 15360K, 54% used [0x000000079d780000,0x000000079dfb0dc8,0x000000079e680000)
  to   space 14848K, 0% used [0x00000007a6800000,0x00000007a6800000,0x00000007a7680000)
 ParOldGen       total 87552K, used 29279K [0x0000000740000000, 0x0000000745580000, 0x0000000795580000)
  object space 87552K, 33% used [0x0000000740000000,0x0000000741c97d20,0x0000000745580000)
 Metaspace       used 20625K, capacity 21026K, committed 21296K, reserved 1069056K
  class space    used 2182K, capacity 2305K, committed 2432K, reserved 1048576K
Event: 18.991 GC heap after
Heap after GC invocations=8 (full 0):
 PSYoungGen      total 280576K, used 4149K [0x0000000795580000, 0x00000007a7780000, 0x00000007c0000000)
  eden space 265728K, 0% used [0x0000000795580000,0x0000000795580000,0x00000007a5900000)
  from space 14848K, 27% used [0x00000007a6800000,0x00000007a6c0d4c8,0x00000007a7680000)
  to   space 15360K, 0% used [0x00000007a5900000,0x00000007a5900000,0x00000007a6800000)
 ParOldGen       total 87552K, used 30733K [0x0000000740000000, 0x0000000745580000, 0x0000000795580000)
  object space 87552K, 35% used [0x0000000740000000,0x0000000741e034f8,0x0000000745580000)
 Metaspace       used 20625K, capacity 21026K, committed 21296K, reserved 1069056K
  class space    used 2182K, capacity 2305K, committed 2432K, reserved 1048576K
}
Event: 20.849 GC heap before
{Heap before GC invocations=9 (full 0):
 PSYoungGen      total 280576K, used 269877K [0x0000000795580000, 0x00000007a7780000, 0x00000007c0000000)
  eden space 265728K, 100% used [0x0000000795580000,0x00000007a5900000,0x00000007a5900000)
  from space 14848K, 27% used [0x00000007a6800000,0x00000007a6c0d4c8,0x00000007a7680000)
  to   space 15360K, 0% used [0x00000007a5900000,0x00000007a5900000,0x00000007a6800000)
 ParOldGen       total 87552K, used 30733K [0x0000000740000000, 0x0000000745580000, 0x0000000795580000)
  object space 87552K, 35% used [0x0000000740000000,0x0000000741e034f8,0x0000000745580000)
 Metaspace       used 20634K, capacity 21090K, committed 21296K, reserved 1069056K
  class space    used 2182K, capacity 2305K, committed 2432K, reserved 1048576K
Event: 20.864 GC heap after
Heap after GC invocations=9 (full 0):
 PSYoungGen      total 281088K, used 4347K [0x0000000795580000, 0x00000007b1300000, 0x00000007c0000000)
  eden space 265728K, 0% used [0x0000000795580000,0x0000000795580000,0x00000007a5900000)
  from space 15360K, 28% used [0x00000007a5900000,0x00000007a5d3ef48,0x00000007a6800000)
  to   space 15360K, 0% used [0x00000007b0400000,0x00000007b0400000,0x00000007b1300000)
 ParOldGen       total 87552K, used 33838K [0x0000000740000000, 0x0000000745580000, 0x0000000795580000)
  object space 87552K, 38% used [0x0000000740000000,0x000000074210bb90,0x0000000745580000)
 Metaspace       used 20634K, capacity 21090K, committed 21296K, reserved 1069056K
  class space    used 2182K, capacity 2305K, committed 2432K, reserved 1048576K
}
Event: 22.369 GC heap before
{Heap before GC invocations=10 (full 0):
 PSYoungGen      total 281088K, used 177369K [0x0000000795580000, 0x00000007b1300000, 0x00000007c0000000)
  eden space 265728K, 65% used [0x0000000795580000,0x000000079fe776f0,0x00000007a5900000)
  from space 15360K, 28% used [0x00000007a5900000,0x00000007a5d3ef48,0x00000007a6800000)
  to   space 15360K, 0% used [0x00000007b0400000,0x00000007b0400000,0x00000007b1300000)
 ParOldGen       total 87552K, used 33838K [0x0000000740000000, 0x0000000745580000, 0x0000000795580000)
  object space 87552K, 38% used [0x0000000740000000,0x000000074210bb90,0x0000000745580000)
 Metaspace       used 20696K, capacity 21090K, committed 21296K, reserved 1069056K
  class space    used 2184K, capacity 2305K, committed 2432K, reserved 1048576K
Event: 22.371 GC heap after
Heap after GC invocations=10 (full 0):
 PSYoungGen      total 439808K, used 276K [0x0000000795580000, 0x00000007b1500000, 0x00000007c0000000)
  eden space 424448K, 0% used [0x0000000795580000,0x0000000795580000,0x00000007af400000)
  from space 15360K, 1% used [0x00000007b0400000,0x00000007b0445388,0x00000007b1300000)
  to   space 16384K, 0% used [0x00000007af400000,0x00000007af400000,0x00000007b0400000)
 ParOldGen       total 87552K, used 33862K [0x0000000740000000, 0x0000000745580000, 0x0000000795580000)
  object space 87552K, 38% used [0x0000000740000000,0x0000000742111b90,0x0000000745580000)
 Metaspace       used 20696K, capacity 21090K, committed 21296K, reserved 1069056K
  class space    used 2184K, capacity 2305K, committed 2432K, reserved 1048576K
}
Event: 22.371 GC heap before
{Heap before GC invocations=11 (full 1):
 PSYoungGen      total 439808K, used 276K [0x0000000795580000, 0x00000007b1500000, 0x00000007c0000000)
  eden space 424448K, 0% used [0x0000000795580000,0x0000000795580000,0x00000007af400000)
  from space 15360K, 1% used [0x00000007b0400000,0x00000007b0445388,0x00000007b1300000)
  to   space 16384K, 0% used [0x00000007af400000,0x00000007af400000,0x00000007b0400000)
 ParOldGen       total 87552K, used 33862K [0x0000000740000000, 0x0000000745580000, 0x0000000795580000)
  object space 87552K, 38% used [0x0000000740000000,0x0000000742111b90,0x0000000745580000)
 Metaspace       used 20696K, capacity 21090K, committed 21296K, reserved 1069056K
  class space    used 2184K, capacity 2305K, committed 2432K, reserved 1048576K
Event: 22.413 GC heap after
Heap after GC invocations=11 (full 1):
 PSYoungGen      total 439808K, used 0K [0x0000000795580000, 0x00000007b1500000, 0x00000007c0000000)
  eden space 424448K, 0% used [0x0000000795580000,0x0000000795580000,0x00000007af400000)
  from space 15360K, 0% used [0x00000007b0400000,0x00000007b0400000,0x00000007b1300000)
  to   space 16384K, 0% used [0x00000007af400000,0x00000007af400000,0x00000007b0400000)
 ParOldGen       total 51200K, used 6377K [0x0000000740000000, 0x0000000743200000, 0x0000000795580000)
  object space 51200K, 12% used [0x0000000740000000,0x000000074063a550,0x0000000743200000)
 Metaspace       used 20696K, capacity 21090K, committed 21296K, reserved 1069056K
  class space    used 2184K, capacity 2305K, committed 2432K, reserved 1048576K
}

Deoptimization events (10 events):
Event: 18.797 Thread 0x00007fdeb8a8b800 Uncommon trap: reason=unstable_if action=reinterpret pc=0x000000011105daec method=viewer.objutil.ObjFaceParser.getTexCoordIndices()[I @ 4
Event: 18.815 Thread 0x00007fdeb8a8b800 Uncommon trap: reason=unstable_if action=reinterpret pc=0x0000000110ff76f0 method=viewer.objutil.DefaultObjFace.containsTexCoordIndices()Z @ 4
Event: 18.815 Thread 0x00007fdeb8a8b800 Uncommon trap: reason=unstable_if action=reinterpret pc=0x0000000110f764d0 method=viewer.objutil.DefaultObjFace.containsTexCoordIndices()Z @ 4
Event: 18.815 Thread 0x00007fdeb8a8b800 Uncommon trap: reason=unstable_if action=reinterpret pc=0x0000000110f579f4 method=viewer.objutil.DefaultObjFace.containsTexCoordIndices()Z @ 4
Event: 18.815 Thread 0x00007fdeb8a8b800 Uncommon trap: reason=unstable_if action=reinterpret pc=0x0000000110fe0138 method=viewer.objutil.DefaultObjFace.containsTexCoordIndices()Z @ 4
Event: 18.818 Thread 0x00007fdeb8a8b800 Uncommon trap: reason=unstable_if action=reinterpret pc=0x0000000110f76fe0 method=viewer.objutil.DefaultObjFace.containsTexCoordIndices()Z @ 4
Event: 18.823 Thread 0x00007fdeb8a8b800 Uncommon trap: reason=predicate action=maybe_recompile pc=0x0000000111044000 method=viewer.objutil.ObjUtils.makeVertexIndexed(Lviewer/objutil/ReadableObj;Lviewer/objutil/WritableObj;)Lviewer/objutil/WritableObj; @ 106
Event: 18.823 Thread 0x00007fdeb8a8b800 Uncommon trap: reason=predicate action=maybe_recompile pc=0x000000011102b5bc method=viewer.objutil.ObjUtils.makeVertexIndexed(Lviewer/objutil/ReadableObj;Lviewer/objutil/WritableObj;)Lviewer/objutil/WritableObj; @ 106
Event: 18.833 Thread 0x00007fdeb8a8b800 Uncommon trap: reason=unstable_if action=reinterpret pc=0x000000011100bb5c method=viewer.objutil.DefaultObjFace.containsTexCoordIndices()Z @ 4
Event: 18.838 Thread 0x00007fdeb8a8b800 Uncommon trap: reason=unstable_if action=reinterpret pc=0x0000000110fea680 method=viewer.objutil.DefaultObjFace.containsTexCoordIndices()Z @ 4

Internal exceptions (10 events):
Event: 15.202 Thread 0x00007fdeb8a8b800 Exception <a 'java/lang/NoSuchMethodError': java.lang.Object.lambda$static$0(Ljava/lang/String;)Ljava/lang/Boolean;> (0x000000079689d088) thrown at [/Users/java_re/workspace/8-2-build-macosx-x86_64/jdk8u151/9699/hotspot/src/share/vm/interpreter/linkResolv
Event: 15.270 Thread 0x00007fdeb8a8b800 Exception <a 'sun/nio/fs/UnixException'> (0x0000000796986130) thrown at [/Users/java_re/workspace/8-2-build-macosx-x86_64/jdk8u151/9699/hotspot/src/share/vm/prims/jni.cpp, line 709]
Event: 15.324 Thread 0x00007fdeb8a8b800 Exception <a 'sun/nio/fs/UnixException'> (0x00000007969f5d58) thrown at [/Users/java_re/workspace/8-2-build-macosx-x86_64/jdk8u151/9699/hotspot/src/share/vm/prims/jni.cpp, line 709]
Event: 16.852 Thread 0x00007fdeb8a8b800 Implicit null exception at 0x0000000110f94ecd to 0x0000000110f96195
Event: 18.796 Thread 0x00007fdeb8a8b800 Implicit null exception at 0x0000000110f533ac to 0x0000000110f53485
Event: 18.818 Thread 0x00007fdeb8a8b800 Implicit null exception at 0x0000000110f76ba5 to 0x0000000110f76fc9
Event: 18.823 Thread 0x00007fdeb8a8b800 Implicit null exception at 0x0000000111042ebc to 0x0000000111043fd9
Event: 18.823 Thread 0x00007fdeb8a8b800 Implicit null exception at 0x000000011102a4de to 0x000000011102b592
Event: 18.833 Thread 0x00007fdeb8a8b800 Implicit null exception at 0x0000000111009c00 to 0x000000011100bb39
Event: 18.838 Thread 0x00007fdeb8a8b800 Implicit null exception at 0x0000000110fe84d7 to 0x0000000110fea641

Events (10 events):
Event: 22.459 loading class org/joml/Vector3i
Event: 22.459 loading class org/joml/Vector3i done
Event: 22.459 loading class org/joml/Vector3ic
Event: 22.459 loading class org/joml/Vector3ic done
Event: 22.462 loading class org/joml/Quaternionf
Event: 22.462 loading class org/joml/Quaternionf done
Event: 22.464 loading class org/joml/Quaternionfc
Event: 22.464 loading class org/joml/Quaternionfc done
Event: 22.466 loading class org/joml/Vector4dc
Event: 22.466 loading class org/joml/Vector4dc done


Dynamic libraries:
0x0000000007994000 	/System/Library/Frameworks/Cocoa.framework/Versions/A/Cocoa
0x0000000007994000 	/System/Library/Frameworks/Security.framework/Versions/A/Security
0x0000000007994000 	/System/Library/Frameworks/ApplicationServices.framework/Versions/A/ApplicationServices
0x0000000007994000 	/usr/lib/libz.1.dylib
0x0000000007994000 	/usr/lib/libSystem.B.dylib
0x0000000007994000 	/usr/lib/libobjc.A.dylib
0x0000000007994000 	/System/Library/Frameworks/CoreFoundation.framework/Versions/A/CoreFoundation
0x0000000007994000 	/System/Library/Frameworks/Foundation.framework/Versions/C/Foundation
0x0000000007994000 	/System/Library/Frameworks/AppKit.framework/Versions/C/AppKit
0x0000000007994000 	/System/Library/Frameworks/CoreData.framework/Versions/A/CoreData
0x0000000007994000 	/System/Library/PrivateFrameworks/UIFoundation.framework/Versions/A/UIFoundation
0x0000000007994000 	/System/Library/PrivateFrameworks/RemoteViewServices.framework/Versions/A/RemoteViewServices
0x0000000007994000 	/System/Library/PrivateFrameworks/XCTTargetBootstrap.framework/Versions/A/XCTTargetBootstrap
0x0000000007994000 	/System/Library/Frameworks/CoreDisplay.framework/Versions/A/CoreDisplay
0x0000000007994000 	/System/Library/Frameworks/Metal.framework/Versions/A/Metal
0x0000000007994000 	/System/Library/PrivateFrameworks/DesktopServicesPriv.framework/Versions/A/DesktopServicesPriv
0x0000000007994000 	/usr/lib/liblangid.dylib
0x0000000007994000 	/System/Library/PrivateFrameworks/CoreSVG.framework/Versions/A/CoreSVG
0x0000000007994000 	/System/Library/PrivateFrameworks/SkyLight.framework/Versions/A/SkyLight
0x0000000007994000 	/System/Library/Frameworks/CoreGraphics.framework/Versions/A/CoreGraphics
0x0000000007994000 	/System/Library/Frameworks/Accelerate.framework/Versions/A/Accelerate
0x0000000007994000 	/usr/lib/libxml2.2.dylib
0x0000000007994000 	/System/Library/PrivateFrameworks/IconServices.framework/Versions/A/IconServices
0x0000000007994000 	/System/Library/Frameworks/IOSurface.framework/Versions/A/IOSurface
0x0000000007994000 	/usr/lib/libDiagnosticMessagesClient.dylib
0x0000000007994000 	/System/Library/PrivateFrameworks/DFRFoundation.framework/Versions/A/DFRFoundation
0x0000000007994000 	/usr/lib/libicucore.A.dylib
0x0000000007994000 	/System/Library/Frameworks/AudioToolbox.framework/Versions/A/AudioToolbox
0x0000000007994000 	/System/Library/Frameworks/AudioUnit.framework/Versions/A/AudioUnit
0x0000000007994000 	/usr/lib/libauto.dylib
0x0000000007994000 	/System/Library/PrivateFrameworks/DataDetectorsCore.framework/Versions/A/DataDetectorsCore
0x0000000007994000 	/System/Library/Frameworks/Carbon.framework/Versions/A/Frameworks/HIToolbox.framework/Versions/A/HIToolbox
0x0000000007994000 	/System/Library/Frameworks/QuartzCore.framework/Versions/A/QuartzCore
0x0000000007994000 	/System/Library/Frameworks/Carbon.framework/Versions/A/Frameworks/SpeechRecognition.framework/Versions/A/SpeechRecognition
0x0000000007994000 	/System/Library/PrivateFrameworks/CoreUI.framework/Versions/A/CoreUI
0x0000000007994000 	/System/Library/Frameworks/CoreAudio.framework/Versions/A/CoreAudio
0x0000000007994000 	/System/Library/Frameworks/DiskArbitration.framework/Versions/A/DiskArbitration
0x0000000007994000 	/System/Library/PrivateFrameworks/MultitouchSupport.framework/Versions/A/MultitouchSupport
0x0000000007994000 	/usr/lib/libenergytrace.dylib
0x0000000007994000 	/System/Library/Frameworks/IOKit.framework/Versions/A/IOKit
0x0000000007994000 	/System/Library/Frameworks/CoreServices.framework/Versions/A/CoreServices
0x0000000007994000 	/System/Library/PrivateFrameworks/PerformanceAnalysis.framework/Versions/A/PerformanceAnalysis
0x0000000007994000 	/System/Library/Frameworks/OpenGL.framework/Versions/A/OpenGL
0x0000000007994000 	/System/Library/Frameworks/ColorSync.framework/Versions/A/ColorSync
0x0000000007994000 	/System/Library/Frameworks/CoreImage.framework/Versions/A/CoreImage
0x0000000007994000 	/System/Library/Frameworks/CoreText.framework/Versions/A/CoreText
0x0000000007994000 	/System/Library/Frameworks/ImageIO.framework/Versions/A/ImageIO
0x0000000007994000 	/usr/lib/libc++.1.dylib
0x0000000007994000 	/usr/lib/libcompression.dylib
0x0000000007994000 	/usr/lib/libMobileGestalt.dylib
0x0000000007994000 	/System/Library/PrivateFrameworks/TextureIO.framework/Versions/A/TextureIO
0x0000000007994000 	/usr/lib/libate.dylib
0x0000000007994000 	/System/Library/PrivateFrameworks/InternationalSupport.framework/Versions/A/InternationalSupport
0x0000000007994000 	/usr/lib/system/libcache.dylib
0x0000000007994000 	/usr/lib/system/libcommonCrypto.dylib
0x0000000007994000 	/usr/lib/system/libcompiler_rt.dylib
0x0000000007994000 	/usr/lib/system/libcopyfile.dylib
0x0000000007994000 	/usr/lib/system/libcorecrypto.dylib
0x0000000007994000 	/usr/lib/system/libdispatch.dylib
0x0000000007994000 	/usr/lib/system/libdyld.dylib
0x0000000007994000 	/usr/lib/system/libkeymgr.dylib
0x0000000007994000 	/usr/lib/system/liblaunch.dylib
0x0000000007994000 	/usr/lib/system/libmacho.dylib
0x0000000007994000 	/usr/lib/system/libquarantine.dylib
0x0000000007994000 	/usr/lib/system/libremovefile.dylib
0x0000000007994000 	/usr/lib/system/libsystem_asl.dylib
0x0000000007994000 	/usr/lib/system/libsystem_blocks.dylib
0x0000000007994000 	/usr/lib/system/libsystem_c.dylib
0x0000000007994000 	/usr/lib/system/libsystem_configuration.dylib
0x0000000007994000 	/usr/lib/system/libsystem_coreservices.dylib
0x0000000007994000 	/usr/lib/system/libsystem_darwin.dylib
0x0000000007994000 	/usr/lib/system/libsystem_dnssd.dylib
0x0000000007994000 	/usr/lib/system/libsystem_featureflags.dylib
0x0000000007994000 	/usr/lib/system/libsystem_info.dylib
0x0000000007994000 	/usr/lib/system/libsystem_m.dylib
0x0000000007994000 	/usr/lib/system/libsystem_malloc.dylib
0x0000000007994000 	/usr/lib/system/libsystem_networkextension.dylib
0x0000000007994000 	/usr/lib/system/libsystem_notify.dylib
0x0000000007994000 	/usr/lib/system/libsystem_sandbox.dylib
0x0000000007994000 	/usr/lib/system/libsystem_secinit.dylib
0x0000000007994000 	/usr/lib/system/libsystem_kernel.dylib
0x0000000007994000 	/usr/lib/system/libsystem_platform.dylib
0x0000000007994000 	/usr/lib/system/libsystem_pthread.dylib
0x0000000007994000 	/usr/lib/system/libsystem_symptoms.dylib
0x0000000007994000 	/usr/lib/system/libsystem_trace.dylib
0x0000000007994000 	/usr/lib/system/libunwind.dylib
0x0000000007994000 	/usr/lib/system/libxpc.dylib
0x0000000007994000 	/usr/lib/libc++abi.dylib
0x0000000007994000 	/usr/lib/liblzma.5.dylib
0x0000000007994000 	/usr/lib/libfakelink.dylib
0x0000000007994000 	/usr/lib/libarchive.2.dylib
0x0000000007994000 	/System/Library/Frameworks/SystemConfiguration.framework/Versions/A/SystemConfiguration
0x0000000007994000 	/usr/lib/libCRFSuite.dylib
0x0000000007994000 	/System/Library/Frameworks/CFNetwork.framework/Versions/A/CFNetwork
0x0000000007994000 	/usr/lib/libbsm.0.dylib
0x0000000007994000 	/usr/lib/system/libkxld.dylib
0x0000000007994000 	/System/Library/PrivateFrameworks/AppleFSCompression.framework/Versions/A/AppleFSCompression
0x0000000007994000 	/usr/lib/libcoretls.dylib
0x0000000007994000 	/usr/lib/libcoretls_cfhelpers.dylib
0x0000000007994000 	/usr/lib/libpam.2.dylib
0x0000000007994000 	/usr/lib/libsqlite3.dylib
0x0000000007994000 	/usr/lib/libxar.1.dylib
0x0000000007994000 	/usr/lib/libbz2.1.0.dylib
0x0000000007994000 	/usr/lib/libiconv.2.dylib
0x0000000007994000 	/usr/lib/libcharset.1.dylib
0x0000000007994000 	/usr/lib/libnetwork.dylib
0x0000000007994000 	/usr/lib/libpcap.A.dylib
0x0000000007994000 	/usr/lib/libapple_nghttp2.dylib
0x0000000007994000 	/System/Library/Frameworks/CoreServices.framework/Versions/A/Frameworks/FSEvents.framework/Versions/A/FSEvents
0x0000000007994000 	/System/Library/Frameworks/CoreServices.framework/Versions/A/Frameworks/CarbonCore.framework/Versions/A/CarbonCore
0x0000000007994000 	/System/Library/Frameworks/CoreServices.framework/Versions/A/Frameworks/Metadata.framework/Versions/A/Metadata
0x0000000007994000 	/System/Library/Frameworks/CoreServices.framework/Versions/A/Frameworks/OSServices.framework/Versions/A/OSServices
0x0000000007994000 	/System/Library/Frameworks/CoreServices.framework/Versions/A/Frameworks/SearchKit.framework/Versions/A/SearchKit
0x0000000007994000 	/System/Library/Frameworks/CoreServices.framework/Versions/A/Frameworks/AE.framework/Versions/A/AE
0x0000000007994000 	/System/Library/Frameworks/CoreServices.framework/Versions/A/Frameworks/LaunchServices.framework/Versions/A/LaunchServices
0x0000000007994000 	/System/Library/Frameworks/CoreServices.framework/Versions/A/Frameworks/DictionaryServices.framework/Versions/A/DictionaryServices
0x0000000007994000 	/System/Library/Frameworks/CoreServices.framework/Versions/A/Frameworks/SharedFileList.framework/Versions/A/SharedFileList
0x0000000007994000 	/System/Library/Frameworks/NetFS.framework/Versions/A/NetFS
0x0000000007994000 	/System/Library/PrivateFrameworks/NetAuth.framework/Versions/A/NetAuth
0x0000000007994000 	/System/Library/PrivateFrameworks/login.framework/Versions/A/Frameworks/loginsupport.framework/Versions/A/loginsupport
0x0000000007994000 	/System/Library/PrivateFrameworks/TCC.framework/Versions/A/TCC
0x0000000007994000 	/System/Library/PrivateFrameworks/CoreNLP.framework/Versions/A/CoreNLP
0x0000000007994000 	/System/Library/PrivateFrameworks/MetadataUtilities.framework/Versions/A/MetadataUtilities
0x0000000007994000 	/usr/lib/libmecabra.dylib
0x0000000007994000 	/usr/lib/libmecab.dylib
0x0000000007994000 	/usr/lib/libgermantok.dylib
0x0000000007994000 	/usr/lib/libThaiTokenizer.dylib
0x0000000007994000 	/usr/lib/libChineseTokenizer.dylib
0x0000000007994000 	/System/Library/Frameworks/Accelerate.framework/Versions/A/Frameworks/vImage.framework/Versions/A/vImage
0x0000000007994000 	/System/Library/Frameworks/Accelerate.framework/Versions/A/Frameworks/vecLib.framework/Versions/A/vecLib
0x0000000007994000 	/System/Library/Frameworks/Accelerate.framework/Versions/A/Frameworks/vecLib.framework/Versions/A/libvMisc.dylib
0x0000000007994000 	/System/Library/Frameworks/Accelerate.framework/Versions/A/Frameworks/vecLib.framework/Versions/A/libvDSP.dylib
0x0000000007994000 	/System/Library/Frameworks/Accelerate.framework/Versions/A/Frameworks/vecLib.framework/Versions/A/libBLAS.dylib
0x0000000007994000 	/System/Library/Frameworks/Accelerate.framework/Versions/A/Frameworks/vecLib.framework/Versions/A/libLAPACK.dylib
0x0000000007994000 	/System/Library/Frameworks/Accelerate.framework/Versions/A/Frameworks/vecLib.framework/Versions/A/libLinearAlgebra.dylib
0x0000000007994000 	/System/Library/Frameworks/Accelerate.framework/Versions/A/Frameworks/vecLib.framework/Versions/A/libSparseBLAS.dylib
0x0000000007994000 	/System/Library/Frameworks/Accelerate.framework/Versions/A/Frameworks/vecLib.framework/Versions/A/libQuadrature.dylib
0x0000000007994000 	/System/Library/Frameworks/Accelerate.framework/Versions/A/Frameworks/vecLib.framework/Versions/A/libBNNS.dylib
0x0000000007994000 	/System/Library/Frameworks/Accelerate.framework/Versions/A/Frameworks/vecLib.framework/Versions/A/libSparse.dylib
0x0000000007994000 	/System/Library/PrivateFrameworks/LanguageModeling.framework/Versions/A/LanguageModeling
0x0000000007994000 	/System/Library/PrivateFrameworks/CoreEmoji.framework/Versions/A/CoreEmoji
0x0000000007994000 	/System/Library/PrivateFrameworks/LinguisticData.framework/Versions/A/LinguisticData
0x0000000007994000 	/System/Library/PrivateFrameworks/Lexicon.framework/Versions/A/Lexicon
0x0000000007994000 	/usr/lib/libcmph.dylib
0x0000000007994000 	/System/Library/Frameworks/OpenDirectory.framework/Versions/A/Frameworks/CFOpenDirectory.framework/Versions/A/CFOpenDirectory
0x0000000007994000 	/System/Library/Frameworks/OpenDirectory.framework/Versions/A/OpenDirectory
0x0000000007994000 	/System/Library/PrivateFrameworks/APFS.framework/Versions/A/APFS
0x0000000007994000 	/System/Library/Frameworks/SecurityFoundation.framework/Versions/A/SecurityFoundation
0x0000000007994000 	/usr/lib/libutil.dylib
0x0000000007994000 	/System/Library/PrivateFrameworks/CoreServicesStore.framework/Versions/A/CoreServicesStore
0x0000000007994000 	/System/Library/Frameworks/ServiceManagement.framework/Versions/A/ServiceManagement
0x0000000007994000 	/System/Library/PrivateFrameworks/BackgroundTaskManagement.framework/Versions/A/BackgroundTaskManagement
0x0000000007994000 	/usr/lib/libxslt.1.dylib
0x0000000007994000 	/System/Library/PrivateFrameworks/AppleSystemInfo.framework/Versions/A/AppleSystemInfo
0x0000000007994000 	/System/Library/Frameworks/ImageIO.framework/Versions/A/Resources/libJPEG.dylib
0x0000000007994000 	/System/Library/Frameworks/ImageIO.framework/Versions/A/Resources/libTIFF.dylib
0x0000000007994000 	/System/Library/Frameworks/ImageIO.framework/Versions/A/Resources/libPng.dylib
0x0000000007994000 	/System/Library/Frameworks/ImageIO.framework/Versions/A/Resources/libGIF.dylib
0x0000000007994000 	/System/Library/Frameworks/ImageIO.framework/Versions/A/Resources/libJP2.dylib
0x0000000007994000 	/System/Library/Frameworks/ImageIO.framework/Versions/A/Resources/libRadiance.dylib
0x0000000007994000 	/usr/lib/libexpat.1.dylib
0x0000000007994000 	/System/Library/PrivateFrameworks/AppleJPEG.framework/Versions/A/AppleJPEG
0x0000000007994000 	/System/Library/PrivateFrameworks/FontServices.framework/libFontParser.dylib
0x0000000007994000 	/System/Library/PrivateFrameworks/WatchdogClient.framework/Versions/A/WatchdogClient
0x0000000007994000 	/System/Library/PrivateFrameworks/IOAccelerator.framework/Versions/A/IOAccelerator
0x0000000007994000 	/System/Library/Frameworks/MetalPerformanceShaders.framework/Versions/A/MetalPerformanceShaders
0x0000000007994000 	/System/Library/PrivateFrameworks/GPUWrangler.framework/Versions/A/GPUWrangler
0x0000000007994000 	/System/Library/PrivateFrameworks/IOPresentment.framework/Versions/A/IOPresentment
0x0000000007994000 	/System/Library/PrivateFrameworks/DSExternalDisplay.framework/Versions/A/DSExternalDisplay
0x0000000007994000 	/System/Library/Frameworks/OpenGL.framework/Versions/A/Libraries/libCoreFSCache.dylib
0x0000000007994000 	/System/Library/Frameworks/MetalPerformanceShaders.framework/Frameworks/MPSCore.framework/Versions/A/MPSCore
0x0000000007994000 	/System/Library/Frameworks/MetalPerformanceShaders.framework/Frameworks/MPSImage.framework/Versions/A/MPSImage
0x0000000007994000 	/System/Library/Frameworks/MetalPerformanceShaders.framework/Frameworks/MPSNeuralNetwork.framework/Versions/A/MPSNeuralNetwork
0x0000000007994000 	/System/Library/Frameworks/MetalPerformanceShaders.framework/Frameworks/MPSMatrix.framework/Versions/A/MPSMatrix
0x0000000007994000 	/System/Library/Frameworks/MetalPerformanceShaders.framework/Frameworks/MPSRayIntersector.framework/Versions/A/MPSRayIntersector
0x0000000007994000 	/System/Library/Frameworks/MetalPerformanceShaders.framework/Frameworks/MPSNDArray.framework/Versions/A/MPSNDArray
0x0000000007994000 	/System/Library/PrivateFrameworks/MetalTools.framework/Versions/A/MetalTools
0x0000000007994000 	/System/Library/PrivateFrameworks/AggregateDictionary.framework/Versions/A/AggregateDictionary
0x0000000007994000 	/System/Library/PrivateFrameworks/CoreAnalytics.framework/Versions/A/CoreAnalytics
0x0000000007994000 	/System/Library/PrivateFrameworks/AppleSauce.framework/Versions/A/AppleSauce
0x0000000007994000 	/usr/lib/libIOReport.dylib
0x0000000007994000 	/System/Library/Frameworks/CoreVideo.framework/Versions/A/CoreVideo
0x0000000007994000 	/System/Library/PrivateFrameworks/GraphVisualizer.framework/Versions/A/GraphVisualizer
0x0000000007994000 	/System/Library/PrivateFrameworks/FaceCore.framework/Versions/A/FaceCore
0x0000000007994000 	/System/Library/Frameworks/OpenCL.framework/Versions/A/OpenCL
0x0000000007994000 	/usr/lib/libFosl_dynamic.dylib
0x0000000007994000 	/System/Library/PrivateFrameworks/OTSVG.framework/Versions/A/OTSVG
0x0000000007994000 	/System/Library/Frameworks/ApplicationServices.framework/Versions/A/Frameworks/ATS.framework/Versions/A/Resources/libFontRegistry.dylib
0x0000000007994000 	/System/Library/PrivateFrameworks/FontServices.framework/libhvf.dylib
0x0000000007994000 	/System/Library/Frameworks/OpenGL.framework/Versions/A/Libraries/libGFXShared.dylib
0x0000000007994000 	/System/Library/Frameworks/OpenGL.framework/Versions/A/Libraries/libGLU.dylib
0x0000000007994000 	/System/Library/Frameworks/OpenGL.framework/Versions/A/Libraries/libGL.dylib
0x0000000007994000 	/System/Library/Frameworks/OpenGL.framework/Versions/A/Libraries/libGLImage.dylib
0x0000000007994000 	/System/Library/Frameworks/OpenGL.framework/Versions/A/Libraries/libCVMSPluginSupport.dylib
0x0000000007994000 	/System/Library/Frameworks/OpenGL.framework/Versions/A/Libraries/libCoreVMClient.dylib
0x0000000007994000 	/usr/lib/libncurses.5.4.dylib
0x0000000007994000 	/System/Library/Frameworks/ApplicationServices.framework/Versions/A/Frameworks/ATS.framework/Versions/A/ATS
0x0000000007994000 	/System/Library/Frameworks/ApplicationServices.framework/Versions/A/Frameworks/ColorSyncLegacy.framework/Versions/A/ColorSyncLegacy
0x0000000007994000 	/System/Library/Frameworks/ApplicationServices.framework/Versions/A/Frameworks/HIServices.framework/Versions/A/HIServices
0x0000000007994000 	/System/Library/Frameworks/ApplicationServices.framework/Versions/A/Frameworks/LangAnalysis.framework/Versions/A/LangAnalysis
0x0000000007994000 	/System/Library/Frameworks/ApplicationServices.framework/Versions/A/Frameworks/PrintCore.framework/Versions/A/PrintCore
0x0000000007994000 	/System/Library/Frameworks/ApplicationServices.framework/Versions/A/Frameworks/QD.framework/Versions/A/QD
0x0000000007994000 	/System/Library/Frameworks/ApplicationServices.framework/Versions/A/Frameworks/SpeechSynthesis.framework/Versions/A/SpeechSynthesis
0x0000000007994000 	/System/Library/Frameworks/ApplicationServices.framework/Versions/A/Frameworks/ATSUI.framework/Versions/A/ATSUI
0x0000000007994000 	/usr/lib/libcups.2.dylib
0x0000000007994000 	/System/Library/Frameworks/Kerberos.framework/Versions/A/Kerberos
0x0000000007994000 	/System/Library/Frameworks/GSS.framework/Versions/A/GSS
0x0000000007994000 	/usr/lib/libresolv.9.dylib
0x0000000007994000 	/System/Library/PrivateFrameworks/Heimdal.framework/Versions/A/Heimdal
0x0000000007994000 	/System/Library/Frameworks/Kerberos.framework/Versions/A/Libraries/libHeimdalProxy.dylib
0x0000000007994000 	/usr/lib/libheimdal-asn1.dylib
0x0000000007994000 	/System/Library/PrivateFrameworks/CommonAuth.framework/Versions/A/CommonAuth
0x0000000007994000 	/System/Library/PrivateFrameworks/AssertionServices.framework/Versions/A/AssertionServices
0x0000000007994000 	/System/Library/PrivateFrameworks/AudioToolboxCore.framework/Versions/A/AudioToolboxCore
0x0000000007994000 	/System/Library/PrivateFrameworks/caulk.framework/Versions/A/caulk
0x0000000007994000 	/System/Library/PrivateFrameworks/BaseBoard.framework/Versions/A/BaseBoard
0x0000000007994000 	/System/Library/PrivateFrameworks/RunningBoardServices.framework/Versions/A/RunningBoardServices
0x0000000007994000 	/System/Library/PrivateFrameworks/PersistentConnection.framework/Versions/A/PersistentConnection
0x0000000007994000 	/System/Library/PrivateFrameworks/ProtocolBuffer.framework/Versions/A/ProtocolBuffer
0x0000000007994000 	/System/Library/PrivateFrameworks/CommonUtilities.framework/Versions/A/CommonUtilities
0x0000000007994000 	/System/Library/PrivateFrameworks/Bom.framework/Versions/A/Bom
0x0000000007994000 	/usr/lib/libAudioToolboxUtility.dylib
0x0000000007994000 	/System/Library/PrivateFrameworks/Backup.framework/Versions/A/Backup
0x0000000007994000 	/System/Library/PrivateFrameworks/CrashReporterSupport.framework/Versions/A/CrashReporterSupport
0x0000000007994000 	/System/Library/PrivateFrameworks/Sharing.framework/Versions/A/Sharing
0x0000000007994000 	/System/Library/PrivateFrameworks/Apple80211.framework/Versions/A/Apple80211
0x0000000007994000 	/System/Library/PrivateFrameworks/AuthKit.framework/Versions/A/AuthKit
0x0000000007994000 	/System/Library/PrivateFrameworks/CoreUtils.framework/Versions/A/CoreUtils
0x0000000007994000 	/System/Library/Frameworks/CoreWLAN.framework/Versions/A/CoreWLAN
0x0000000007994000 	/System/Library/Frameworks/IOBluetooth.framework/Versions/A/IOBluetooth
0x0000000007994000 	/System/Library/PrivateFrameworks/MobileKeyBag.framework/Versions/A/MobileKeyBag
0x0000000007994000 	/System/Library/PrivateFrameworks/CorePhoneNumbers.framework/Versions/A/CorePhoneNumbers
0x0000000007994000 	/System/Library/PrivateFrameworks/AppleIDAuthSupport.framework/Versions/A/AppleIDAuthSupport
0x0000000007994000 	/System/Library/Frameworks/Network.framework/Versions/A/Network
0x0000000007994000 	/System/Library/PrivateFrameworks/KeychainCircle.framework/Versions/A/KeychainCircle
0x0000000007994000 	/System/Library/Frameworks/CoreBluetooth.framework/Versions/A/CoreBluetooth
0x0000000007994000 	/System/Library/PrivateFrameworks/SpeechRecognitionCore.framework/Versions/A/SpeechRecognitionCore
0x0000000108800000 	/Library/Java/JavaVirtualMachines/jdk1.8.0_151.jdk/Contents/Home/jre/lib/server/libjvm.dylib
0x0000000007994000 	/usr/lib/libstdc++.6.dylib
0x0000000107fa5000 	/Library/Java/JavaVirtualMachines/jdk1.8.0_151.jdk/Contents/Home/jre/lib/libverify.dylib
0x0000000107fb3000 	/Library/Java/JavaVirtualMachines/jdk1.8.0_151.jdk/Contents/Home/jre/lib/libjava.dylib
0x0000000107ff2000 	/Library/Java/JavaVirtualMachines/jdk1.8.0_151.jdk/Contents/Home/jre/lib/libzip.dylib
0x0000000007994000 	/System/Library/Frameworks/JavaVM.framework/Versions/A/Frameworks/JavaRuntimeSupport.framework/Versions/A/JavaRuntimeSupport
0x0000000007994000 	/System/Library/Frameworks/JavaVM.framework/Versions/A/Frameworks/JavaNativeFoundation.framework/Versions/A/JavaNativeFoundation
0x0000000007994000 	/System/Library/Frameworks/JavaVM.framework/Versions/A/JavaVM
0x0000000007994000 	/System/Library/Frameworks/Carbon.framework/Versions/A/Carbon
0x0000000007994000 	/System/Library/PrivateFrameworks/CoreSymbolication.framework/Versions/A/CoreSymbolication
0x0000000007994000 	/System/Library/PrivateFrameworks/JavaLaunching.framework/Versions/A/JavaLaunching
0x0000000007994000 	/System/Library/Frameworks/Carbon.framework/Versions/A/Frameworks/CommonPanels.framework/Versions/A/CommonPanels
0x0000000007994000 	/System/Library/Frameworks/Carbon.framework/Versions/A/Frameworks/Help.framework/Versions/A/Help
0x0000000007994000 	/System/Library/Frameworks/Carbon.framework/Versions/A/Frameworks/ImageCapture.framework/Versions/A/ImageCapture
0x0000000007994000 	/System/Library/Frameworks/Carbon.framework/Versions/A/Frameworks/OpenScripting.framework/Versions/A/OpenScripting
0x0000000007994000 	/System/Library/Frameworks/Carbon.framework/Versions/A/Frameworks/Ink.framework/Versions/A/Ink
0x0000000007994000 	/System/Library/Frameworks/Carbon.framework/Versions/A/Frameworks/Print.framework/Versions/A/Print
0x0000000007994000 	/System/Library/Frameworks/Carbon.framework/Versions/A/Frameworks/SecurityHI.framework/Versions/A/SecurityHI
0x0000000007994000 	/System/Library/PrivateFrameworks/DebugSymbols.framework/Versions/A/DebugSymbols
0x000000010f0e0000 	/Library/Java/JavaVirtualMachines/jdk1.8.0_151.jdk/Contents/Home/jre/lib/libnet.dylib
0x000000010f0f7000 	/Library/Java/JavaVirtualMachines/jdk1.8.0_151.jdk/Contents/Home/jre/lib/libnio.dylib
0x000000010f107000 	/private/var/folders/61/df80ptfj4n74h8bwx_0gm7v40000gn/T/jogamp_0000/file_cache/jln8016632549789542543/jln5097247168139475870/natives/macosx-universal/libgluegen-rt.jnilib
0x000000010f110000 	/Library/Java/JavaVirtualMachines/jdk1.8.0_151.jdk/Contents/Home/jre/lib/libawt.dylib
0x000000010f1b8000 	/Library/Java/JavaVirtualMachines/jdk1.8.0_151.jdk/Contents/Home/jre/lib/libmlib_image.dylib
0x000000010f284000 	/Library/Java/JavaVirtualMachines/jdk1.8.0_151.jdk/Contents/Home/jre/lib/libawt_lwawt.dylib
0x000000010f33b000 	/Library/Java/JavaVirtualMachines/jdk1.8.0_151.jdk/Contents/Home/jre/lib/libosxapp.dylib
0x0000000007994000 	/System/Library/Frameworks/ExceptionHandling.framework/Versions/A/ExceptionHandling
0x0000000007994000 	/System/Library/PrivateFrameworks/CoreServicesInternal.framework/Versions/A/CoreServicesInternal
0x0000000007994000 	/System/Library/Frameworks/FileProvider.framework/Versions/A/FileProvider
0x0000000007994000 	/System/Library/Frameworks/Accounts.framework/Versions/A/Accounts
0x0000000007994000 	/System/Library/PrivateFrameworks/GenerationalStorage.framework/Versions/A/GenerationalStorage
0x0000000007994000 	/System/Library/PrivateFrameworks/SymptomDiagnosticReporter.framework/Versions/A/SymptomDiagnosticReporter
0x0000000007994000 	/System/Library/PrivateFrameworks/AppContainer.framework/Versions/A/AppContainer
0x0000000007994000 	/usr/lib/libsandbox.1.dylib
0x0000000007994000 	/System/Library/PrivateFrameworks/UserManagement.framework/Versions/A/UserManagement
0x0000000007994000 	/System/Library/PrivateFrameworks/ChunkingLibrary.framework/Versions/A/ChunkingLibrary
0x0000000007994000 	/System/Library/PrivateFrameworks/AppSandbox.framework/Versions/A/AppSandbox
0x0000000007994000 	/System/Library/PrivateFrameworks/SecCodeWrapper.framework/Versions/A/SecCodeWrapper
0x0000000007994000 	/usr/lib/libMatch.1.dylib
0x0000000007994000 	/System/Library/CoreServices/RawCamera.bundle/Contents/MacOS/RawCamera
0x0000000007994000 	/System/Library/PrivateFrameworks/MobileAsset.framework/Versions/A/MobileAsset
0x0000000007994000 	/System/Library/PrivateFrameworks/StreamingZip.framework/Versions/A/StreamingZip
0x0000000007994000 	/System/Library/Frameworks/MediaToolbox.framework/Versions/A/MediaToolbox
0x0000000007994000 	/System/Library/PrivateFrameworks/CoreAVCHD.framework/Versions/A/CoreAVCHD
0x0000000007994000 	/System/Library/Frameworks/MediaAccessibility.framework/Versions/A/MediaAccessibility
0x0000000007994000 	/System/Library/PrivateFrameworks/Mangrove.framework/Versions/A/Mangrove
0x0000000007994000 	/System/Library/Frameworks/CoreMedia.framework/Versions/A/CoreMedia
0x0000000007994000 	/System/Library/PrivateFrameworks/MediaExperience.framework/Versions/A/MediaExperience
0x0000000007994000 	/System/Library/Frameworks/VideoToolbox.framework/Versions/A/VideoToolbox
0x0000000007994000 	/System/Library/PrivateFrameworks/CoreAUC.framework/Versions/A/CoreAUC
0x0000000007994000 	/usr/lib/libspindump.dylib
0x0000000007994000 	/System/Library/PrivateFrameworks/AudioResourceArbitration.framework/Versions/A/AudioResourceArbitration
0x0000000007994000 	/System/Library/PrivateFrameworks/AppleVA.framework/Versions/A/AppleVA
0x0000000007994000 	/System/Library/Frameworks/Accelerate.framework/Versions/A/Frameworks/vImage.framework/Versions/A/Libraries/libCGInterfaces.dylib
0x0000000110005000 	/usr/lib/libobjc-trampolines.dylib
0x0000000007994000 	/System/Library/PrivateFrameworks/FontServices.framework/libTrueTypeScaler.dylib
0x0000000007994000 	/System/Library/Extensions/AppleIntelBDWGraphicsMTLDriver.bundle/Contents/MacOS/AppleIntelBDWGraphicsMTLDriver
0x0000000007994000 	/System/Library/PrivateFrameworks/GPUCompiler.framework/Versions/3902/Libraries/libmetal_timestamp.dylib
0x0000000007994000 	/System/Library/PrivateFrameworks/FamilyControls.framework/Versions/A/FamilyControls
0x0000000007994000 	/System/Library/PrivateFrameworks/CommerceKit.framework/Versions/A/Frameworks/CommerceCore.framework/Versions/A/CommerceCore
0x0000000007994000 	/System/Library/PrivateFrameworks/SystemAdministration.framework/Versions/A/SystemAdministration
0x0000000007994000 	/System/Library/PrivateFrameworks/DiskManagement.framework/Versions/A/DiskManagement
0x0000000007994000 	/System/Library/Frameworks/DirectoryService.framework/Versions/A/DirectoryService
0x0000000007994000 	/System/Library/PrivateFrameworks/DiskImages.framework/Versions/A/DiskImages
0x0000000007994000 	/System/Library/PrivateFrameworks/LoginUIKit.framework/Versions/A/Frameworks/LoginUICore.framework/Versions/A/LoginUICore
0x0000000007994000 	/usr/lib/libCoreStorage.dylib
0x0000000007994000 	/usr/lib/libcsfde.dylib
0x0000000007994000 	/usr/lib/libodfde.dylib
0x0000000007994000 	/System/Library/PrivateFrameworks/MediaKit.framework/Versions/A/MediaKit
0x0000000007994000 	/System/Library/Frameworks/DiscRecording.framework/Versions/A/DiscRecording
0x0000000007994000 	/System/Library/PrivateFrameworks/EFILogin.framework/Versions/A/EFILogin
0x0000000007994000 	/System/Library/PrivateFrameworks/ProtectedCloudStorage.framework/Versions/A/ProtectedCloudStorage
0x0000000007994000 	/usr/lib/libcurl.4.dylib
0x0000000007994000 	/usr/lib/libcrypto.44.dylib
0x0000000007994000 	/usr/lib/libssl.46.dylib
0x0000000007994000 	/System/Library/Frameworks/LDAP.framework/Versions/A/LDAP
0x0000000007994000 	/System/Library/PrivateFrameworks/TrustEvaluationAgent.framework/Versions/A/TrustEvaluationAgent
0x0000000007994000 	/usr/lib/libsasl2.2.dylib
0x0000000007994000 	/System/Library/PrivateFrameworks/CoreDaemon.framework/Versions/B/CoreDaemon
0x0000000007994000 	/System/Library/PrivateFrameworks/AppleSRP.framework/Versions/A/AppleSRP
0x0000000007994000 	/System/Library/PrivateFrameworks/ViewBridge.framework/Versions/A/ViewBridge
0x0000000122332000 	/Library/Java/JavaVirtualMachines/jdk1.8.0_151.jdk/Contents/Home/jre/lib/libfontmanager.dylib
0x0000000121c9c000 	/private/var/folders/61/df80ptfj4n74h8bwx_0gm7v40000gn/T/jogamp_0000/file_cache/jln8016632549789542543/jln5097247168139475870/natives/macosx-universal/libnativewindow_awt.jnilib
0x0000000121c9f000 	/Library/Java/JavaVirtualMachines/jdk1.8.0_151.jdk/Contents/Home/jre/lib/libjawt.dylib
0x0000000007994000 	/System/Library/Frameworks/OpenGL.framework/Versions/A/Resources/GLEngine.bundle/GLEngine
0x0000000007994000 	/System/Library/Frameworks/OpenGL.framework/Versions/A/Libraries/libGLProgrammability.dylib
0x0000000007994000 	/System/Library/Extensions/AppleIntelBDWGraphicsGLDriver.bundle/Contents/MacOS/AppleIntelBDWGraphicsGLDriver
0x0000000007994000 	/System/Library/PrivateFrameworks/GPUSupport.framework/Versions/A/Libraries/libGPUSupportMercury.dylib
0x0000000007994000 	/System/Library/Frameworks/OpenGL.framework/Versions/A/Resources/GLRendererFloat.bundle/GLRendererFloat
0x0000000007994000 	/System/Library/Frameworks/OpenCL.framework/Versions/A/Libraries/libcldcpuengine.dylib
0x0000000007994000 	/System/Library/PrivateFrameworks/login.framework/Versions/A/login
0x0000000122beb000 	/private/var/folders/61/df80ptfj4n74h8bwx_0gm7v40000gn/T/jogamp_0000/file_cache/jln8016632549789542543/jln5097247168139475870/natives/macosx-universal/libnativewindow_macosx.jnilib
0x0000000122ff5000 	/private/var/folders/61/df80ptfj4n74h8bwx_0gm7v40000gn/T/jogamp_0000/file_cache/jln8016632549789542543/jln5097247168139475870/natives/macosx-universal/libjogl_desktop.jnilib
0x00000001230c9000 	/private/var/folders/61/df80ptfj4n74h8bwx_0gm7v40000gn/T/jogamp_0000/file_cache/jln8016632549789542543/jln5097247168139475870/natives/macosx-universal/libjogl_mobile.jnilib
0x0000000123133000 	/Library/Java/JavaVirtualMachines/jdk1.8.0_151.jdk/Contents/Home/jre/lib/libosxui.dylib
0x0000000007994000 	/System/Library/PrivateFrameworks/HDRProcessing.framework/Versions/A/HDRProcessing
0x0000000157887000 	/private/var/folders/61/df80ptfj4n74h8bwx_0gm7v40000gn/T/lwjglchrisralph/3.2.3-build-13/liblwjgl.dylib
0x00000001578af000 	/private/var/folders/61/df80ptfj4n74h8bwx_0gm7v40000gn/T/lwjglchrisralph/3.2.3-build-13/liblwjgl_stb.dylib

VM Arguments:
jvm_args: -Dfile.encoding=UTF-8 -Djava.library.path=lib/natives 
java_command: main.Main
java_class_path (initial): /Users/chrisralph/Documents/Code/RpgBuildingGenerator/RpgBuildingGenerator/lib/jars/slick-util.jar:/Users/chrisralph/Documents/Code/RpgBuildingGenerator/RpgBuildingGenerator/lib/jars/lwjgl-javadoc.jar:/Users/chrisralph/Documents/Code/RpgBuildingGenerator/RpgBuildingGenerator/lib/jars/lwjgl-natives-macos.jar:/Users/chrisralph/Documents/Code/RpgBuildingGenerator/RpgBuildingGenerator/lib/jars/lwjgl-opengl-javadoc.jar:/Users/chrisralph/Documents/Code/RpgBuildingGenerator/RpgBuildingGenerator/lib/jars/lwjgl-opengl-natives-macos.jar:/Users/chrisralph/Documents/Code/RpgBuildingGenerator/RpgBuildingGenerator/lib/jars/lwjgl-opengl.jar:/Users/chrisralph/Documents/Code/RpgBuildingGenerator/RpgBuildingGenerator/lib/jars/lwjgl.jar:/Users/chrisralph/Documents/Code/RpgBuildingGenerator/RpgBuildingGenerator/lib/jars/lwjgl-glfw-javadoc.jar:/Users/chrisralph/Documents/Code/RpgBuildingGenerator/RpgBuildingGenerator/lib/jars/lwjgl-glfw-natives-macos.jar:/Users/chrisralph/Documents/Code/RpgBuildingGenerator/RpgBuildingGenerator/lib/jars/lwjgl-glfw.jar:/Users/chrisralph/Documents/Code/RpgBuildingGenerator/RpgBuildingGenerator/lib/jars/lwjgl-stb-javadoc.jar:/Users/chrisralph/Documents/Code/RpgBuildingGenerator/RpgBuildingGenerator/lib/jars/lwjgl-stb-natives-macos.jar:/Users/chrisralph/Documents/Code/RpgBuildingGenerator/RpgBuildingGenerator/lib/jars/lwjgl-stb.jar:/Users/chrisralph/Documents/Code/RpgBuildingGenerator/RpgBuildingGenerator/lib/jars/joml-1.9.24-javadoc.jar:/Users/chrisralph/Documents/Code/RpgBuildingGenerator/RpgBuildingGenerator/lib/jars/joml-1.9.24.jar:/Users/chrisralph/Documents/Code/RpgBuildingGenerator/RpgBuildingGenerator/lib/jars/gluegen-rt-natives-macosx-universal.jar:/Users/chrisralph/Documents/Code/RpgBuildingGenerator/RpgBuildingGenerator/lib/jars/gluegen-rt.jar:/Users/chrisralph/Documents/Code/RpgBuildingGenerator/RpgBuildingGenerator/lib/jars/jogl-all-natives-macosx-universal.jar:/Users/chrisralph/Documents/Code/RpgBuildingGenerator/R
Launcher Type: SUN_STANDARD

Environment Variables:
PATH=/usr/bin:/bin:/usr/sbin:/sbin
LD_LIBRARY_PATH=/Library/Java/JavaVirtualMachines/jdk1.8.0_151.jdk/Contents/Home/jre/lib/amd64:/Library/Java/JavaVirtualMachines/jdk1.8.0_151.jdk/Contents/Home/jre/lib/i386:
SHELL=/bin/bash

Signal Handlers:
SIGSEGV: [libjvm.dylib+0x5b27a5], sa_mask[0]=11111111011111110111111111111111, sa_flags=SA_ONSTACK|SA_RESTART|SA_SIGINFO
SIGBUS: [libjvm.dylib+0x5b27a5], sa_mask[0]=11111111011111110111111111111111, sa_flags=SA_RESTART|SA_SIGINFO
SIGFPE: [libjvm.dylib+0x4891c4], sa_mask[0]=11111111011111110111111111111111, sa_flags=SA_RESTART|SA_SIGINFO
SIGPIPE: [libjvm.dylib+0x4891c4], sa_mask[0]=11111111011111110111111111111111, sa_flags=SA_RESTART|SA_SIGINFO
SIGXFSZ: [libjvm.dylib+0x4891c4], sa_mask[0]=11111111011111110111111111111111, sa_flags=SA_RESTART|SA_SIGINFO
SIGILL: [libjvm.dylib+0x4891c4], sa_mask[0]=11111111011111110111111111111111, sa_flags=SA_RESTART|SA_SIGINFO
SIGUSR1: SIG_DFL, sa_mask[0]=00000000000000000000000000000000, sa_flags=none
SIGUSR2: [libjvm.dylib+0x488ce2], sa_mask[0]=00100000000000000000000000000000, sa_flags=SA_RESTART|SA_SIGINFO
SIGHUP: [libjvm.dylib+0x4872b9], sa_mask[0]=11111111011111110111111111111111, sa_flags=SA_RESTART|SA_SIGINFO
SIGINT: SIG_IGN, sa_mask[0]=00000000000000000000000000000000, sa_flags=none
SIGTERM: [libjvm.dylib+0x4872b9], sa_mask[0]=11111111011111110111111111111111, sa_flags=SA_RESTART|SA_SIGINFO
SIGQUIT: [libjvm.dylib+0x4872b9], sa_mask[0]=11111111011111110111111111111111, sa_flags=SA_RESTART|SA_SIGINFO


---------------  S Y S T E M  ---------------

OS:Bsduname:Darwin 19.5.0 Darwin Kernel Version 19.5.0: Thu Apr 30 18:25:59 PDT 2020; root:xnu-6153.121.1~7/RELEASE_X86_64 x86_64
rlimit: STACK 8192k, CORE 0k, NPROC 1392, NOFILE 10240, AS infinity
load average:7.69 3.22 2.45

CPU:total 4 (initial active 4) (2 cores per cpu, 2 threads per core) family 6 model 61 stepping 4, cmov, cx8, fxsr, mmx, sse, sse2, sse3, ssse3, sse4.1, sse4.2, popcnt, avx, avx2, aes, clmul, erms, 3dnowpref, lzcnt, ht, tsc, tscinvbit, bmi1, bmi2, adx

Memory: 4k page, physical 8388608k(589536k free)

/proc/meminfo:


vm_info: Java HotSpot(TM) 64-Bit Server VM (25.151-b12) for bsd-amd64 JRE (1.8.0_151-b12), built on Sep  5 2017 19:37:08 by "java_re" with gcc 4.2.1 (Based on Apple Inc. build 5658) (LLVM build 2336.11.00)

time: Sat May 30 14:55:32 2020
elapsed time: 22 seconds (0d 0h 0m 22s)

