#
# A fatal error has been detected by the Java Runtime Environment:
#
#  SIGSEGV (0xb) at pc=0x00007fff37529924, pid=61135, tid=0x0000000000000d03
#
# JRE version: Java(TM) SE Runtime Environment (8.0_151-b12) (build 1.8.0_151-b12)
# Java VM: Java HotSpot(TM) 64-Bit Server VM (25.151-b12 mixed mode bsd-amd64 compressed oops)
# Problematic frame:
# C  [HIToolbox+0x27924]  THIThemeTextInfoFinder::GetOptions() const+0x8
#
# Failed to write core dump. Core dumps have been disabled. To enable core dumping, try "ulimit -c unlimited" before starting Java again
#
# If you would like to submit a bug report, please visit:
#   http://bugreport.java.com/bugreport/crash.jsp
# The crash happened outside the Java Virtual Machine in native code.
# See problematic frame for where to report the bug.
#

---------------  T H R E A D  ---------------

Current thread (0x00007fdfc500a000):  JavaThread "main" [_thread_in_native, id=3331, stack(0x00007000094d8000,0x00007000095d8000)]

siginfo: si_signo: 11 (SIGSEGV), si_code: 1 (SEGV_MAPERR), si_addr: 0x0000000000000012

Registers:
RAX=0x0000000000000000, RBX=0x00007fdfc4d4b200, RCX=0x00007000095d5f28, RDX=0x0000000000000000
RSP=0x00007000095d5e00, RBP=0x00007000095d5e00, RSI=0x00007fdfc4e72300, RDI=0x00007fdfc4e72300
R8 =0x00007000095d5f30, R9 =0x000000000000001f, R10=0x0000000000000002, R11=0x0000000000000000
R12=0x0000000000000000, R13=0x00007000095d5f28, R14=0x00007fdfc4e72300, R15=0x00007000095d5f20
RIP=0x00007fff37529924, EFLAGS=0x0000000000010202, ERR=0x0000000000000004
  TRAPNO=0x000000000000000e

Top of Stack: (sp=0x00007000095d5e00)
0x00007000095d5e00:   00007000095d5e40 00007fff3752984e
0x00007000095d5e10:   7f7fffff00000000 00007fdfc4e72300
0x00007000095d5e20:   00007000095d5f30 00007000095d5f28
0x00007000095d5e30:   00007fdfc4d4b200 00007000095d5f20
0x00007000095d5e40:   00007000095d5e80 00007fff3752975b
0x00007000095d5e50:   00007fff90150850 00007fdfc4d4b200
0x00007000095d5e60:   00007000095d5e98 00007fdfc4d4fc90
0x00007000095d5e70:   00007fdfc4e72300 0000000000000064
0x00007000095d5e80:   00007000095d5f10 00007fff37528247
0x00007000095d5e90:   00007fdfc4d4b1b0 0000000000000000
0x00007000095d5ea0:   0000000000000001 00007fff9921a180
0x00007000095d5eb0:   00007000095d5f10 00007fff71699e50
0x00007000095d5ec0:   00007fdfc4f4ed70 47efffffe0000000
0x00007000095d5ed0:   00007000095d5f30 00007000095d5f28
0x00007000095d5ee0:   00007000095d5f20 0000000000000000
0x00007000095d5ef0:   00007fdfc4c0b4a0 0000000108ed6798
0x00007000095d5f00:   0000000000000000 00007000095d5fb0
0x00007000095d5f10:   00007000095d5f50 00007fff37528106
0x00007000095d5f20:   00007fdfc4e5b930 00007fdfc4e6e3b0
0x00007000095d5f30:   00007fdfc4c0b4a0 00007fdfc4d4fc90
0x00007000095d5f40:   00007000095d5f68 0000000000000002
0x00007000095d5f50:   00007000095d5fe0 00007fff37527a51
0x00007000095d5f60:   0002000000000002 0000000100000000
0x00007000095d5f70:   0000000000000064 0002010200000000
0x00007000095d5f80:   0000000000010000 0000000000000000
0x00007000095d5f90:   0000000000000000 00007fdfc4f56910
0x00007000095d5fa0:   0000000108ed6798 0000000100000000
0x00007000095d5fb0:   0000000000000000 0000000000000002
0x00007000095d5fc0:   00007fdfc4e6e3b0 0000000000000000
0x00007000095d5fd0:   0000000000000000 00007fdfc4f56910
0x00007000095d5fe0:   00007000095d6020 00007fff375277de
0x00007000095d5ff0:   00007000095d6020 42b6000042380000 

Instructions: (pc=0x00007fff37529924)
0x00007fff37529904:   5d e9 a8 00 00 00 31 c0 48 83 c4 08 5b 41 5c 41
0x00007fff37529914:   5d 41 5e 41 5f 5d c3 90 55 48 89 e5 48 8b 47 08
0x00007fff37529924:   8b 40 12 5d c3 90 90 90 55 48 89 e5 41 56 53 41
0x00007fff37529934:   89 d6 0f 57 c9 0f 2e c1 75 02 7b 3a 48 89 f3 48 

Register to memory mapping:

RAX=0x0000000000000000 is an unknown value
RBX=0x00007fdfc4d4b200 is an unknown value
RCX=0x00007000095d5f28 is pointing into the stack for thread: 0x00007fdfc500a000
RDX=0x0000000000000000 is an unknown value
RSP=0x00007000095d5e00 is pointing into the stack for thread: 0x00007fdfc500a000
RBP=0x00007000095d5e00 is pointing into the stack for thread: 0x00007fdfc500a000
RSI=0x00007fdfc4e72300 is an unknown value
RDI=0x00007fdfc4e72300 is an unknown value
R8 =0x00007000095d5f30 is pointing into the stack for thread: 0x00007fdfc500a000
R9 =0x000000000000001f is an unknown value
R10=0x0000000000000002 is an unknown value
R11=0x0000000000000000 is an unknown value
R12=0x0000000000000000 is an unknown value
R13=0x00007000095d5f28 is pointing into the stack for thread: 0x00007fdfc500a000
R14=0x00007fdfc4e72300 is an unknown value
R15=0x00007000095d5f20 is pointing into the stack for thread: 0x00007fdfc500a000


Stack: [0x00007000094d8000,0x00007000095d8000],  sp=0x00007000095d5e00,  free space=1015k
Native frames: (J=compiled Java code, j=interpreted, Vv=VM code, C=native code)
C  [HIToolbox+0x27924]  THIThemeTextInfoFinder::GetOptions() const+0x8
C  [HIToolbox+0x2784e]  TCoreTextEngine::VerifyLayout(THIThemeTextInfo*, float, float, LayoutIntent)+0x34
C  [HIToolbox+0x2775b]  TCoreTextEngine::GetThemeTextDimensions(double, THIThemeTextInfo*, double*, double*, double*)+0x2b
C  [HIToolbox+0x26247]  DataEngine::GetTextDimensions(void const*, double, HIThemeTextInfo*, double*, double*, double*)+0x10f
C  [HIToolbox+0x26106]  HIThemeGetTextDimensions+0xbc
C  [HIToolbox+0x25a51]  HIMenuBarView::MeasureMenuTitle(MenuData*, unsigned char, float*, int)+0x1ab
C  [HIToolbox+0x257de]  HIMenuBarView::MeasureAppMenus()+0xe6
C  [HIToolbox+0x25367]  HIMenuBarView::EnsureBarLayout()+0x1a3
C  [HIToolbox+0x24c77]  HIMenuBarView::DrawOnce(CGRect, CGRect, bool, bool, CGContext*)+0x243
C  [HIToolbox+0x2494e]  HIMenuBarView::DrawSelf(short, __HIShape const*, CGContext*)+0x23a
C  [HIToolbox+0x243b6]  HIMenuBarView::DrawWithoutCustomization(short, __HIShape const*, CGContext*)+0x52
C  [HIToolbox+0x2434e]  HIMenuBarView::DrawingDelegateHandler(OpaqueEventHandlerCallRef*, OpaqueEventRef*, void*)+0x102
C  [HIToolbox+0x88ff]  DispatchEventToHandlers(EventTargetRec*, OpaqueEventRef*, HandlerCallRec*)+0x4e6
C  [HIToolbox+0x7d8d]  SendEventToEventTargetInternal(OpaqueEventRef*, OpaqueEventTargetRef*, HandlerCallRec*)+0x149
C  [HIToolbox+0x7c3d]  SendEventToEventTargetWithOptions+0x2d
C  [HIToolbox+0x23ecd]  HIView::SendDraw(short, OpaqueGrafPtr*, __HIShape const*, CGContext*)+0x145
C  [HIToolbox+0x23967]  HIView::RecursiveDrawComposited(__HIShape const*, __HIShape const*, unsigned int, HIView*, CGContext*, unsigned char, double)+0x23f
C  [HIToolbox+0x23b61]  HIView::RecursiveDrawComposited(__HIShape const*, __HIShape const*, unsigned int, HIView*, CGContext*, unsigned char, double)+0x439
C  [HIToolbox+0x23399]  HIView::DrawComposited(short, OpaqueGrafPtr*, __HIShape const*, unsigned int, HIView*, CGContext*)+0x32f
C  [HIToolbox+0x2305b]  HIView::Render(unsigned int, CGContext*)+0x33
C  [HIToolbox+0x22783]  WindowData::PrepareForVisibility()+0x99
C  [HIToolbox+0x789c8]  _ShowHideWindows+0x11e
C  [HIToolbox+0x221b4]  ShowHide+0x23
C  [HIToolbox+0x12217]  MBWindows::GetWindowOnDisplay(unsigned int, unsigned char)+0x127
C  [HIToolbox+0x11ff7]  MenuBarInstance::ForEachWindowDo(unsigned char, bool (OpaqueWindowPtr*, unsigned int) block_pointer)+0xb7
C  [HIToolbox+0x11efb]  MenuBarInstance::SetBoundsAndUpdateResolution()+0x67
C  [HIToolbox+0x11a72]  MenuBarInstance::Show(MenuBarAnimationStyle, unsigned char, unsigned char, unsigned char, unsigned char)+0x118
C  [HIToolbox+0x114aa]  MenuBarInstance::UpdateAggregateUIMode(MenuBarAnimationStyle, unsigned char, unsigned char, unsigned char)+0x324
C  [HIToolbox+0x110aa]  MenuBarInstance::ForEachMenuBarDo(void (MenuBarInstance*) block_pointer)+0x2e
C  [HIToolbox+0x11042]  UpdateAllAggregateUIModes(MenuBarAnimationStyle, unsigned char)+0x7e
C  [HIToolbox+0x10fae]  SetSystemUIMode+0xa5
C  [AppKit+0x3165b]  -[NSApplication finishLaunching]+0x2dc
C  [AppKit+0x31050]  -[NSApplication run]+0xf4
C  [libglfw.dylib+0x10a85]
[error occurred during error reporting (printing native stack), id 0xe0000000]

Java frames: (J=compiled Java code, j=interpreted, Vv=VM code)
j  org.lwjgl.system.JNI.invokePPPP(IIJJJJ)J+0
j  org.lwjgl.glfw.GLFW.nglfwCreateWindow(IIJJJ)J+14
j  org.lwjgl.glfw.GLFW.glfwCreateWindow(IILjava/lang/CharSequence;JJ)J+37
j  main.HelloWorld.init()V+52
j  main.HelloWorld.run()V+33
j  main.HelloWorld.main([Ljava/lang/String;)V+7
v  ~StubRoutines::call_stub

---------------  P R O C E S S  ---------------

Java Threads: ( => current thread )
  0x00007fdfc5046800 JavaThread "Service Thread" daemon [_thread_blocked, id=17155, stack(0x000070000a50b000,0x000070000a60b000)]
  0x00007fdfc5824800 JavaThread "C1 CompilerThread2" daemon [_thread_blocked, id=15107, stack(0x000070000a408000,0x000070000a508000)]
  0x00007fdfc6831000 JavaThread "C2 CompilerThread1" daemon [_thread_blocked, id=14851, stack(0x000070000a305000,0x000070000a405000)]
  0x00007fdfc6820000 JavaThread "C2 CompilerThread0" daemon [_thread_blocked, id=14595, stack(0x000070000a202000,0x000070000a302000)]
  0x00007fdfc681f000 JavaThread "JDWP Command Reader" daemon [_thread_in_native, id=18435, stack(0x000070000a0ff000,0x000070000a1ff000)]
  0x00007fdfc5823800 JavaThread "JDWP Event Helper Thread" daemon [_thread_blocked, id=14339, stack(0x0000700009ffc000,0x000070000a0fc000)]
  0x00007fdfc682d000 JavaThread "JDWP Transport Listener: dt_socket" daemon [_thread_blocked, id=19207, stack(0x0000700009ef9000,0x0000700009ff9000)]
  0x00007fdfc6013800 JavaThread "Signal Dispatcher" daemon [_thread_blocked, id=19459, stack(0x0000700009df6000,0x0000700009ef6000)]
  0x00007fdfc503b000 JavaThread "Finalizer" daemon [_thread_blocked, id=11779, stack(0x0000700009bed000,0x0000700009ced000)]
  0x00007fdfc5808800 JavaThread "Reference Handler" daemon [_thread_blocked, id=11267, stack(0x0000700009aea000,0x0000700009bea000)]
=>0x00007fdfc500a000 JavaThread "main" [_thread_in_native, id=3331, stack(0x00007000094d8000,0x00007000095d8000)]

Other Threads:
  0x00007fdfc6816000 VMThread [stack: 0x00007000099e7000,0x0000700009ae7000] [id=21507]
  0x00007fdfc5047000 WatcherThread [stack: 0x000070000a60e000,0x000070000a70e000] [id=15619]

VM state:not at safepoint (normal execution)

VM Mutex/Monitor currently owned by a thread: None

Heap:
 PSYoungGen      total 38400K, used 6686K [0x0000000795580000, 0x0000000798000000, 0x00000007c0000000)
  eden space 33280K, 20% used [0x0000000795580000,0x0000000795c07be0,0x0000000797600000)
  from space 5120K, 0% used [0x0000000797b00000,0x0000000797b00000,0x0000000798000000)
  to   space 5120K, 0% used [0x0000000797600000,0x0000000797600000,0x0000000797b00000)
 ParOldGen       total 87552K, used 0K [0x0000000740000000, 0x0000000745580000, 0x0000000795580000)
  object space 87552K, 0% used [0x0000000740000000,0x0000000740000000,0x0000000745580000)
 Metaspace       used 5818K, capacity 6086K, committed 6144K, reserved 1056768K
  class space    used 633K, capacity 739K, committed 768K, reserved 1048576K

Card table byte_map: [0x00000001067b0000,0x0000000106bb1000] byte_map_base: 0x0000000102db0000

Marking Bits: (ParMarkBitMap*) 0x0000000105cf35d0
 Begin Bits: [0x00000001182f8000, 0x000000011a2f8000)
 End Bits:   [0x000000011a2f8000, 0x000000011c2f8000)

Polling page: 0x0000000104b85000

CodeCache: size=245760Kb used=1437Kb max_used=1437Kb free=244322Kb
 bounds [0x00000001092f8000, 0x0000000109568000, 0x00000001182f8000]
 total_blobs=862 nmethods=93 adapters=691
 compilation: enabled

Compilation events (10 events):
Event: 0.203 Thread 0x00007fdfc5824800   28       3       sun.nio.cs.UTF_8$Encoder::encode (359 bytes)
Event: 0.204 Thread 0x00007fdfc5824800 nmethod 28 0x000000010940e0d0 code [0x000000010940e2c0, 0x000000010940ee38]
Event: 0.204 Thread 0x00007fdfc5824800   30       3       java.lang.String::indexOf (7 bytes)
Event: 0.204 Thread 0x00007fdfc5824800 nmethod 30 0x000000010940f550 code [0x000000010940f6c0, 0x000000010940f8e8]
Event: 0.204 Thread 0x00007fdfc5824800   29       1       java.nio.Buffer::position (5 bytes)
Event: 0.205 Thread 0x00007fdfc5824800 nmethod 29 0x000000010940f990 code [0x000000010940fae0, 0x000000010940fbf0]
Event: 0.205 Thread 0x00007fdfc5824800   31       1       java.lang.ref.Reference::get (5 bytes)
Event: 0.205 Thread 0x00007fdfc5824800 nmethod 31 0x000000010940fc50 code [0x000000010940fda0, 0x000000010940feb0]
Event: 0.205 Thread 0x00007fdfc5824800   32       1       java.net.URL::getProtocol (5 bytes)
Event: 0.205 Thread 0x00007fdfc5824800 nmethod 32 0x000000010940ff10 code [0x0000000109410060, 0x0000000109410170]

GC Heap History (0 events):
No events

Deoptimization events (0 events):
No events

Internal exceptions (10 events):
Event: 2.410 Thread 0x00007fdfc500a000 Exception <a 'java/lang/NoSuchMethodError': java.lang.Object.lambda$static$0(Ljava/lang/String;)Ljava/lang/Boolean;> (0x000000079581a428) thrown at [/Users/java_re/workspace/8-2-build-macosx-x86_64/jdk8u151/9699/hotspot/src/share/vm/interpreter/linkResolv
Event: 2.796 Thread 0x00007fdfc500a000 Exception <a 'java/lang/NoSuchFieldError': method resolution failed> (0x00000007958922c0) thrown at [/Users/java_re/workspace/8-2-build-macosx-x86_64/jdk8u151/9699/hotspot/src/share/vm/prims/methodHandles.cpp, line 1146]
Event: 2.845 Thread 0x00007fdfc500a000 Exception <a 'java/lang/NoSuchFieldError': method resolution failed> (0x000000079589f640) thrown at [/Users/java_re/workspace/8-2-build-macosx-x86_64/jdk8u151/9699/hotspot/src/share/vm/prims/methodHandles.cpp, line 1146]
Event: 3.317 Thread 0x00007fdfc500a000 Exception <a 'java/security/PrivilegedActionException'> (0x0000000795934db8) thrown at [/Users/java_re/workspace/8-2-build-macosx-x86_64/jdk8u151/9699/hotspot/src/share/vm/prims/jvm.cpp, line 1390]
Event: 3.318 Thread 0x00007fdfc500a000 Exception <a 'java/security/PrivilegedActionException'> (0x0000000795934fc8) thrown at [/Users/java_re/workspace/8-2-build-macosx-x86_64/jdk8u151/9699/hotspot/src/share/vm/prims/jvm.cpp, line 1390]
Event: 3.328 Thread 0x00007fdfc500a000 Exception <a 'java/security/PrivilegedActionException'> (0x00000007959382f8) thrown at [/Users/java_re/workspace/8-2-build-macosx-x86_64/jdk8u151/9699/hotspot/src/share/vm/prims/jvm.cpp, line 1390]
Event: 3.328 Thread 0x00007fdfc500a000 Exception <a 'java/security/PrivilegedActionException'> (0x0000000795938508) thrown at [/Users/java_re/workspace/8-2-build-macosx-x86_64/jdk8u151/9699/hotspot/src/share/vm/prims/jvm.cpp, line 1390]
Event: 5.215 Thread 0x00007fdfc500a000 Exception <a 'sun/nio/fs/UnixException'> (0x0000000795a92cb8) thrown at [/Users/java_re/workspace/8-2-build-macosx-x86_64/jdk8u151/9699/hotspot/src/share/vm/prims/jni.cpp, line 709]
Event: 5.327 Thread 0x00007fdfc500a000 Exception <a 'sun/nio/fs/UnixException'> (0x0000000795b6ca38) thrown at [/Users/java_re/workspace/8-2-build-macosx-x86_64/jdk8u151/9699/hotspot/src/share/vm/prims/jni.cpp, line 709]
Event: 5.478 Thread 0x00007fdfc500a000 Exception <a 'sun/nio/fs/UnixException'> (0x0000000795bec7c0) thrown at [/Users/java_re/workspace/8-2-build-macosx-x86_64/jdk8u151/9699/hotspot/src/share/vm/prims/jni.cpp, line 709]

Events (10 events):
Event: 5.471 loading class org/lwjgl/glfw/EventLoop
Event: 5.471 loading class org/lwjgl/glfw/EventLoop done
Event: 5.472 loading class org/lwjgl/system/macosx/ObjCRuntime
Event: 5.472 loading class org/lwjgl/system/macosx/ObjCRuntime done
Event: 5.479 loading class org/lwjgl/system/dyncall/DynLoad
Event: 5.479 loading class org/lwjgl/system/dyncall/DynLoad done
Event: 5.491 loading class org/lwjgl/system/macosx/ObjCRuntime$Functions
Event: 5.491 loading class org/lwjgl/system/macosx/ObjCRuntime$Functions done
Event: 5.498 loading class org/lwjgl/system/macosx/CoreFoundation
Event: 5.498 loading class org/lwjgl/system/macosx/CoreFoundation done


Dynamic libraries:
0x000000000b73f000 	/System/Library/Frameworks/Cocoa.framework/Versions/A/Cocoa
0x000000000b73f000 	/System/Library/Frameworks/Security.framework/Versions/A/Security
0x000000000b73f000 	/System/Library/Frameworks/ApplicationServices.framework/Versions/A/ApplicationServices
0x000000000b73f000 	/usr/lib/libz.1.dylib
0x000000000b73f000 	/usr/lib/libSystem.B.dylib
0x000000000b73f000 	/usr/lib/libobjc.A.dylib
0x000000000b73f000 	/System/Library/Frameworks/CoreFoundation.framework/Versions/A/CoreFoundation
0x000000000b73f000 	/System/Library/Frameworks/Foundation.framework/Versions/C/Foundation
0x000000000b73f000 	/System/Library/Frameworks/AppKit.framework/Versions/C/AppKit
0x000000000b73f000 	/System/Library/Frameworks/CoreData.framework/Versions/A/CoreData
0x000000000b73f000 	/System/Library/PrivateFrameworks/UIFoundation.framework/Versions/A/UIFoundation
0x000000000b73f000 	/System/Library/PrivateFrameworks/RemoteViewServices.framework/Versions/A/RemoteViewServices
0x000000000b73f000 	/System/Library/PrivateFrameworks/XCTTargetBootstrap.framework/Versions/A/XCTTargetBootstrap
0x000000000b73f000 	/System/Library/Frameworks/CoreDisplay.framework/Versions/A/CoreDisplay
0x000000000b73f000 	/System/Library/Frameworks/Metal.framework/Versions/A/Metal
0x000000000b73f000 	/System/Library/PrivateFrameworks/DesktopServicesPriv.framework/Versions/A/DesktopServicesPriv
0x000000000b73f000 	/usr/lib/liblangid.dylib
0x000000000b73f000 	/System/Library/PrivateFrameworks/CoreSVG.framework/Versions/A/CoreSVG
0x000000000b73f000 	/System/Library/PrivateFrameworks/SkyLight.framework/Versions/A/SkyLight
0x000000000b73f000 	/System/Library/Frameworks/CoreGraphics.framework/Versions/A/CoreGraphics
0x000000000b73f000 	/System/Library/Frameworks/Accelerate.framework/Versions/A/Accelerate
0x000000000b73f000 	/usr/lib/libxml2.2.dylib
0x000000000b73f000 	/System/Library/PrivateFrameworks/IconServices.framework/Versions/A/IconServices
0x000000000b73f000 	/System/Library/Frameworks/IOSurface.framework/Versions/A/IOSurface
0x000000000b73f000 	/usr/lib/libDiagnosticMessagesClient.dylib
0x000000000b73f000 	/System/Library/PrivateFrameworks/DFRFoundation.framework/Versions/A/DFRFoundation
0x000000000b73f000 	/usr/lib/libicucore.A.dylib
0x000000000b73f000 	/System/Library/Frameworks/AudioToolbox.framework/Versions/A/AudioToolbox
0x000000000b73f000 	/System/Library/Frameworks/AudioUnit.framework/Versions/A/AudioUnit
0x000000000b73f000 	/usr/lib/libauto.dylib
0x000000000b73f000 	/System/Library/PrivateFrameworks/DataDetectorsCore.framework/Versions/A/DataDetectorsCore
0x000000000b73f000 	/System/Library/Frameworks/Carbon.framework/Versions/A/Frameworks/HIToolbox.framework/Versions/A/HIToolbox
0x000000000b73f000 	/System/Library/Frameworks/QuartzCore.framework/Versions/A/QuartzCore
0x000000000b73f000 	/System/Library/Frameworks/Carbon.framework/Versions/A/Frameworks/SpeechRecognition.framework/Versions/A/SpeechRecognition
0x000000000b73f000 	/System/Library/PrivateFrameworks/CoreUI.framework/Versions/A/CoreUI
0x000000000b73f000 	/System/Library/Frameworks/CoreAudio.framework/Versions/A/CoreAudio
0x000000000b73f000 	/System/Library/Frameworks/DiskArbitration.framework/Versions/A/DiskArbitration
0x000000000b73f000 	/System/Library/PrivateFrameworks/MultitouchSupport.framework/Versions/A/MultitouchSupport
0x000000000b73f000 	/usr/lib/libenergytrace.dylib
0x000000000b73f000 	/System/Library/Frameworks/IOKit.framework/Versions/A/IOKit
0x000000000b73f000 	/System/Library/Frameworks/CoreServices.framework/Versions/A/CoreServices
0x000000000b73f000 	/System/Library/PrivateFrameworks/PerformanceAnalysis.framework/Versions/A/PerformanceAnalysis
0x000000000b73f000 	/System/Library/Frameworks/OpenGL.framework/Versions/A/OpenGL
0x000000000b73f000 	/System/Library/Frameworks/ColorSync.framework/Versions/A/ColorSync
0x000000000b73f000 	/System/Library/Frameworks/CoreImage.framework/Versions/A/CoreImage
0x000000000b73f000 	/System/Library/Frameworks/CoreText.framework/Versions/A/CoreText
0x000000000b73f000 	/System/Library/Frameworks/ImageIO.framework/Versions/A/ImageIO
0x000000000b73f000 	/usr/lib/libc++.1.dylib
0x000000000b73f000 	/usr/lib/libcompression.dylib
0x000000000b73f000 	/usr/lib/libMobileGestalt.dylib
0x000000000b73f000 	/System/Library/PrivateFrameworks/TextureIO.framework/Versions/A/TextureIO
0x000000000b73f000 	/usr/lib/libate.dylib
0x000000000b73f000 	/System/Library/PrivateFrameworks/InternationalSupport.framework/Versions/A/InternationalSupport
0x000000000b73f000 	/usr/lib/system/libcache.dylib
0x000000000b73f000 	/usr/lib/system/libcommonCrypto.dylib
0x000000000b73f000 	/usr/lib/system/libcompiler_rt.dylib
0x000000000b73f000 	/usr/lib/system/libcopyfile.dylib
0x000000000b73f000 	/usr/lib/system/libcorecrypto.dylib
0x000000000b73f000 	/usr/lib/system/libdispatch.dylib
0x000000000b73f000 	/usr/lib/system/libdyld.dylib
0x000000000b73f000 	/usr/lib/system/libkeymgr.dylib
0x000000000b73f000 	/usr/lib/system/liblaunch.dylib
0x000000000b73f000 	/usr/lib/system/libmacho.dylib
0x000000000b73f000 	/usr/lib/system/libquarantine.dylib
0x000000000b73f000 	/usr/lib/system/libremovefile.dylib
0x000000000b73f000 	/usr/lib/system/libsystem_asl.dylib
0x000000000b73f000 	/usr/lib/system/libsystem_blocks.dylib
0x000000000b73f000 	/usr/lib/system/libsystem_c.dylib
0x000000000b73f000 	/usr/lib/system/libsystem_configuration.dylib
0x000000000b73f000 	/usr/lib/system/libsystem_coreservices.dylib
0x000000000b73f000 	/usr/lib/system/libsystem_darwin.dylib
0x000000000b73f000 	/usr/lib/system/libsystem_dnssd.dylib
0x000000000b73f000 	/usr/lib/system/libsystem_featureflags.dylib
0x000000000b73f000 	/usr/lib/system/libsystem_info.dylib
0x000000000b73f000 	/usr/lib/system/libsystem_m.dylib
0x000000000b73f000 	/usr/lib/system/libsystem_malloc.dylib
0x000000000b73f000 	/usr/lib/system/libsystem_networkextension.dylib
0x000000000b73f000 	/usr/lib/system/libsystem_notify.dylib
0x000000000b73f000 	/usr/lib/system/libsystem_sandbox.dylib
0x000000000b73f000 	/usr/lib/system/libsystem_secinit.dylib
0x000000000b73f000 	/usr/lib/system/libsystem_kernel.dylib
0x000000000b73f000 	/usr/lib/system/libsystem_platform.dylib
0x000000000b73f000 	/usr/lib/system/libsystem_pthread.dylib
0x000000000b73f000 	/usr/lib/system/libsystem_symptoms.dylib
0x000000000b73f000 	/usr/lib/system/libsystem_trace.dylib
0x000000000b73f000 	/usr/lib/system/libunwind.dylib
0x000000000b73f000 	/usr/lib/system/libxpc.dylib
0x000000000b73f000 	/usr/lib/libc++abi.dylib
0x000000000b73f000 	/usr/lib/liblzma.5.dylib
0x000000000b73f000 	/usr/lib/libfakelink.dylib
0x000000000b73f000 	/usr/lib/libarchive.2.dylib
0x000000000b73f000 	/System/Library/Frameworks/SystemConfiguration.framework/Versions/A/SystemConfiguration
0x000000000b73f000 	/usr/lib/libCRFSuite.dylib
0x000000000b73f000 	/System/Library/Frameworks/CFNetwork.framework/Versions/A/CFNetwork
0x000000000b73f000 	/usr/lib/libbsm.0.dylib
0x000000000b73f000 	/usr/lib/system/libkxld.dylib
0x000000000b73f000 	/System/Library/PrivateFrameworks/AppleFSCompression.framework/Versions/A/AppleFSCompression
0x000000000b73f000 	/usr/lib/libcoretls.dylib
0x000000000b73f000 	/usr/lib/libcoretls_cfhelpers.dylib
0x000000000b73f000 	/usr/lib/libpam.2.dylib
0x000000000b73f000 	/usr/lib/libsqlite3.dylib
0x000000000b73f000 	/usr/lib/libxar.1.dylib
0x000000000b73f000 	/usr/lib/libbz2.1.0.dylib
0x000000000b73f000 	/usr/lib/libiconv.2.dylib
0x000000000b73f000 	/usr/lib/libcharset.1.dylib
0x000000000b73f000 	/usr/lib/libnetwork.dylib
0x000000000b73f000 	/usr/lib/libpcap.A.dylib
0x000000000b73f000 	/usr/lib/libapple_nghttp2.dylib
0x000000000b73f000 	/System/Library/Frameworks/CoreServices.framework/Versions/A/Frameworks/FSEvents.framework/Versions/A/FSEvents
0x000000000b73f000 	/System/Library/Frameworks/CoreServices.framework/Versions/A/Frameworks/CarbonCore.framework/Versions/A/CarbonCore
0x000000000b73f000 	/System/Library/Frameworks/CoreServices.framework/Versions/A/Frameworks/Metadata.framework/Versions/A/Metadata
0x000000000b73f000 	/System/Library/Frameworks/CoreServices.framework/Versions/A/Frameworks/OSServices.framework/Versions/A/OSServices
0x000000000b73f000 	/System/Library/Frameworks/CoreServices.framework/Versions/A/Frameworks/SearchKit.framework/Versions/A/SearchKit
0x000000000b73f000 	/System/Library/Frameworks/CoreServices.framework/Versions/A/Frameworks/AE.framework/Versions/A/AE
0x000000000b73f000 	/System/Library/Frameworks/CoreServices.framework/Versions/A/Frameworks/LaunchServices.framework/Versions/A/LaunchServices
0x000000000b73f000 	/System/Library/Frameworks/CoreServices.framework/Versions/A/Frameworks/DictionaryServices.framework/Versions/A/DictionaryServices
0x000000000b73f000 	/System/Library/Frameworks/CoreServices.framework/Versions/A/Frameworks/SharedFileList.framework/Versions/A/SharedFileList
0x000000000b73f000 	/System/Library/Frameworks/NetFS.framework/Versions/A/NetFS
0x000000000b73f000 	/System/Library/PrivateFrameworks/NetAuth.framework/Versions/A/NetAuth
0x000000000b73f000 	/System/Library/PrivateFrameworks/login.framework/Versions/A/Frameworks/loginsupport.framework/Versions/A/loginsupport
0x000000000b73f000 	/System/Library/PrivateFrameworks/TCC.framework/Versions/A/TCC
0x000000000b73f000 	/System/Library/PrivateFrameworks/CoreNLP.framework/Versions/A/CoreNLP
0x000000000b73f000 	/System/Library/PrivateFrameworks/MetadataUtilities.framework/Versions/A/MetadataUtilities
0x000000000b73f000 	/usr/lib/libmecabra.dylib
0x000000000b73f000 	/usr/lib/libmecab.dylib
0x000000000b73f000 	/usr/lib/libgermantok.dylib
0x000000000b73f000 	/usr/lib/libThaiTokenizer.dylib
0x000000000b73f000 	/usr/lib/libChineseTokenizer.dylib
0x000000000b73f000 	/System/Library/Frameworks/Accelerate.framework/Versions/A/Frameworks/vImage.framework/Versions/A/vImage
0x000000000b73f000 	/System/Library/Frameworks/Accelerate.framework/Versions/A/Frameworks/vecLib.framework/Versions/A/vecLib
0x000000000b73f000 	/System/Library/Frameworks/Accelerate.framework/Versions/A/Frameworks/vecLib.framework/Versions/A/libvMisc.dylib
0x000000000b73f000 	/System/Library/Frameworks/Accelerate.framework/Versions/A/Frameworks/vecLib.framework/Versions/A/libvDSP.dylib
0x000000000b73f000 	/System/Library/Frameworks/Accelerate.framework/Versions/A/Frameworks/vecLib.framework/Versions/A/libBLAS.dylib
0x000000000b73f000 	/System/Library/Frameworks/Accelerate.framework/Versions/A/Frameworks/vecLib.framework/Versions/A/libLAPACK.dylib
0x000000000b73f000 	/System/Library/Frameworks/Accelerate.framework/Versions/A/Frameworks/vecLib.framework/Versions/A/libLinearAlgebra.dylib
0x000000000b73f000 	/System/Library/Frameworks/Accelerate.framework/Versions/A/Frameworks/vecLib.framework/Versions/A/libSparseBLAS.dylib
0x000000000b73f000 	/System/Library/Frameworks/Accelerate.framework/Versions/A/Frameworks/vecLib.framework/Versions/A/libQuadrature.dylib
0x000000000b73f000 	/System/Library/Frameworks/Accelerate.framework/Versions/A/Frameworks/vecLib.framework/Versions/A/libBNNS.dylib
0x000000000b73f000 	/System/Library/Frameworks/Accelerate.framework/Versions/A/Frameworks/vecLib.framework/Versions/A/libSparse.dylib
0x000000000b73f000 	/System/Library/PrivateFrameworks/LanguageModeling.framework/Versions/A/LanguageModeling
0x000000000b73f000 	/System/Library/PrivateFrameworks/CoreEmoji.framework/Versions/A/CoreEmoji
0x000000000b73f000 	/System/Library/PrivateFrameworks/LinguisticData.framework/Versions/A/LinguisticData
0x000000000b73f000 	/System/Library/PrivateFrameworks/Lexicon.framework/Versions/A/Lexicon
0x000000000b73f000 	/usr/lib/libcmph.dylib
0x000000000b73f000 	/System/Library/Frameworks/OpenDirectory.framework/Versions/A/Frameworks/CFOpenDirectory.framework/Versions/A/CFOpenDirectory
0x000000000b73f000 	/System/Library/Frameworks/OpenDirectory.framework/Versions/A/OpenDirectory
0x000000000b73f000 	/System/Library/PrivateFrameworks/APFS.framework/Versions/A/APFS
0x000000000b73f000 	/System/Library/Frameworks/SecurityFoundation.framework/Versions/A/SecurityFoundation
0x000000000b73f000 	/usr/lib/libutil.dylib
0x000000000b73f000 	/System/Library/PrivateFrameworks/CoreServicesStore.framework/Versions/A/CoreServicesStore
0x000000000b73f000 	/System/Library/Frameworks/ServiceManagement.framework/Versions/A/ServiceManagement
0x000000000b73f000 	/System/Library/PrivateFrameworks/BackgroundTaskManagement.framework/Versions/A/BackgroundTaskManagement
0x000000000b73f000 	/usr/lib/libxslt.1.dylib
0x000000000b73f000 	/System/Library/PrivateFrameworks/AppleSystemInfo.framework/Versions/A/AppleSystemInfo
0x000000000b73f000 	/System/Library/Frameworks/ImageIO.framework/Versions/A/Resources/libJPEG.dylib
0x000000000b73f000 	/System/Library/Frameworks/ImageIO.framework/Versions/A/Resources/libTIFF.dylib
0x000000000b73f000 	/System/Library/Frameworks/ImageIO.framework/Versions/A/Resources/libPng.dylib
0x000000000b73f000 	/System/Library/Frameworks/ImageIO.framework/Versions/A/Resources/libGIF.dylib
0x000000000b73f000 	/System/Library/Frameworks/ImageIO.framework/Versions/A/Resources/libJP2.dylib
0x000000000b73f000 	/System/Library/Frameworks/ImageIO.framework/Versions/A/Resources/libRadiance.dylib
0x000000000b73f000 	/usr/lib/libexpat.1.dylib
0x000000000b73f000 	/System/Library/PrivateFrameworks/AppleJPEG.framework/Versions/A/AppleJPEG
0x000000000b73f000 	/System/Library/PrivateFrameworks/FontServices.framework/libFontParser.dylib
0x000000000b73f000 	/System/Library/PrivateFrameworks/WatchdogClient.framework/Versions/A/WatchdogClient
0x000000000b73f000 	/System/Library/PrivateFrameworks/IOAccelerator.framework/Versions/A/IOAccelerator
0x000000000b73f000 	/System/Library/Frameworks/MetalPerformanceShaders.framework/Versions/A/MetalPerformanceShaders
0x000000000b73f000 	/System/Library/PrivateFrameworks/GPUWrangler.framework/Versions/A/GPUWrangler
0x000000000b73f000 	/System/Library/PrivateFrameworks/IOPresentment.framework/Versions/A/IOPresentment
0x000000000b73f000 	/System/Library/PrivateFrameworks/DSExternalDisplay.framework/Versions/A/DSExternalDisplay
0x000000000b73f000 	/System/Library/Frameworks/OpenGL.framework/Versions/A/Libraries/libCoreFSCache.dylib
0x000000000b73f000 	/System/Library/Frameworks/MetalPerformanceShaders.framework/Frameworks/MPSCore.framework/Versions/A/MPSCore
0x000000000b73f000 	/System/Library/Frameworks/MetalPerformanceShaders.framework/Frameworks/MPSImage.framework/Versions/A/MPSImage
0x000000000b73f000 	/System/Library/Frameworks/MetalPerformanceShaders.framework/Frameworks/MPSNeuralNetwork.framework/Versions/A/MPSNeuralNetwork
0x000000000b73f000 	/System/Library/Frameworks/MetalPerformanceShaders.framework/Frameworks/MPSMatrix.framework/Versions/A/MPSMatrix
0x000000000b73f000 	/System/Library/Frameworks/MetalPerformanceShaders.framework/Frameworks/MPSRayIntersector.framework/Versions/A/MPSRayIntersector
0x000000000b73f000 	/System/Library/Frameworks/MetalPerformanceShaders.framework/Frameworks/MPSNDArray.framework/Versions/A/MPSNDArray
0x000000000b73f000 	/System/Library/PrivateFrameworks/MetalTools.framework/Versions/A/MetalTools
0x000000000b73f000 	/System/Library/PrivateFrameworks/AggregateDictionary.framework/Versions/A/AggregateDictionary
0x000000000b73f000 	/System/Library/PrivateFrameworks/CoreAnalytics.framework/Versions/A/CoreAnalytics
0x000000000b73f000 	/System/Library/PrivateFrameworks/AppleSauce.framework/Versions/A/AppleSauce
0x000000000b73f000 	/usr/lib/libIOReport.dylib
0x000000000b73f000 	/System/Library/Frameworks/CoreVideo.framework/Versions/A/CoreVideo
0x000000000b73f000 	/System/Library/PrivateFrameworks/GraphVisualizer.framework/Versions/A/GraphVisualizer
0x000000000b73f000 	/System/Library/PrivateFrameworks/FaceCore.framework/Versions/A/FaceCore
0x000000000b73f000 	/System/Library/Frameworks/OpenCL.framework/Versions/A/OpenCL
0x000000000b73f000 	/usr/lib/libFosl_dynamic.dylib
0x000000000b73f000 	/System/Library/PrivateFrameworks/OTSVG.framework/Versions/A/OTSVG
0x000000000b73f000 	/System/Library/Frameworks/ApplicationServices.framework/Versions/A/Frameworks/ATS.framework/Versions/A/Resources/libFontRegistry.dylib
0x000000000b73f000 	/System/Library/PrivateFrameworks/FontServices.framework/libhvf.dylib
0x000000000b73f000 	/System/Library/Frameworks/OpenGL.framework/Versions/A/Libraries/libGFXShared.dylib
0x000000000b73f000 	/System/Library/Frameworks/OpenGL.framework/Versions/A/Libraries/libGLU.dylib
0x000000000b73f000 	/System/Library/Frameworks/OpenGL.framework/Versions/A/Libraries/libGL.dylib
0x000000000b73f000 	/System/Library/Frameworks/OpenGL.framework/Versions/A/Libraries/libGLImage.dylib
0x000000000b73f000 	/System/Library/Frameworks/OpenGL.framework/Versions/A/Libraries/libCVMSPluginSupport.dylib
0x000000000b73f000 	/System/Library/Frameworks/OpenGL.framework/Versions/A/Libraries/libCoreVMClient.dylib
0x000000000b73f000 	/usr/lib/libncurses.5.4.dylib
0x000000000b73f000 	/System/Library/Frameworks/ApplicationServices.framework/Versions/A/Frameworks/ATS.framework/Versions/A/ATS
0x000000000b73f000 	/System/Library/Frameworks/ApplicationServices.framework/Versions/A/Frameworks/ColorSyncLegacy.framework/Versions/A/ColorSyncLegacy
0x000000000b73f000 	/System/Library/Frameworks/ApplicationServices.framework/Versions/A/Frameworks/HIServices.framework/Versions/A/HIServices
0x000000000b73f000 	/System/Library/Frameworks/ApplicationServices.framework/Versions/A/Frameworks/LangAnalysis.framework/Versions/A/LangAnalysis
0x000000000b73f000 	/System/Library/Frameworks/ApplicationServices.framework/Versions/A/Frameworks/PrintCore.framework/Versions/A/PrintCore
0x000000000b73f000 	/System/Library/Frameworks/ApplicationServices.framework/Versions/A/Frameworks/QD.framework/Versions/A/QD
0x000000000b73f000 	/System/Library/Frameworks/ApplicationServices.framework/Versions/A/Frameworks/SpeechSynthesis.framework/Versions/A/SpeechSynthesis
0x000000000b73f000 	/System/Library/Frameworks/ApplicationServices.framework/Versions/A/Frameworks/ATSUI.framework/Versions/A/ATSUI
0x000000000b73f000 	/usr/lib/libcups.2.dylib
0x000000000b73f000 	/System/Library/Frameworks/Kerberos.framework/Versions/A/Kerberos
0x000000000b73f000 	/System/Library/Frameworks/GSS.framework/Versions/A/GSS
0x000000000b73f000 	/usr/lib/libresolv.9.dylib
0x000000000b73f000 	/System/Library/PrivateFrameworks/Heimdal.framework/Versions/A/Heimdal
0x000000000b73f000 	/System/Library/Frameworks/Kerberos.framework/Versions/A/Libraries/libHeimdalProxy.dylib
0x000000000b73f000 	/usr/lib/libheimdal-asn1.dylib
0x000000000b73f000 	/System/Library/PrivateFrameworks/CommonAuth.framework/Versions/A/CommonAuth
0x000000000b73f000 	/System/Library/PrivateFrameworks/AssertionServices.framework/Versions/A/AssertionServices
0x000000000b73f000 	/System/Library/PrivateFrameworks/AudioToolboxCore.framework/Versions/A/AudioToolboxCore
0x000000000b73f000 	/System/Library/PrivateFrameworks/caulk.framework/Versions/A/caulk
0x000000000b73f000 	/System/Library/PrivateFrameworks/BaseBoard.framework/Versions/A/BaseBoard
0x000000000b73f000 	/System/Library/PrivateFrameworks/RunningBoardServices.framework/Versions/A/RunningBoardServices
0x000000000b73f000 	/System/Library/PrivateFrameworks/PersistentConnection.framework/Versions/A/PersistentConnection
0x000000000b73f000 	/System/Library/PrivateFrameworks/ProtocolBuffer.framework/Versions/A/ProtocolBuffer
0x000000000b73f000 	/System/Library/PrivateFrameworks/CommonUtilities.framework/Versions/A/CommonUtilities
0x000000000b73f000 	/System/Library/PrivateFrameworks/Bom.framework/Versions/A/Bom
0x000000000b73f000 	/usr/lib/libAudioToolboxUtility.dylib
0x000000000b73f000 	/System/Library/PrivateFrameworks/Backup.framework/Versions/A/Backup
0x000000000b73f000 	/System/Library/PrivateFrameworks/CrashReporterSupport.framework/Versions/A/CrashReporterSupport
0x000000000b73f000 	/System/Library/PrivateFrameworks/Sharing.framework/Versions/A/Sharing
0x000000000b73f000 	/System/Library/PrivateFrameworks/Apple80211.framework/Versions/A/Apple80211
0x000000000b73f000 	/System/Library/PrivateFrameworks/AuthKit.framework/Versions/A/AuthKit
0x000000000b73f000 	/System/Library/PrivateFrameworks/CoreUtils.framework/Versions/A/CoreUtils
0x000000000b73f000 	/System/Library/Frameworks/CoreWLAN.framework/Versions/A/CoreWLAN
0x000000000b73f000 	/System/Library/Frameworks/IOBluetooth.framework/Versions/A/IOBluetooth
0x000000000b73f000 	/System/Library/PrivateFrameworks/MobileKeyBag.framework/Versions/A/MobileKeyBag
0x000000000b73f000 	/System/Library/PrivateFrameworks/CorePhoneNumbers.framework/Versions/A/CorePhoneNumbers
0x000000000b73f000 	/System/Library/PrivateFrameworks/AppleIDAuthSupport.framework/Versions/A/AppleIDAuthSupport
0x000000000b73f000 	/System/Library/Frameworks/Network.framework/Versions/A/Network
0x000000000b73f000 	/System/Library/PrivateFrameworks/KeychainCircle.framework/Versions/A/KeychainCircle
0x000000000b73f000 	/System/Library/Frameworks/CoreBluetooth.framework/Versions/A/CoreBluetooth
0x000000000b73f000 	/System/Library/PrivateFrameworks/SpeechRecognitionCore.framework/Versions/A/SpeechRecognitionCore
0x0000000105400000 	/Library/Java/JavaVirtualMachines/jdk1.8.0_151.jdk/Contents/Home/jre/lib/server/libjvm.dylib
0x000000000b73f000 	/usr/lib/libstdc++.6.dylib
0x0000000104b42000 	/Library/Java/JavaVirtualMachines/jdk1.8.0_151.jdk/Contents/Home/jre/lib/libverify.dylib
0x0000000104b50000 	/Library/Java/JavaVirtualMachines/jdk1.8.0_151.jdk/Contents/Home/jre/lib/libjava.dylib
0x0000000104b86000 	/Library/Java/JavaVirtualMachines/jdk1.8.0_151.jdk/Contents/Home/jre/lib/libjdwp.dylib
0x0000000104bd1000 	/Library/Java/JavaVirtualMachines/jdk1.8.0_151.jdk/Contents/Home/jre/lib/libnpt.dylib
0x00000001063e7000 	/Library/Java/JavaVirtualMachines/jdk1.8.0_151.jdk/Contents/Home/jre/lib/libzip.dylib
0x000000000b73f000 	/System/Library/Frameworks/JavaVM.framework/Versions/A/Frameworks/JavaRuntimeSupport.framework/Versions/A/JavaRuntimeSupport
0x000000000b73f000 	/System/Library/Frameworks/JavaVM.framework/Versions/A/Frameworks/JavaNativeFoundation.framework/Versions/A/JavaNativeFoundation
0x000000000b73f000 	/System/Library/Frameworks/JavaVM.framework/Versions/A/JavaVM
0x000000000b73f000 	/System/Library/Frameworks/Carbon.framework/Versions/A/Carbon
0x000000000b73f000 	/System/Library/PrivateFrameworks/CoreSymbolication.framework/Versions/A/CoreSymbolication
0x000000000b73f000 	/System/Library/PrivateFrameworks/JavaLaunching.framework/Versions/A/JavaLaunching
0x000000000b73f000 	/System/Library/Frameworks/Carbon.framework/Versions/A/Frameworks/CommonPanels.framework/Versions/A/CommonPanels
0x000000000b73f000 	/System/Library/Frameworks/Carbon.framework/Versions/A/Frameworks/Help.framework/Versions/A/Help
0x000000000b73f000 	/System/Library/Frameworks/Carbon.framework/Versions/A/Frameworks/ImageCapture.framework/Versions/A/ImageCapture
0x000000000b73f000 	/System/Library/Frameworks/Carbon.framework/Versions/A/Frameworks/OpenScripting.framework/Versions/A/OpenScripting
0x000000000b73f000 	/System/Library/Frameworks/Carbon.framework/Versions/A/Frameworks/Ink.framework/Versions/A/Ink
0x000000000b73f000 	/System/Library/Frameworks/Carbon.framework/Versions/A/Frameworks/Print.framework/Versions/A/Print
0x000000000b73f000 	/System/Library/Frameworks/Carbon.framework/Versions/A/Frameworks/SecurityHI.framework/Versions/A/SecurityHI
0x000000000b73f000 	/System/Library/PrivateFrameworks/DebugSymbols.framework/Versions/A/DebugSymbols
0x0000000108d94000 	/Library/Java/JavaVirtualMachines/jdk1.8.0_151.jdk/Contents/Home/jre/lib/libdt_socket.dylib
0x0000000108dea000 	/Library/Java/JavaVirtualMachines/jdk1.8.0_151.jdk/Contents/Home/jre/lib/libnio.dylib
0x0000000108dfa000 	/Library/Java/JavaVirtualMachines/jdk1.8.0_151.jdk/Contents/Home/jre/lib/libnet.dylib
0x0000000108e59000 	/private/var/folders/61/df80ptfj4n74h8bwx_0gm7v40000gn/T/lwjglchrisralph/3.2.3-build-13/liblwjgl.dylib
0x0000000108ea0000 	/private/var/folders/61/df80ptfj4n74h8bwx_0gm7v40000gn/T/lwjglchrisralph/3.2.3-build-13/libglfw.dylib
0x000000000b73f000 	/System/Library/PrivateFrameworks/CoreServicesInternal.framework/Versions/A/CoreServicesInternal
0x000000000b73f000 	/System/Library/Frameworks/FileProvider.framework/Versions/A/FileProvider
0x000000000b73f000 	/System/Library/Frameworks/Accounts.framework/Versions/A/Accounts
0x000000000b73f000 	/System/Library/PrivateFrameworks/GenerationalStorage.framework/Versions/A/GenerationalStorage
0x000000000b73f000 	/System/Library/PrivateFrameworks/SymptomDiagnosticReporter.framework/Versions/A/SymptomDiagnosticReporter
0x000000000b73f000 	/System/Library/PrivateFrameworks/AppContainer.framework/Versions/A/AppContainer
0x000000000b73f000 	/usr/lib/libsandbox.1.dylib
0x000000000b73f000 	/System/Library/PrivateFrameworks/UserManagement.framework/Versions/A/UserManagement
0x000000000b73f000 	/System/Library/PrivateFrameworks/ChunkingLibrary.framework/Versions/A/ChunkingLibrary
0x000000000b73f000 	/System/Library/PrivateFrameworks/AppSandbox.framework/Versions/A/AppSandbox
0x000000000b73f000 	/System/Library/PrivateFrameworks/SecCodeWrapper.framework/Versions/A/SecCodeWrapper
0x000000000b73f000 	/usr/lib/libMatch.1.dylib
0x000000000b73f000 	/System/Library/Frameworks/Accelerate.framework/Versions/A/Frameworks/vImage.framework/Versions/A/Libraries/libCGInterfaces.dylib
0x000000000b73f000 	/System/Library/PrivateFrameworks/FontServices.framework/libTrueTypeScaler.dylib
0x000000000b73f000 	/System/Library/Extensions/AppleIntelBDWGraphicsMTLDriver.bundle/Contents/MacOS/AppleIntelBDWGraphicsMTLDriver
0x000000000b73f000 	/System/Library/PrivateFrameworks/GPUCompiler.framework/Versions/3902/Libraries/libmetal_timestamp.dylib

VM Arguments:
jvm_args: -Xdebug -Xrunjdwp:transport=dt_socket,address=localhost:62893 -Dfile.encoding=UTF-8 -Djava.library.path=lib/natives 
java_command: main.HelloWorld
java_class_path (initial): /Users/chrisralph/Documents/Code/RpgBuildingGenerator/RpgBuildingGenerator/lib/jars/slick-util.jar:/Users/chrisralph/Documents/Code/RpgBuildingGenerator/RpgBuildingGenerator/lib/jars/lwjgl-javadoc.jar:/Users/chrisralph/Documents/Code/RpgBuildingGenerator/RpgBuildingGenerator/lib/jars/lwjgl-natives-macos.jar:/Users/chrisralph/Documents/Code/RpgBuildingGenerator/RpgBuildingGenerator/lib/jars/lwjgl-opengl-javadoc.jar:/Users/chrisralph/Documents/Code/RpgBuildingGenerator/RpgBuildingGenerator/lib/jars/lwjgl-opengl-natives-macos.jar:/Users/chrisralph/Documents/Code/RpgBuildingGenerator/RpgBuildingGenerator/lib/jars/lwjgl-opengl.jar:/Users/chrisralph/Documents/Code/RpgBuildingGenerator/RpgBuildingGenerator/lib/jars/lwjgl.jar:/Users/chrisralph/Documents/Code/RpgBuildingGenerator/RpgBuildingGenerator/lib/jars/lwjgl-glfw-javadoc.jar:/Users/chrisralph/Documents/Code/RpgBuildingGenerator/RpgBuildingGenerator/lib/jars/lwjgl-glfw-natives-macos.jar:/Users/chrisralph/Documents/Code/RpgBuildingGenerator/RpgBuildingGenerator/lib/jars/lwjgl-glfw.jar:/Users/chrisralph/Documents/Code/RpgBuildingGenerator/RpgBuildingGenerator/lib/jars/joml-1.9.24-javadoc.jar:/Users/chrisralph/Documents/Code/RpgBuildingGenerator/RpgBuildingGenerator/lib/jars/joml-1.9.24.jar:/Users/chrisralph/Documents/Code/RpgBuildingGenerator/RpgBuildingGenerator/build/classes
Launcher Type: SUN_STANDARD

Environment Variables:
PATH=/usr/bin:/bin:/usr/sbin:/sbin
LD_LIBRARY_PATH=/Library/Java/JavaVirtualMachines/jdk1.8.0_151.jdk/Contents/Home/jre/lib/amd64:/Library/Java/JavaVirtualMachines/jdk1.8.0_151.jdk/Contents/Home/jre/lib/i386:
SHELL=/bin/bash

Signal Handlers:
SIGSEGV: [libjvm.dylib+0x5b27a5], sa_mask[0]=11111111011111110111111111111111, sa_flags=SA_ONSTACK|SA_RESTART|SA_SIGINFO
SIGBUS: [libjvm.dylib+0x5b27a5], sa_mask[0]=11111111011111110111111111111111, sa_flags=SA_RESTART|SA_SIGINFO
SIGFPE: [libjvm.dylib+0x4891c4], sa_mask[0]=11111111011111110111111111111111, sa_flags=SA_RESTART|SA_SIGINFO
SIGPIPE: [libjvm.dylib+0x4891c4], sa_mask[0]=11111111011111110111111111111111, sa_flags=SA_RESTART|SA_SIGINFO
SIGXFSZ: [libjvm.dylib+0x4891c4], sa_mask[0]=11111111011111110111111111111111, sa_flags=SA_RESTART|SA_SIGINFO
SIGILL: [libjvm.dylib+0x4891c4], sa_mask[0]=11111111011111110111111111111111, sa_flags=SA_RESTART|SA_SIGINFO
SIGUSR1: SIG_DFL, sa_mask[0]=00000000000000000000000000000000, sa_flags=none
SIGUSR2: [libjvm.dylib+0x488ce2], sa_mask[0]=00100000000000000000000000000000, sa_flags=SA_RESTART|SA_SIGINFO
SIGHUP: [libjvm.dylib+0x4872b9], sa_mask[0]=11111111011111110111111111111111, sa_flags=SA_RESTART|SA_SIGINFO
SIGINT: SIG_IGN, sa_mask[0]=00000000000000000000000000000000, sa_flags=none
SIGTERM: [libjvm.dylib+0x4872b9], sa_mask[0]=11111111011111110111111111111111, sa_flags=SA_RESTART|SA_SIGINFO
SIGQUIT: [libjvm.dylib+0x4872b9], sa_mask[0]=11111111011111110111111111111111, sa_flags=SA_RESTART|SA_SIGINFO


---------------  S Y S T E M  ---------------

OS:Bsduname:Darwin 19.4.0 Darwin Kernel Version 19.4.0: Wed Mar  4 22:28:40 PST 2020; root:xnu-6153.101.6~15/RELEASE_X86_64 x86_64
rlimit: STACK 8192k, CORE 0k, NPROC 1392, NOFILE 10240, AS infinity
load average:2.02 2.02 2.15

CPU:total 4 (initial active 4) (2 cores per cpu, 2 threads per core) family 6 model 61 stepping 4, cmov, cx8, fxsr, mmx, sse, sse2, sse3, ssse3, sse4.1, sse4.2, popcnt, avx, avx2, aes, clmul, erms, 3dnowpref, lzcnt, ht, tsc, tscinvbit, bmi1, bmi2, adx

Memory: 4k page, physical 8388608k(58276k free)

/proc/meminfo:


vm_info: Java HotSpot(TM) 64-Bit Server VM (25.151-b12) for bsd-amd64 JRE (1.8.0_151-b12), built on Sep  5 2017 19:37:08 by "java_re" with gcc 4.2.1 (Based on Apple Inc. build 5658) (LLVM build 2336.11.00)

time: Tue May  5 19:23:03 2020
elapsed time: 5 seconds (0d 0h 0m 5s)

