#
# A fatal error has been detected by the Java Runtime Environment:
#
#  SIGSEGV (0xb) at pc=0x00007fff3f7117fe, pid=4916, tid=0x0000000000012f03
#
# JRE version: Java(TM) SE Runtime Environment (8.0_151-b12) (build 1.8.0_151-b12)
# Java VM: Java HotSpot(TM) 64-Bit Server VM (25.151-b12 mixed mode bsd-amd64 compressed oops)
# Problematic frame:
# C  [GLEngine+0x12a7fe]  gleRunVertexSubmitImmediate+0x19ce
#
# Failed to write core dump. Core dumps have been disabled. To enable core dumping, try "ulimit -c unlimited" before starting Java again
#
# If you would like to submit a bug report, please visit:
#   http://bugreport.java.com/bugreport/crash.jsp
# The crash happened outside the Java Virtual Machine in native code.
# See problematic frame for where to report the bug.
#

---------------  T H R E A D  ---------------

Current thread (0x00007ff3701a9800):  JavaThread "AWT-EventQueue-0" [_thread_in_native, id=77571, stack(0x00007000078ee000,0x00007000079ee000)]

siginfo: si_signo: 11 (SIGSEGV), si_code: 1 (SEGV_MAPERR), si_addr: 0x0000000000000000

Registers:
RAX=0x0000000000000000, RBX=0x0000000000000832, RCX=0x00007fff3f7117fe, RDX=0x00007fff3f712b94
RSP=0x00007000079ec120, RBP=0x00007000079ec2c0, RSI=0x0000000000000027, RDI=0x0000000000000002
R8 =0x0000000000000005, R9 =0x00007ff374747370, R10=0x0000000000000006, R11=0x000000010640108b
R12=0x0000000000000010, R13=0x0000000000000001, R14=0x0000000000000002, R15=0x0000083200845804
RIP=0x00007fff3f7117fe, EFLAGS=0x0000000000010203, ERR=0x0000000000000004
  TRAPNO=0x000000000000000e

Top of Stack: (sp=0x00007000079ec120)
0x00007000079ec120:   cb000000cb000000 cb000000cb000000
0x00007000079ec130:   0000000000000001 0000000000000001
0x00007000079ec140:   0000000000000005 00007ff3732d7170
0x00007000079ec150:   00007ff3732d7140 00007ff3732d71a0
0x00007000079ec160:   00007ff3732d7160 00007ff3732d7180
0x00007000079ec170:   00007ff3732d7150 0000000000000003
0x00007000079ec180:   0000000000000000 0000000000000000
0x00007000079ec190:   00007ff3732d7190 00007ff374747370
0x00007000079ec1a0:   fffffffffffffffe 00007fff3f6c985e
0x00007000079ec1b0:   0000000000000000 000000003f800000
0x00007000079ec1c0:   0000000000000001 00007ff3732d7140
0x00007000079ec1d0:   0000000000000010 00007ff3732e3d90
0x00007000079ec1e0:   0000000000000000 00007ff3732d7000
0x00007000079ec1f0:   0000000800000004 0000001000000001
0x00007000079ec200:   00007ff3732d7000 0000000000000001
0x00007000079ec210:   eb85aa7751250089 00007ff3732d7000
0x00007000079ec220:   0000000000000000 0000000000000000
0x00007000079ec230:   0000000000000000 00007fff29e28f2e
0x00007000079ec240:   0000000000001428 00007ff3732322b0
0x00007000079ec250:   0000000000000000 000000016eec76c0
0x00007000079ec260:   000000016eed0480 00000001680de000
0x00007000079ec270:   00007ff3732dada0 00007ff3732dafb0
0x00007000079ec280:   00007ff371e7dbc0 0000000000000000
0x00007000079ec290:   eb85aa7751250089 0000000000000000
0x00007000079ec2a0:   00007ff3732d7000 00007ff371e7d800
0x00007000079ec2b0:   00000000000002f4 00000000000002f4
0x00007000079ec2c0:   00007000079ec320 00007fff3f691bdd
0x00007000079ec2d0:   00007ff371e7dc40 0000000000000004
0x00007000079ec2e0:   0000000000000004 00000000000002f4
0x00007000079ec2f0:   000002f4079ec330 00000001285c7e98
0x00007000079ec300:   0000000000000000 00000001285c7e98
0x00007000079ec310:   00007000079ec460 00007ff3701a9800 

Instructions: (pc=0x00007fff3f7117fe)
0x00007fff3f7117de:   10 00 00 48 b9 00 00 00 00 00 00 80 3f 49 89 4c
0x00007fff3f7117ee:   00 08 49 39 de 0f 85 80 e9 ff ff e9 c2 10 00 00
0x00007fff3f7117fe:   48 8b 00 48 89 85 18 ff ff ff 48 89 45 80 e9 bf
0x00007fff3f71180e:   f4 ff ff 48 8b 08 48 89 8d 18 ff ff ff 48 89 4d 

Register to memory mapping:

RAX=0x0000000000000000 is an unknown value
RBX=0x0000000000000832 is an unknown value
RCX=0x00007fff3f7117fe: gleRunVertexSubmitImmediate+0x19ce in /System/Library/Frameworks/OpenGL.framework/Versions/A/Resources/GLEngine.bundle/GLEngine at 0x00007fff3f5e7000
RDX=0x00007fff3f712b94: gleRunVertexSubmitImmediate+0x2d64 in /System/Library/Frameworks/OpenGL.framework/Versions/A/Resources/GLEngine.bundle/GLEngine at 0x00007fff3f5e7000
RSP=0x00007000079ec120 is pointing into the stack for thread: 0x00007ff3701a9800
RBP=0x00007000079ec2c0 is pointing into the stack for thread: 0x00007ff3701a9800
RSI=0x0000000000000027 is an unknown value
RDI=0x0000000000000002 is an unknown value
R8 =0x0000000000000005 is an unknown value
R9 =0x00007ff374747370 is an unknown value
R10=0x0000000000000006 is an unknown value
R11=0x000000010640108b is an unknown value
R12=0x0000000000000010 is an unknown value
R13=0x0000000000000001 is an unknown value
R14=0x0000000000000002 is an unknown value
R15=0x0000083200845804 is an unknown value


Stack: [0x00007000078ee000,0x00007000079ee000],  sp=0x00007000079ec120,  free space=1016k
Native frames: (J=compiled Java code, j=interpreted, Vv=VM code, C=native code)
C  [GLEngine+0x12a7fe]  gleRunVertexSubmitImmediate+0x19ce
C  [GLEngine+0xaabdd]  glDrawElements_GL3Exec+0x2b8
C  [libjogl_desktop.jnilib+0x286d1]  Java_jogamp_opengl_gl4_GL4bcImpl_dispatch_1glDrawElements1__IIIJJ+0x41
j  jogamp.opengl.gl4.GL4bcImpl.dispatch_glDrawElements1(IIIJJ)V+0
j  jogamp.opengl.gl4.GL4bcImpl.glDrawElements(IIIJ)V+53
j  viewer.Mesh.render(Lcom/jogamp/opengl/GL4;)V+53
j  viewer.Renderer.display(Lcom/jogamp/opengl/GLAutoDrawable;)V+526
j  jogamp.opengl.GLDrawableHelper.displayImpl(Lcom/jogamp/opengl/GLAutoDrawable;)V+62
j  jogamp.opengl.GLDrawableHelper.display(Lcom/jogamp/opengl/GLAutoDrawable;)V+2
j  com.jogamp.opengl.awt.GLCanvas$11.run()V+118
j  jogamp.opengl.GLDrawableHelper.invokeGLImpl(Lcom/jogamp/opengl/GLDrawable;Lcom/jogamp/opengl/GLContext;Ljava/lang/Runnable;Ljava/lang/Runnable;)V+203
j  jogamp.opengl.GLDrawableHelper.invokeGL(Lcom/jogamp/opengl/GLDrawable;Lcom/jogamp/opengl/GLContext;Ljava/lang/Runnable;Ljava/lang/Runnable;)V+72
j  com.jogamp.opengl.awt.GLCanvas$12.run()V+104
J 1296 C1 java.awt.event.InvocationEvent.dispatch()V (69 bytes) @ 0x000000010fc3e7ec [0x000000010fc3e6a0+0x14c]
J 1254 C1 java.awt.EventQueue.dispatchEventImpl(Ljava/awt/AWTEvent;Ljava/lang/Object;)V (149 bytes) @ 0x000000010fc26e64 [0x000000010fc25340+0x1b24]
J 1252 C1 java.awt.EventQueue$3.run()Ljava/lang/Void; (60 bytes) @ 0x000000010fc2472c [0x000000010fc24500+0x22c]
J 1251 C1 java.awt.EventQueue$3.run()Ljava/lang/Object; (5 bytes) @ 0x000000010fc24194 [0x000000010fc24100+0x94]
v  ~StubRoutines::call_stub
V  [libjvm.dylib+0x2ee9aa]
V  [libjvm.dylib+0x34f108]
J 1044  java.security.AccessController.doPrivileged(Ljava/security/PrivilegedAction;Ljava/security/AccessControlContext;)Ljava/lang/Object; (0 bytes) @ 0x000000010fbb0615 [0x000000010fbb0540+0xd5]
J 1146 C1 java.awt.EventQueue.dispatchEvent(Ljava/awt/AWTEvent;)V (80 bytes) @ 0x000000010fbe8f04 [0x000000010fbe8540+0x9c4]
J 1255 C1 java.awt.EventDispatchThread.pumpOneEventForFilters(I)V (295 bytes) @ 0x000000010fc20c54 [0x000000010fc1f020+0x1c34]
j  java.awt.EventDispatchThread.pumpEventsForFilter(ILjava/awt/Conditional;Ljava/awt/EventFilter;)V+35
j  java.awt.EventDispatchThread.pumpEventsForHierarchy(ILjava/awt/Conditional;Ljava/awt/Component;)V+11
j  java.awt.EventDispatchThread.pumpEvents(ILjava/awt/Conditional;)V+4
j  java.awt.EventDispatchThread.pumpEvents(Ljava/awt/Conditional;)V+3
j  java.awt.EventDispatchThread.run()V+9
v  ~StubRoutines::call_stub
V  [libjvm.dylib+0x2ee9aa]
V  [libjvm.dylib+0x2ef14e]
V  [libjvm.dylib+0x2ef2fa]
V  [libjvm.dylib+0x349a51]
V  [libjvm.dylib+0x56c173]
V  [libjvm.dylib+0x56d860]
V  [libjvm.dylib+0x48bbb2]
C  [libsystem_pthread.dylib+0x6109]  _pthread_start+0x94
C  [libsystem_pthread.dylib+0x1b8b]  thread_start+0xf
C  0x0000000000000000

Java frames: (J=compiled Java code, j=interpreted, Vv=VM code)
j  jogamp.opengl.gl4.GL4bcImpl.dispatch_glDrawElements1(IIIJJ)V+0
j  jogamp.opengl.gl4.GL4bcImpl.glDrawElements(IIIJ)V+53
j  viewer.Mesh.render(Lcom/jogamp/opengl/GL4;)V+53
j  viewer.Renderer.display(Lcom/jogamp/opengl/GLAutoDrawable;)V+526
j  jogamp.opengl.GLDrawableHelper.displayImpl(Lcom/jogamp/opengl/GLAutoDrawable;)V+62
j  jogamp.opengl.GLDrawableHelper.display(Lcom/jogamp/opengl/GLAutoDrawable;)V+2
j  com.jogamp.opengl.awt.GLCanvas$11.run()V+118
j  jogamp.opengl.GLDrawableHelper.invokeGLImpl(Lcom/jogamp/opengl/GLDrawable;Lcom/jogamp/opengl/GLContext;Ljava/lang/Runnable;Ljava/lang/Runnable;)V+203
j  jogamp.opengl.GLDrawableHelper.invokeGL(Lcom/jogamp/opengl/GLDrawable;Lcom/jogamp/opengl/GLContext;Ljava/lang/Runnable;Ljava/lang/Runnable;)V+72
j  com.jogamp.opengl.awt.GLCanvas$12.run()V+104
J 1296 C1 java.awt.event.InvocationEvent.dispatch()V (69 bytes) @ 0x000000010fc3e7ec [0x000000010fc3e6a0+0x14c]
J 1254 C1 java.awt.EventQueue.dispatchEventImpl(Ljava/awt/AWTEvent;Ljava/lang/Object;)V (149 bytes) @ 0x000000010fc26e64 [0x000000010fc25340+0x1b24]
J 1252 C1 java.awt.EventQueue$3.run()Ljava/lang/Void; (60 bytes) @ 0x000000010fc2472c [0x000000010fc24500+0x22c]
J 1251 C1 java.awt.EventQueue$3.run()Ljava/lang/Object; (5 bytes) @ 0x000000010fc24194 [0x000000010fc24100+0x94]
v  ~StubRoutines::call_stub
J 1044  java.security.AccessController.doPrivileged(Ljava/security/PrivilegedAction;Ljava/security/AccessControlContext;)Ljava/lang/Object; (0 bytes) @ 0x000000010fbb05a3 [0x000000010fbb0540+0x63]
J 1146 C1 java.awt.EventQueue.dispatchEvent(Ljava/awt/AWTEvent;)V (80 bytes) @ 0x000000010fbe8f04 [0x000000010fbe8540+0x9c4]
J 1255 C1 java.awt.EventDispatchThread.pumpOneEventForFilters(I)V (295 bytes) @ 0x000000010fc20c54 [0x000000010fc1f020+0x1c34]
j  java.awt.EventDispatchThread.pumpEventsForFilter(ILjava/awt/Conditional;Ljava/awt/EventFilter;)V+35
j  java.awt.EventDispatchThread.pumpEventsForHierarchy(ILjava/awt/Conditional;Ljava/awt/Component;)V+11
j  java.awt.EventDispatchThread.pumpEvents(ILjava/awt/Conditional;)V+4
j  java.awt.EventDispatchThread.pumpEvents(Ljava/awt/Conditional;)V+3
j  java.awt.EventDispatchThread.run()V+9
v  ~StubRoutines::call_stub

---------------  P R O C E S S  ---------------

Java Threads: ( => current thread )
  0x00007ff37197e000 JavaThread "TimerQueue" daemon [_thread_blocked, id=27195, stack(0x0000700007c7a000,0x0000700007d7a000)]
  0x00007ff37107c800 JavaThread "DestroyJavaVM" [_thread_blocked, id=4099, stack(0x0000700006223000,0x0000700006323000)]
  0x00007ff371ac2800 JavaThread "main-FPSAWTAnimator#00-Timer0" [_thread_blocked, id=74771, stack(0x0000700007af4000,0x0000700007bf4000)]
  0x00007ff3701b1000 JavaThread "org.netbeans.modules.debugger.jpda.visual AWT Access Loop" daemon [_thread_blocked, id=54803, stack(0x00007000079f1000,0x0000700007af1000)]
=>0x00007ff3701a9800 JavaThread "AWT-EventQueue-0" [_thread_in_native, id=77571, stack(0x00007000078ee000,0x00007000079ee000)]
  0x00007ff3711d0800 JavaThread "Java2D Disposer" daemon [_thread_blocked, id=78099, stack(0x00007000077eb000,0x00007000078eb000)]
  0x00007ff370177000 JavaThread "Java2D Queue Flusher" daemon [_thread_blocked, id=50183, stack(0x00007000076e8000,0x00007000077e8000)]
  0x00007ff370150000 JavaThread "AWT-Shutdown" [_thread_blocked, id=37403, stack(0x00007000074df000,0x00007000075df000)]
  0x00007ff37013a000 JavaThread "AWT-AppKit" daemon [_thread_blocked, id=775, stack(0x00007ffee1b4c000,0x00007ffee234c000)]
  0x00007ff37006f000 JavaThread "Service Thread" daemon [_thread_blocked, id=15107, stack(0x0000700007256000,0x0000700007356000)]
  0x00007ff37081f000 JavaThread "C1 CompilerThread2" daemon [_thread_blocked, id=14595, stack(0x0000700007153000,0x0000700007253000)]
  0x00007ff37006a000 JavaThread "C2 CompilerThread1" daemon [_thread_blocked, id=17155, stack(0x0000700007050000,0x0000700007150000)]
  0x00007ff37081d800 JavaThread "C2 CompilerThread0" daemon [_thread_blocked, id=17411, stack(0x0000700006f4d000,0x000070000704d000)]
  0x00007ff370069800 JavaThread "JDWP Command Reader" daemon [_thread_in_native, id=13571, stack(0x0000700006e4a000,0x0000700006f4a000)]
  0x00007ff37180d000 JavaThread "JDWP Event Helper Thread" daemon [_thread_blocked, id=17923, stack(0x0000700006d47000,0x0000700006e47000)]
  0x00007ff37003b800 JavaThread "JDWP Transport Listener: dt_socket" daemon [_thread_blocked, id=13319, stack(0x0000700006c44000,0x0000700006d44000)]
  0x00007ff370067000 JavaThread "Signal Dispatcher" daemon [_thread_blocked, id=18691, stack(0x0000700006b41000,0x0000700006c41000)]
  0x00007ff371012800 JavaThread "Finalizer" daemon [_thread_blocked, id=20739, stack(0x0000700006938000,0x0000700006a38000)]
  0x00007ff370038000 JavaThread "Reference Handler" daemon [_thread_blocked, id=11267, stack(0x0000700006835000,0x0000700006935000)]

Other Threads:
  0x00007ff370035800 VMThread [stack: 0x0000700006732000,0x0000700006832000] [id=21507]
  0x00007ff371014000 WatcherThread [stack: 0x0000700007359000,0x0000700007459000] [id=15363]

VM state:not at safepoint (normal execution)

VM Mutex/Monitor currently owned by a thread: None

Heap:
 PSYoungGen      total 459776K, used 54069K [0x0000000795580000, 0x00000007ba100000, 0x00000007c0000000)
  eden space 432640K, 12% used [0x0000000795580000,0x000000079899fbe8,0x00000007afc00000)
  from space 27136K, 2% used [0x00000007afc00000,0x00000007afcadba8,0x00000007b1680000)
  to   space 27136K, 0% used [0x00000007b8680000,0x00000007b8680000,0x00000007ba100000)
 ParOldGen       total 115200K, used 60718K [0x0000000740000000, 0x0000000747080000, 0x0000000795580000)
  object space 115200K, 52% used [0x0000000740000000,0x0000000743b4bbb8,0x0000000747080000)
 Metaspace       used 21649K, capacity 22038K, committed 22320K, reserved 1069056K
  class space    used 2216K, capacity 2337K, committed 2432K, reserved 1048576K

Card table byte_map: [0x000000011e800000,0x000000011ec01000] byte_map_base: 0x000000011ae00000

Marking Bits: (ParMarkBitMap*) 0x000000010e1d25d0
 Begin Bits: [0x000000011eeac000, 0x0000000120eac000)
 End Bits:   [0x0000000120eac000, 0x0000000122eac000)

Polling page: 0x000000010e8c9000

CodeCache: size=245760Kb used=8636Kb max_used=8936Kb free=237123Kb
 bounds [0x000000010f800000, 0x00000001100e0000, 0x000000011e800000]
 total_blobs=3156 nmethods=2188 adapters=889
 compilation: enabled

Compilation events (10 events):
Event: 27.951 Thread 0x00007ff37081f000 2385       3       org.joml.Matrix4f::_m12 (7 bytes)
Event: 27.951 Thread 0x00007ff37081f000 nmethod 2385 0x000000010f9127d0 code [0x000000010f912920, 0x000000010f912a70]
Event: 27.951 Thread 0x00007ff37081f000 2389       3       org.joml.Matrix4f::_m01 (7 bytes)
Event: 27.951 Thread 0x00007ff37081f000 nmethod 2389 0x000000010fa39990 code [0x000000010fa39ae0, 0x000000010fa39c30]
Event: 27.951 Thread 0x00007ff37081f000 2390       3       org.joml.Matrix4f::_m02 (7 bytes)
Event: 27.951 Thread 0x00007ff37081f000 nmethod 2390 0x000000010fba3990 code [0x000000010fba3ae0, 0x000000010fba3c30]
Event: 27.951 Thread 0x00007ff37081f000 2388       3       org.joml.Matrix4f::_m20 (7 bytes)
Event: 27.951 Thread 0x00007ff37081f000 nmethod 2388 0x000000010fbe7f50 code [0x000000010fbe80a0, 0x000000010fbe81f0]
Event: 27.951 Thread 0x00007ff37081f000 2387       3       java.lang.Math::toRadians (10 bytes)
Event: 27.951 Thread 0x00007ff37081f000 nmethod 2387 0x000000010fc54a50 code [0x000000010fc54be0, 0x000000010fc54d30]

GC Heap History (10 events):
Event: 20.472 GC heap before
{Heap before GC invocations=11 (full 1):
 PSYoungGen      total 233984K, used 233959K [0x0000000795580000, 0x00000007abb00000, 0x00000007c0000000)
  eden space 224768K, 100% used [0x0000000795580000,0x00000007a3100000,0x00000007a3100000)
  from space 9216K, 99% used [0x00000007a3100000,0x00000007a39f9d00,0x00000007a3a00000)
  to   space 10752K, 0% used [0x00000007ab080000,0x00000007ab080000,0x00000007abb00000)
 ParOldGen       total 48128K, used 11715K [0x0000000740000000, 0x0000000742f00000, 0x0000000795580000)
  object space 48128K, 24% used [0x0000000740000000,0x0000000740b70e08,0x0000000742f00000)
 Metaspace       used 20841K, capacity 21238K, committed 21552K, reserved 1069056K
  class space    used 2189K, capacity 2305K, committed 2432K, reserved 1048576K
Event: 20.552 GC heap after
Heap after GC invocations=11 (full 1):
 PSYoungGen      total 341504K, used 10742K [0x0000000795580000, 0x00000007adf00000, 0x00000007c0000000)
  eden space 330752K, 0% used [0x0000000795580000,0x0000000795580000,0x00000007a9880000)
  from space 10752K, 99% used [0x00000007ab080000,0x00000007abafda20,0x00000007abb00000)
  to   space 24576K, 0% used [0x00000007a9880000,0x00000007a9880000,0x00000007ab080000)
 ParOldGen       total 48128K, used 45513K [0x0000000740000000, 0x0000000742f00000, 0x0000000795580000)
  object space 48128K, 94% used [0x0000000740000000,0x0000000742c726d8,0x0000000742f00000)
 Metaspace       used 20841K, capacity 21238K, committed 21552K, reserved 1069056K
  class space    used 2189K, capacity 2305K, committed 2432K, reserved 1048576K
}
Event: 20.552 GC heap before
{Heap before GC invocations=12 (full 2):
 PSYoungGen      total 341504K, used 10742K [0x0000000795580000, 0x00000007adf00000, 0x00000007c0000000)
  eden space 330752K, 0% used [0x0000000795580000,0x0000000795580000,0x00000007a9880000)
  from space 10752K, 99% used [0x00000007ab080000,0x00000007abafda20,0x00000007abb00000)
  to   space 24576K, 0% used [0x00000007a9880000,0x00000007a9880000,0x00000007ab080000)
 ParOldGen       total 48128K, used 45513K [0x0000000740000000, 0x0000000742f00000, 0x0000000795580000)
  object space 48128K, 94% used [0x0000000740000000,0x0000000742c726d8,0x0000000742f00000)
 Metaspace       used 20841K, capacity 21238K, committed 21552K, reserved 1069056K
  class space    used 2189K, capacity 2305K, committed 2432K, reserved 1048576K
Event: 20.966 GC heap after
Heap after GC invocations=12 (full 2):
 PSYoungGen      total 341504K, used 3570K [0x0000000795580000, 0x00000007adf00000, 0x00000007c0000000)
  eden space 330752K, 0% used [0x0000000795580000,0x0000000795580000,0x00000007a9880000)
  from space 10752K, 33% used [0x00000007ab080000,0x00000007ab3fcbc8,0x00000007abb00000)
  to   space 24576K, 0% used [0x00000007a9880000,0x00000007a9880000,0x00000007ab080000)
 ParOldGen       total 115200K, used 47871K [0x0000000740000000, 0x0000000747080000, 0x0000000795580000)
  object space 115200K, 41% used [0x0000000740000000,0x0000000742ebfc10,0x0000000747080000)
 Metaspace       used 20841K, capacity 21238K, committed 21552K, reserved 1069056K
  class space    used 2189K, capacity 2305K, committed 2432K, reserved 1048576K
}
Event: 21.875 GC heap before
{Heap before GC invocations=13 (full 2):
 PSYoungGen      total 341504K, used 334322K [0x0000000795580000, 0x00000007adf00000, 0x00000007c0000000)
  eden space 330752K, 100% used [0x0000000795580000,0x00000007a9880000,0x00000007a9880000)
  from space 10752K, 33% used [0x00000007ab080000,0x00000007ab3fcbc8,0x00000007abb00000)
  to   space 24576K, 0% used [0x00000007a9880000,0x00000007a9880000,0x00000007ab080000)
 ParOldGen       total 115200K, used 47871K [0x0000000740000000, 0x0000000747080000, 0x0000000795580000)
  object space 115200K, 41% used [0x0000000740000000,0x0000000742ebfc10,0x0000000747080000)
 Metaspace       used 20849K, capacity 21238K, committed 21552K, reserved 1069056K
  class space    used 2189K, capacity 2305K, committed 2432K, reserved 1048576K
Event: 21.926 GC heap after
Heap after GC invocations=13 (full 2):
 PSYoungGen      total 355328K, used 19900K [0x0000000795580000, 0x00000007b3c00000, 0x00000007c0000000)
  eden space 330752K, 0% used [0x0000000795580000,0x0000000795580000,0x00000007a9880000)
  from space 24576K, 80% used [0x00000007a9880000,0x00000007aabef1f8,0x00000007ab080000)
  to   space 26624K, 0% used [0x00000007b2200000,0x00000007b2200000,0x00000007b3c00000)
 ParOldGen       total 115200K, used 51472K [0x0000000740000000, 0x0000000747080000, 0x0000000795580000)
  object space 115200K, 44% used [0x0000000740000000,0x0000000743244128,0x0000000747080000)
 Metaspace       used 20849K, capacity 21238K, committed 21552K, reserved 1069056K
  class space    used 2189K, capacity 2305K, committed 2432K, reserved 1048576K
}
Event: 24.350 GC heap before
{Heap before GC invocations=14 (full 2):
 PSYoungGen      total 355328K, used 350652K [0x0000000795580000, 0x00000007b3c00000, 0x00000007c0000000)
  eden space 330752K, 100% used [0x0000000795580000,0x00000007a9880000,0x00000007a9880000)
  from space 24576K, 80% used [0x00000007a9880000,0x00000007aabef1f8,0x00000007ab080000)
  to   space 26624K, 0% used [0x00000007b2200000,0x00000007b2200000,0x00000007b3c00000)
 ParOldGen       total 115200K, used 51472K [0x0000000740000000, 0x0000000747080000, 0x0000000795580000)
  object space 115200K, 44% used [0x0000000740000000,0x0000000743244128,0x0000000747080000)
 Metaspace       used 20861K, capacity 21238K, committed 21552K, reserved 1069056K
  class space    used 2189K, capacity 2305K, committed 2432K, reserved 1048576K
Event: 24.369 GC heap after
Heap after GC invocations=14 (full 2):
 PSYoungGen      total 448000K, used 368K [0x0000000795580000, 0x00000007b3100000, 0x00000007c0000000)
  eden space 432640K, 0% used [0x0000000795580000,0x0000000795580000,0x00000007afc00000)
  from space 15360K, 2% used [0x00000007b2200000,0x00000007b225c010,0x00000007b3100000)
  to   space 27136K, 0% used [0x00000007afc00000,0x00000007afc00000,0x00000007b1680000)
 ParOldGen       total 115200K, used 60678K [0x0000000740000000, 0x0000000747080000, 0x0000000795580000)
  object space 115200K, 52% used [0x0000000740000000,0x0000000743b41bb8,0x0000000747080000)
 Metaspace       used 20861K, capacity 21238K, committed 21552K, reserved 1069056K
  class space    used 2189K, capacity 2305K, committed 2432K, reserved 1048576K
}
Event: 27.788 GC heap before
{Heap before GC invocations=15 (full 2):
 PSYoungGen      total 448000K, used 433008K [0x0000000795580000, 0x00000007b3100000, 0x00000007c0000000)
  eden space 432640K, 100% used [0x0000000795580000,0x00000007afc00000,0x00000007afc00000)
  from space 15360K, 2% used [0x00000007b2200000,0x00000007b225c010,0x00000007b3100000)
  to   space 27136K, 0% used [0x00000007afc00000,0x00000007afc00000,0x00000007b1680000)
 ParOldGen       total 115200K, used 60678K [0x0000000740000000, 0x0000000747080000, 0x0000000795580000)
  object space 115200K, 52% used [0x0000000740000000,0x0000000743b41bb8,0x0000000747080000)
 Metaspace       used 20875K, capacity 21238K, committed 21552K, reserved 1069056K
  class space    used 2189K, capacity 2305K, committed 2432K, reserved 1048576K
Event: 27.791 GC heap after
Heap after GC invocations=15 (full 2):
 PSYoungGen      total 459776K, used 694K [0x0000000795580000, 0x00000007ba100000, 0x00000007c0000000)
  eden space 432640K, 0% used [0x0000000795580000,0x0000000795580000,0x00000007afc00000)
  from space 27136K, 2% used [0x00000007afc00000,0x00000007afcadba8,0x00000007b1680000)
  to   space 27136K, 0% used [0x00000007b8680000,0x00000007b8680000,0x00000007ba100000)
 ParOldGen       total 115200K, used 60718K [0x0000000740000000, 0x0000000747080000, 0x0000000795580000)
  object space 115200K, 52% used [0x0000000740000000,0x0000000743b4bbb8,0x0000000747080000)
 Metaspace       used 20875K, capacity 21238K, committed 21552K, reserved 1069056K
  class space    used 2189K, capacity 2305K, committed 2432K, reserved 1048576K
}

Deoptimization events (10 events):
Event: 22.108 Thread 0x00007ff3701a9800 Uncommon trap: reason=unstable_if action=reinterpret pc=0x000000010fed7038 method=viewer.objutil.ObjFaceParser.getTexCoordIndices()[I @ 4
Event: 22.132 Thread 0x00007ff3701a9800 Uncommon trap: reason=unstable_if action=reinterpret pc=0x000000010ffae974 method=viewer.objutil.DefaultObjFace.containsTexCoordIndices()Z @ 4
Event: 22.132 Thread 0x00007ff3701a9800 Uncommon trap: reason=unstable_if action=reinterpret pc=0x000000010f91b884 method=viewer.objutil.DefaultObjFace.containsTexCoordIndices()Z @ 4
Event: 22.132 Thread 0x00007ff3701a9800 Uncommon trap: reason=unstable_if action=reinterpret pc=0x000000010ff02478 method=viewer.objutil.DefaultObjFace.containsTexCoordIndices()Z @ 4
Event: 22.132 Thread 0x00007ff3701a9800 Uncommon trap: reason=unstable_if action=reinterpret pc=0x000000010ff95cd4 method=viewer.objutil.DefaultObjFace.containsTexCoordIndices()Z @ 4
Event: 22.135 Thread 0x00007ff3701a9800 Uncommon trap: reason=unstable_if action=reinterpret pc=0x000000010ff1c3f4 method=viewer.objutil.DefaultObjFace.containsTexCoordIndices()Z @ 4
Event: 22.135 Thread 0x00007ff3701a9800 Uncommon trap: reason=unstable_if action=reinterpret pc=0x000000010ffc4d00 method=viewer.objutil.DefaultObjFace.containsTexCoordIndices()Z @ 4
Event: 22.141 Thread 0x00007ff3701a9800 Uncommon trap: reason=predicate action=maybe_recompile pc=0x000000010ffe5c9c method=viewer.objutil.ObjUtils.makeVertexIndexed(Lviewer/objutil/ReadableObj;Lviewer/objutil/WritableObj;)Lviewer/objutil/WritableObj; @ 106
Event: 22.161 Thread 0x00007ff3701a9800 Uncommon trap: reason=unstable_if action=reinterpret pc=0x000000010ffcbda8 method=viewer.objutil.DefaultObjFace.containsTexCoordIndices()Z @ 4
Event: 22.162 Thread 0x00007ff3701a9800 Uncommon trap: reason=unstable_if action=reinterpret pc=0x000000010ff903e8 method=viewer.objutil.DefaultObjFace.containsTexCoordIndices()Z @ 4

Internal exceptions (10 events):
Event: 15.610 Thread 0x00007ff3701a9800 Exception <a 'java/lang/NoSuchMethodError': java.lang.Object.lambda$static$0(Ljava/lang/String;)Ljava/lang/Boolean;> (0x00000007969cc2d0) thrown at [/Users/java_re/workspace/8-2-build-macosx-x86_64/jdk8u151/9699/hotspot/src/share/vm/interpreter/linkResolv
Event: 15.696 Thread 0x00007ff3701a9800 Exception <a 'sun/nio/fs/UnixException'> (0x0000000796abac60) thrown at [/Users/java_re/workspace/8-2-build-macosx-x86_64/jdk8u151/9699/hotspot/src/share/vm/prims/jni.cpp, line 709]
Event: 15.735 Thread 0x00007ff3701a9800 Exception <a 'sun/nio/fs/UnixException'> (0x0000000796b26bc8) thrown at [/Users/java_re/workspace/8-2-build-macosx-x86_64/jdk8u151/9699/hotspot/src/share/vm/prims/jni.cpp, line 709]
Event: 17.176 Thread 0x00007ff3701a9800 Implicit null exception at 0x000000010ff1f45d to 0x000000010ff20f81
Event: 22.108 Thread 0x00007ff3701a9800 Implicit null exception at 0x000000010febcdec to 0x000000010febcec5
Event: 22.135 Thread 0x00007ff3701a9800 Implicit null exception at 0x000000010ff1bf34 to 0x000000010ff1c3d9
Event: 22.135 Thread 0x00007ff3701a9800 Implicit null exception at 0x000000010ffc2ab9 to 0x000000010ffc4cb1
Event: 22.141 Thread 0x00007ff3701a9800 Implicit null exception at 0x000000010ffe417f to 0x000000010ffe5c75
Event: 22.161 Thread 0x00007ff3701a9800 Implicit null exception at 0x000000010ffc8616 to 0x000000010ffcbd75
Event: 22.162 Thread 0x00007ff3701a9800 Implicit null exception at 0x000000010ff8abfa to 0x000000010ff90389

Events (10 events):
Event: 27.950 Thread 0x00007ff37081f000 flushing nmethod 0x000000010fdd3f90
Event: 27.950 Thread 0x00007ff37081f000 flushing nmethod 0x000000010fdd43d0
Event: 27.950 Thread 0x00007ff37081f000 flushing nmethod 0x000000010fdd6910
Event: 27.950 Thread 0x00007ff37081f000 flushing nmethod 0x000000010fdd72d0
Event: 27.950 Thread 0x00007ff37081f000 flushing nmethod 0x000000010fddb350
Event: 27.950 Thread 0x00007ff37081f000 flushing nmethod 0x000000010fde8650
Event: 27.950 Thread 0x00007ff37081f000 flushing nmethod 0x000000010fe03d10
Event: 27.950 Thread 0x00007ff37081f000 flushing nmethod 0x000000010fe05850
Event: 27.950 Thread 0x00007ff37081f000 flushing nmethod 0x000000010fe23b90
Event: 27.950 Thread 0x00007ff37081f000 flushing nmethod 0x000000010fe248d0


Dynamic libraries:
0x0000000007994000 	/System/Library/Frameworks/Cocoa.framework/Versions/A/Cocoa
0x0000000007994000 	/System/Library/Frameworks/Security.framework/Versions/A/Security
0x0000000007994000 	/System/Library/Frameworks/ApplicationServices.framework/Versions/A/ApplicationServices
0x0000000007994000 	/usr/lib/libz.1.dylib
0x0000000007994000 	/usr/lib/libSystem.B.dylib
0x0000000007994000 	/usr/lib/libobjc.A.dylib
0x0000000007994000 	/System/Library/Frameworks/CoreFoundation.framework/Versions/A/CoreFoundation
0x0000000007994000 	/System/Library/Frameworks/Foundation.framework/Versions/C/Foundation
0x0000000007994000 	/System/Library/Frameworks/AppKit.framework/Versions/C/AppKit
0x0000000007994000 	/System/Library/Frameworks/CoreData.framework/Versions/A/CoreData
0x0000000007994000 	/System/Library/PrivateFrameworks/UIFoundation.framework/Versions/A/UIFoundation
0x0000000007994000 	/System/Library/PrivateFrameworks/RemoteViewServices.framework/Versions/A/RemoteViewServices
0x0000000007994000 	/System/Library/PrivateFrameworks/XCTTargetBootstrap.framework/Versions/A/XCTTargetBootstrap
0x0000000007994000 	/System/Library/Frameworks/CoreDisplay.framework/Versions/A/CoreDisplay
0x0000000007994000 	/System/Library/Frameworks/Metal.framework/Versions/A/Metal
0x0000000007994000 	/System/Library/PrivateFrameworks/DesktopServicesPriv.framework/Versions/A/DesktopServicesPriv
0x0000000007994000 	/usr/lib/liblangid.dylib
0x0000000007994000 	/System/Library/PrivateFrameworks/CoreSVG.framework/Versions/A/CoreSVG
0x0000000007994000 	/System/Library/PrivateFrameworks/SkyLight.framework/Versions/A/SkyLight
0x0000000007994000 	/System/Library/Frameworks/CoreGraphics.framework/Versions/A/CoreGraphics
0x0000000007994000 	/System/Library/Frameworks/Accelerate.framework/Versions/A/Accelerate
0x0000000007994000 	/usr/lib/libxml2.2.dylib
0x0000000007994000 	/System/Library/PrivateFrameworks/IconServices.framework/Versions/A/IconServices
0x0000000007994000 	/System/Library/Frameworks/IOSurface.framework/Versions/A/IOSurface
0x0000000007994000 	/usr/lib/libDiagnosticMessagesClient.dylib
0x0000000007994000 	/System/Library/PrivateFrameworks/DFRFoundation.framework/Versions/A/DFRFoundation
0x0000000007994000 	/usr/lib/libicucore.A.dylib
0x0000000007994000 	/System/Library/Frameworks/AudioToolbox.framework/Versions/A/AudioToolbox
0x0000000007994000 	/System/Library/Frameworks/AudioUnit.framework/Versions/A/AudioUnit
0x0000000007994000 	/usr/lib/libauto.dylib
0x0000000007994000 	/System/Library/PrivateFrameworks/DataDetectorsCore.framework/Versions/A/DataDetectorsCore
0x0000000007994000 	/System/Library/Frameworks/Carbon.framework/Versions/A/Frameworks/HIToolbox.framework/Versions/A/HIToolbox
0x0000000007994000 	/System/Library/Frameworks/QuartzCore.framework/Versions/A/QuartzCore
0x0000000007994000 	/System/Library/Frameworks/Carbon.framework/Versions/A/Frameworks/SpeechRecognition.framework/Versions/A/SpeechRecognition
0x0000000007994000 	/System/Library/PrivateFrameworks/CoreUI.framework/Versions/A/CoreUI
0x0000000007994000 	/System/Library/Frameworks/CoreAudio.framework/Versions/A/CoreAudio
0x0000000007994000 	/System/Library/Frameworks/DiskArbitration.framework/Versions/A/DiskArbitration
0x0000000007994000 	/System/Library/PrivateFrameworks/MultitouchSupport.framework/Versions/A/MultitouchSupport
0x0000000007994000 	/usr/lib/libenergytrace.dylib
0x0000000007994000 	/System/Library/Frameworks/IOKit.framework/Versions/A/IOKit
0x0000000007994000 	/System/Library/Frameworks/CoreServices.framework/Versions/A/CoreServices
0x0000000007994000 	/System/Library/PrivateFrameworks/PerformanceAnalysis.framework/Versions/A/PerformanceAnalysis
0x0000000007994000 	/System/Library/Frameworks/OpenGL.framework/Versions/A/OpenGL
0x0000000007994000 	/System/Library/Frameworks/ColorSync.framework/Versions/A/ColorSync
0x0000000007994000 	/System/Library/Frameworks/CoreImage.framework/Versions/A/CoreImage
0x0000000007994000 	/System/Library/Frameworks/CoreText.framework/Versions/A/CoreText
0x0000000007994000 	/System/Library/Frameworks/ImageIO.framework/Versions/A/ImageIO
0x0000000007994000 	/usr/lib/libc++.1.dylib
0x0000000007994000 	/usr/lib/libcompression.dylib
0x0000000007994000 	/usr/lib/libMobileGestalt.dylib
0x0000000007994000 	/System/Library/PrivateFrameworks/TextureIO.framework/Versions/A/TextureIO
0x0000000007994000 	/usr/lib/libate.dylib
0x0000000007994000 	/System/Library/PrivateFrameworks/InternationalSupport.framework/Versions/A/InternationalSupport
0x0000000007994000 	/usr/lib/system/libcache.dylib
0x0000000007994000 	/usr/lib/system/libcommonCrypto.dylib
0x0000000007994000 	/usr/lib/system/libcompiler_rt.dylib
0x0000000007994000 	/usr/lib/system/libcopyfile.dylib
0x0000000007994000 	/usr/lib/system/libcorecrypto.dylib
0x0000000007994000 	/usr/lib/system/libdispatch.dylib
0x0000000007994000 	/usr/lib/system/libdyld.dylib
0x0000000007994000 	/usr/lib/system/libkeymgr.dylib
0x0000000007994000 	/usr/lib/system/liblaunch.dylib
0x0000000007994000 	/usr/lib/system/libmacho.dylib
0x0000000007994000 	/usr/lib/system/libquarantine.dylib
0x0000000007994000 	/usr/lib/system/libremovefile.dylib
0x0000000007994000 	/usr/lib/system/libsystem_asl.dylib
0x0000000007994000 	/usr/lib/system/libsystem_blocks.dylib
0x0000000007994000 	/usr/lib/system/libsystem_c.dylib
0x0000000007994000 	/usr/lib/system/libsystem_configuration.dylib
0x0000000007994000 	/usr/lib/system/libsystem_coreservices.dylib
0x0000000007994000 	/usr/lib/system/libsystem_darwin.dylib
0x0000000007994000 	/usr/lib/system/libsystem_dnssd.dylib
0x0000000007994000 	/usr/lib/system/libsystem_featureflags.dylib
0x0000000007994000 	/usr/lib/system/libsystem_info.dylib
0x0000000007994000 	/usr/lib/system/libsystem_m.dylib
0x0000000007994000 	/usr/lib/system/libsystem_malloc.dylib
0x0000000007994000 	/usr/lib/system/libsystem_networkextension.dylib
0x0000000007994000 	/usr/lib/system/libsystem_notify.dylib
0x0000000007994000 	/usr/lib/system/libsystem_sandbox.dylib
0x0000000007994000 	/usr/lib/system/libsystem_secinit.dylib
0x0000000007994000 	/usr/lib/system/libsystem_kernel.dylib
0x0000000007994000 	/usr/lib/system/libsystem_platform.dylib
0x0000000007994000 	/usr/lib/system/libsystem_pthread.dylib
0x0000000007994000 	/usr/lib/system/libsystem_symptoms.dylib
0x0000000007994000 	/usr/lib/system/libsystem_trace.dylib
0x0000000007994000 	/usr/lib/system/libunwind.dylib
0x0000000007994000 	/usr/lib/system/libxpc.dylib
0x0000000007994000 	/usr/lib/libc++abi.dylib
0x0000000007994000 	/usr/lib/liblzma.5.dylib
0x0000000007994000 	/usr/lib/libfakelink.dylib
0x0000000007994000 	/usr/lib/libarchive.2.dylib
0x0000000007994000 	/System/Library/Frameworks/SystemConfiguration.framework/Versions/A/SystemConfiguration
0x0000000007994000 	/usr/lib/libCRFSuite.dylib
0x0000000007994000 	/System/Library/Frameworks/CFNetwork.framework/Versions/A/CFNetwork
0x0000000007994000 	/usr/lib/libbsm.0.dylib
0x0000000007994000 	/usr/lib/system/libkxld.dylib
0x0000000007994000 	/System/Library/PrivateFrameworks/AppleFSCompression.framework/Versions/A/AppleFSCompression
0x0000000007994000 	/usr/lib/libcoretls.dylib
0x0000000007994000 	/usr/lib/libcoretls_cfhelpers.dylib
0x0000000007994000 	/usr/lib/libpam.2.dylib
0x0000000007994000 	/usr/lib/libsqlite3.dylib
0x0000000007994000 	/usr/lib/libxar.1.dylib
0x0000000007994000 	/usr/lib/libbz2.1.0.dylib
0x0000000007994000 	/usr/lib/libiconv.2.dylib
0x0000000007994000 	/usr/lib/libcharset.1.dylib
0x0000000007994000 	/usr/lib/libnetwork.dylib
0x0000000007994000 	/usr/lib/libpcap.A.dylib
0x0000000007994000 	/usr/lib/libapple_nghttp2.dylib
0x0000000007994000 	/System/Library/Frameworks/CoreServices.framework/Versions/A/Frameworks/FSEvents.framework/Versions/A/FSEvents
0x0000000007994000 	/System/Library/Frameworks/CoreServices.framework/Versions/A/Frameworks/CarbonCore.framework/Versions/A/CarbonCore
0x0000000007994000 	/System/Library/Frameworks/CoreServices.framework/Versions/A/Frameworks/Metadata.framework/Versions/A/Metadata
0x0000000007994000 	/System/Library/Frameworks/CoreServices.framework/Versions/A/Frameworks/OSServices.framework/Versions/A/OSServices
0x0000000007994000 	/System/Library/Frameworks/CoreServices.framework/Versions/A/Frameworks/SearchKit.framework/Versions/A/SearchKit
0x0000000007994000 	/System/Library/Frameworks/CoreServices.framework/Versions/A/Frameworks/AE.framework/Versions/A/AE
0x0000000007994000 	/System/Library/Frameworks/CoreServices.framework/Versions/A/Frameworks/LaunchServices.framework/Versions/A/LaunchServices
0x0000000007994000 	/System/Library/Frameworks/CoreServices.framework/Versions/A/Frameworks/DictionaryServices.framework/Versions/A/DictionaryServices
0x0000000007994000 	/System/Library/Frameworks/CoreServices.framework/Versions/A/Frameworks/SharedFileList.framework/Versions/A/SharedFileList
0x0000000007994000 	/System/Library/Frameworks/NetFS.framework/Versions/A/NetFS
0x0000000007994000 	/System/Library/PrivateFrameworks/NetAuth.framework/Versions/A/NetAuth
0x0000000007994000 	/System/Library/PrivateFrameworks/login.framework/Versions/A/Frameworks/loginsupport.framework/Versions/A/loginsupport
0x0000000007994000 	/System/Library/PrivateFrameworks/TCC.framework/Versions/A/TCC
0x0000000007994000 	/System/Library/PrivateFrameworks/CoreNLP.framework/Versions/A/CoreNLP
0x0000000007994000 	/System/Library/PrivateFrameworks/MetadataUtilities.framework/Versions/A/MetadataUtilities
0x0000000007994000 	/usr/lib/libmecabra.dylib
0x0000000007994000 	/usr/lib/libmecab.dylib
0x0000000007994000 	/usr/lib/libgermantok.dylib
0x0000000007994000 	/usr/lib/libThaiTokenizer.dylib
0x0000000007994000 	/usr/lib/libChineseTokenizer.dylib
0x0000000007994000 	/System/Library/Frameworks/Accelerate.framework/Versions/A/Frameworks/vImage.framework/Versions/A/vImage
0x0000000007994000 	/System/Library/Frameworks/Accelerate.framework/Versions/A/Frameworks/vecLib.framework/Versions/A/vecLib
0x0000000007994000 	/System/Library/Frameworks/Accelerate.framework/Versions/A/Frameworks/vecLib.framework/Versions/A/libvMisc.dylib
0x0000000007994000 	/System/Library/Frameworks/Accelerate.framework/Versions/A/Frameworks/vecLib.framework/Versions/A/libvDSP.dylib
0x0000000007994000 	/System/Library/Frameworks/Accelerate.framework/Versions/A/Frameworks/vecLib.framework/Versions/A/libBLAS.dylib
0x0000000007994000 	/System/Library/Frameworks/Accelerate.framework/Versions/A/Frameworks/vecLib.framework/Versions/A/libLAPACK.dylib
0x0000000007994000 	/System/Library/Frameworks/Accelerate.framework/Versions/A/Frameworks/vecLib.framework/Versions/A/libLinearAlgebra.dylib
0x0000000007994000 	/System/Library/Frameworks/Accelerate.framework/Versions/A/Frameworks/vecLib.framework/Versions/A/libSparseBLAS.dylib
0x0000000007994000 	/System/Library/Frameworks/Accelerate.framework/Versions/A/Frameworks/vecLib.framework/Versions/A/libQuadrature.dylib
0x0000000007994000 	/System/Library/Frameworks/Accelerate.framework/Versions/A/Frameworks/vecLib.framework/Versions/A/libBNNS.dylib
0x0000000007994000 	/System/Library/Frameworks/Accelerate.framework/Versions/A/Frameworks/vecLib.framework/Versions/A/libSparse.dylib
0x0000000007994000 	/System/Library/PrivateFrameworks/LanguageModeling.framework/Versions/A/LanguageModeling
0x0000000007994000 	/System/Library/PrivateFrameworks/CoreEmoji.framework/Versions/A/CoreEmoji
0x0000000007994000 	/System/Library/PrivateFrameworks/LinguisticData.framework/Versions/A/LinguisticData
0x0000000007994000 	/System/Library/PrivateFrameworks/Lexicon.framework/Versions/A/Lexicon
0x0000000007994000 	/usr/lib/libcmph.dylib
0x0000000007994000 	/System/Library/Frameworks/OpenDirectory.framework/Versions/A/Frameworks/CFOpenDirectory.framework/Versions/A/CFOpenDirectory
0x0000000007994000 	/System/Library/Frameworks/OpenDirectory.framework/Versions/A/OpenDirectory
0x0000000007994000 	/System/Library/PrivateFrameworks/APFS.framework/Versions/A/APFS
0x0000000007994000 	/System/Library/Frameworks/SecurityFoundation.framework/Versions/A/SecurityFoundation
0x0000000007994000 	/usr/lib/libutil.dylib
0x0000000007994000 	/System/Library/PrivateFrameworks/CoreServicesStore.framework/Versions/A/CoreServicesStore
0x0000000007994000 	/System/Library/Frameworks/ServiceManagement.framework/Versions/A/ServiceManagement
0x0000000007994000 	/System/Library/PrivateFrameworks/BackgroundTaskManagement.framework/Versions/A/BackgroundTaskManagement
0x0000000007994000 	/usr/lib/libxslt.1.dylib
0x0000000007994000 	/System/Library/PrivateFrameworks/AppleSystemInfo.framework/Versions/A/AppleSystemInfo
0x0000000007994000 	/System/Library/Frameworks/ImageIO.framework/Versions/A/Resources/libJPEG.dylib
0x0000000007994000 	/System/Library/Frameworks/ImageIO.framework/Versions/A/Resources/libTIFF.dylib
0x0000000007994000 	/System/Library/Frameworks/ImageIO.framework/Versions/A/Resources/libPng.dylib
0x0000000007994000 	/System/Library/Frameworks/ImageIO.framework/Versions/A/Resources/libGIF.dylib
0x0000000007994000 	/System/Library/Frameworks/ImageIO.framework/Versions/A/Resources/libJP2.dylib
0x0000000007994000 	/System/Library/Frameworks/ImageIO.framework/Versions/A/Resources/libRadiance.dylib
0x0000000007994000 	/usr/lib/libexpat.1.dylib
0x0000000007994000 	/System/Library/PrivateFrameworks/AppleJPEG.framework/Versions/A/AppleJPEG
0x0000000007994000 	/System/Library/PrivateFrameworks/FontServices.framework/libFontParser.dylib
0x0000000007994000 	/System/Library/PrivateFrameworks/WatchdogClient.framework/Versions/A/WatchdogClient
0x0000000007994000 	/System/Library/PrivateFrameworks/IOAccelerator.framework/Versions/A/IOAccelerator
0x0000000007994000 	/System/Library/Frameworks/MetalPerformanceShaders.framework/Versions/A/MetalPerformanceShaders
0x0000000007994000 	/System/Library/PrivateFrameworks/GPUWrangler.framework/Versions/A/GPUWrangler
0x0000000007994000 	/System/Library/PrivateFrameworks/IOPresentment.framework/Versions/A/IOPresentment
0x0000000007994000 	/System/Library/PrivateFrameworks/DSExternalDisplay.framework/Versions/A/DSExternalDisplay
0x0000000007994000 	/System/Library/Frameworks/OpenGL.framework/Versions/A/Libraries/libCoreFSCache.dylib
0x0000000007994000 	/System/Library/Frameworks/MetalPerformanceShaders.framework/Frameworks/MPSCore.framework/Versions/A/MPSCore
0x0000000007994000 	/System/Library/Frameworks/MetalPerformanceShaders.framework/Frameworks/MPSImage.framework/Versions/A/MPSImage
0x0000000007994000 	/System/Library/Frameworks/MetalPerformanceShaders.framework/Frameworks/MPSNeuralNetwork.framework/Versions/A/MPSNeuralNetwork
0x0000000007994000 	/System/Library/Frameworks/MetalPerformanceShaders.framework/Frameworks/MPSMatrix.framework/Versions/A/MPSMatrix
0x0000000007994000 	/System/Library/Frameworks/MetalPerformanceShaders.framework/Frameworks/MPSRayIntersector.framework/Versions/A/MPSRayIntersector
0x0000000007994000 	/System/Library/Frameworks/MetalPerformanceShaders.framework/Frameworks/MPSNDArray.framework/Versions/A/MPSNDArray
0x0000000007994000 	/System/Library/PrivateFrameworks/MetalTools.framework/Versions/A/MetalTools
0x0000000007994000 	/System/Library/PrivateFrameworks/AggregateDictionary.framework/Versions/A/AggregateDictionary
0x0000000007994000 	/System/Library/PrivateFrameworks/CoreAnalytics.framework/Versions/A/CoreAnalytics
0x0000000007994000 	/System/Library/PrivateFrameworks/AppleSauce.framework/Versions/A/AppleSauce
0x0000000007994000 	/usr/lib/libIOReport.dylib
0x0000000007994000 	/System/Library/Frameworks/CoreVideo.framework/Versions/A/CoreVideo
0x0000000007994000 	/System/Library/PrivateFrameworks/GraphVisualizer.framework/Versions/A/GraphVisualizer
0x0000000007994000 	/System/Library/PrivateFrameworks/FaceCore.framework/Versions/A/FaceCore
0x0000000007994000 	/System/Library/Frameworks/OpenCL.framework/Versions/A/OpenCL
0x0000000007994000 	/usr/lib/libFosl_dynamic.dylib
0x0000000007994000 	/System/Library/PrivateFrameworks/OTSVG.framework/Versions/A/OTSVG
0x0000000007994000 	/System/Library/Frameworks/ApplicationServices.framework/Versions/A/Frameworks/ATS.framework/Versions/A/Resources/libFontRegistry.dylib
0x0000000007994000 	/System/Library/PrivateFrameworks/FontServices.framework/libhvf.dylib
0x0000000007994000 	/System/Library/Frameworks/OpenGL.framework/Versions/A/Libraries/libGFXShared.dylib
0x0000000007994000 	/System/Library/Frameworks/OpenGL.framework/Versions/A/Libraries/libGLU.dylib
0x0000000007994000 	/System/Library/Frameworks/OpenGL.framework/Versions/A/Libraries/libGL.dylib
0x0000000007994000 	/System/Library/Frameworks/OpenGL.framework/Versions/A/Libraries/libGLImage.dylib
0x0000000007994000 	/System/Library/Frameworks/OpenGL.framework/Versions/A/Libraries/libCVMSPluginSupport.dylib
0x0000000007994000 	/System/Library/Frameworks/OpenGL.framework/Versions/A/Libraries/libCoreVMClient.dylib
0x0000000007994000 	/usr/lib/libncurses.5.4.dylib
0x0000000007994000 	/System/Library/Frameworks/ApplicationServices.framework/Versions/A/Frameworks/ATS.framework/Versions/A/ATS
0x0000000007994000 	/System/Library/Frameworks/ApplicationServices.framework/Versions/A/Frameworks/ColorSyncLegacy.framework/Versions/A/ColorSyncLegacy
0x0000000007994000 	/System/Library/Frameworks/ApplicationServices.framework/Versions/A/Frameworks/HIServices.framework/Versions/A/HIServices
0x0000000007994000 	/System/Library/Frameworks/ApplicationServices.framework/Versions/A/Frameworks/LangAnalysis.framework/Versions/A/LangAnalysis
0x0000000007994000 	/System/Library/Frameworks/ApplicationServices.framework/Versions/A/Frameworks/PrintCore.framework/Versions/A/PrintCore
0x0000000007994000 	/System/Library/Frameworks/ApplicationServices.framework/Versions/A/Frameworks/QD.framework/Versions/A/QD
0x0000000007994000 	/System/Library/Frameworks/ApplicationServices.framework/Versions/A/Frameworks/SpeechSynthesis.framework/Versions/A/SpeechSynthesis
0x0000000007994000 	/System/Library/Frameworks/ApplicationServices.framework/Versions/A/Frameworks/ATSUI.framework/Versions/A/ATSUI
0x0000000007994000 	/usr/lib/libcups.2.dylib
0x0000000007994000 	/System/Library/Frameworks/Kerberos.framework/Versions/A/Kerberos
0x0000000007994000 	/System/Library/Frameworks/GSS.framework/Versions/A/GSS
0x0000000007994000 	/usr/lib/libresolv.9.dylib
0x0000000007994000 	/System/Library/PrivateFrameworks/Heimdal.framework/Versions/A/Heimdal
0x0000000007994000 	/System/Library/Frameworks/Kerberos.framework/Versions/A/Libraries/libHeimdalProxy.dylib
0x0000000007994000 	/usr/lib/libheimdal-asn1.dylib
0x0000000007994000 	/System/Library/PrivateFrameworks/CommonAuth.framework/Versions/A/CommonAuth
0x0000000007994000 	/System/Library/PrivateFrameworks/AssertionServices.framework/Versions/A/AssertionServices
0x0000000007994000 	/System/Library/PrivateFrameworks/AudioToolboxCore.framework/Versions/A/AudioToolboxCore
0x0000000007994000 	/System/Library/PrivateFrameworks/caulk.framework/Versions/A/caulk
0x0000000007994000 	/System/Library/PrivateFrameworks/BaseBoard.framework/Versions/A/BaseBoard
0x0000000007994000 	/System/Library/PrivateFrameworks/RunningBoardServices.framework/Versions/A/RunningBoardServices
0x0000000007994000 	/System/Library/PrivateFrameworks/PersistentConnection.framework/Versions/A/PersistentConnection
0x0000000007994000 	/System/Library/PrivateFrameworks/ProtocolBuffer.framework/Versions/A/ProtocolBuffer
0x0000000007994000 	/System/Library/PrivateFrameworks/CommonUtilities.framework/Versions/A/CommonUtilities
0x0000000007994000 	/System/Library/PrivateFrameworks/Bom.framework/Versions/A/Bom
0x0000000007994000 	/usr/lib/libAudioToolboxUtility.dylib
0x0000000007994000 	/System/Library/PrivateFrameworks/Backup.framework/Versions/A/Backup
0x0000000007994000 	/System/Library/PrivateFrameworks/CrashReporterSupport.framework/Versions/A/CrashReporterSupport
0x0000000007994000 	/System/Library/PrivateFrameworks/Sharing.framework/Versions/A/Sharing
0x0000000007994000 	/System/Library/PrivateFrameworks/Apple80211.framework/Versions/A/Apple80211
0x0000000007994000 	/System/Library/PrivateFrameworks/AuthKit.framework/Versions/A/AuthKit
0x0000000007994000 	/System/Library/PrivateFrameworks/CoreUtils.framework/Versions/A/CoreUtils
0x0000000007994000 	/System/Library/Frameworks/CoreWLAN.framework/Versions/A/CoreWLAN
0x0000000007994000 	/System/Library/Frameworks/IOBluetooth.framework/Versions/A/IOBluetooth
0x0000000007994000 	/System/Library/PrivateFrameworks/MobileKeyBag.framework/Versions/A/MobileKeyBag
0x0000000007994000 	/System/Library/PrivateFrameworks/CorePhoneNumbers.framework/Versions/A/CorePhoneNumbers
0x0000000007994000 	/System/Library/PrivateFrameworks/AppleIDAuthSupport.framework/Versions/A/AppleIDAuthSupport
0x0000000007994000 	/System/Library/Frameworks/Network.framework/Versions/A/Network
0x0000000007994000 	/System/Library/PrivateFrameworks/KeychainCircle.framework/Versions/A/KeychainCircle
0x0000000007994000 	/System/Library/Frameworks/CoreBluetooth.framework/Versions/A/CoreBluetooth
0x0000000007994000 	/System/Library/PrivateFrameworks/SpeechRecognitionCore.framework/Versions/A/SpeechRecognitionCore
0x000000010d8df000 	/Library/Java/JavaVirtualMachines/jdk1.8.0_151.jdk/Contents/Home/jre/lib/server/libjvm.dylib
0x0000000007994000 	/usr/lib/libstdc++.6.dylib
0x000000010e886000 	/Library/Java/JavaVirtualMachines/jdk1.8.0_151.jdk/Contents/Home/jre/lib/libverify.dylib
0x000000010e894000 	/Library/Java/JavaVirtualMachines/jdk1.8.0_151.jdk/Contents/Home/jre/lib/libjava.dylib
0x000000010e8ca000 	/Library/Java/JavaVirtualMachines/jdk1.8.0_151.jdk/Contents/Home/jre/lib/libjdwp.dylib
0x000000010e915000 	/Library/Java/JavaVirtualMachines/jdk1.8.0_151.jdk/Contents/Home/jre/lib/libnpt.dylib
0x000000010e962000 	/Library/Java/JavaVirtualMachines/jdk1.8.0_151.jdk/Contents/Home/jre/lib/libzip.dylib
0x0000000007994000 	/System/Library/Frameworks/JavaVM.framework/Versions/A/Frameworks/JavaRuntimeSupport.framework/Versions/A/JavaRuntimeSupport
0x0000000007994000 	/System/Library/Frameworks/JavaVM.framework/Versions/A/Frameworks/JavaNativeFoundation.framework/Versions/A/JavaNativeFoundation
0x0000000007994000 	/System/Library/Frameworks/JavaVM.framework/Versions/A/JavaVM
0x0000000007994000 	/System/Library/Frameworks/Carbon.framework/Versions/A/Carbon
0x0000000007994000 	/System/Library/PrivateFrameworks/CoreSymbolication.framework/Versions/A/CoreSymbolication
0x0000000007994000 	/System/Library/PrivateFrameworks/JavaLaunching.framework/Versions/A/JavaLaunching
0x0000000007994000 	/System/Library/Frameworks/Carbon.framework/Versions/A/Frameworks/CommonPanels.framework/Versions/A/CommonPanels
0x0000000007994000 	/System/Library/Frameworks/Carbon.framework/Versions/A/Frameworks/Help.framework/Versions/A/Help
0x0000000007994000 	/System/Library/Frameworks/Carbon.framework/Versions/A/Frameworks/ImageCapture.framework/Versions/A/ImageCapture
0x0000000007994000 	/System/Library/Frameworks/Carbon.framework/Versions/A/Frameworks/OpenScripting.framework/Versions/A/OpenScripting
0x0000000007994000 	/System/Library/Frameworks/Carbon.framework/Versions/A/Frameworks/Ink.framework/Versions/A/Ink
0x0000000007994000 	/System/Library/Frameworks/Carbon.framework/Versions/A/Frameworks/Print.framework/Versions/A/Print
0x0000000007994000 	/System/Library/Frameworks/Carbon.framework/Versions/A/Frameworks/SecurityHI.framework/Versions/A/SecurityHI
0x0000000007994000 	/System/Library/PrivateFrameworks/DebugSymbols.framework/Versions/A/DebugSymbols
0x000000010ed63000 	/Library/Java/JavaVirtualMachines/jdk1.8.0_151.jdk/Contents/Home/jre/lib/libdt_socket.dylib
0x000000010eddf000 	/Library/Java/JavaVirtualMachines/jdk1.8.0_151.jdk/Contents/Home/jre/lib/libnet.dylib
0x000000010edf6000 	/Library/Java/JavaVirtualMachines/jdk1.8.0_151.jdk/Contents/Home/jre/lib/libnio.dylib
0x000000010ee06000 	/private/var/folders/61/df80ptfj4n74h8bwx_0gm7v40000gn/T/jogamp_0000/file_cache/jln1137395073694465970/jln2322862159718885381/natives/macosx-universal/libgluegen-rt.jnilib
0x00000001257c5000 	/Library/Java/JavaVirtualMachines/jdk1.8.0_151.jdk/Contents/Home/jre/lib/libawt.dylib
0x000000012586d000 	/Library/Java/JavaVirtualMachines/jdk1.8.0_151.jdk/Contents/Home/jre/lib/libmlib_image.dylib
0x0000000125939000 	/Library/Java/JavaVirtualMachines/jdk1.8.0_151.jdk/Contents/Home/jre/lib/libawt_lwawt.dylib
0x000000010ee0f000 	/Library/Java/JavaVirtualMachines/jdk1.8.0_151.jdk/Contents/Home/jre/lib/libosxapp.dylib
0x0000000007994000 	/System/Library/Frameworks/ExceptionHandling.framework/Versions/A/ExceptionHandling
0x0000000007994000 	/System/Library/PrivateFrameworks/CoreServicesInternal.framework/Versions/A/CoreServicesInternal
0x0000000007994000 	/System/Library/Frameworks/FileProvider.framework/Versions/A/FileProvider
0x0000000007994000 	/System/Library/Frameworks/Accounts.framework/Versions/A/Accounts
0x0000000007994000 	/System/Library/PrivateFrameworks/GenerationalStorage.framework/Versions/A/GenerationalStorage
0x0000000007994000 	/System/Library/PrivateFrameworks/SymptomDiagnosticReporter.framework/Versions/A/SymptomDiagnosticReporter
0x0000000007994000 	/System/Library/PrivateFrameworks/AppContainer.framework/Versions/A/AppContainer
0x0000000007994000 	/usr/lib/libsandbox.1.dylib
0x0000000007994000 	/System/Library/PrivateFrameworks/UserManagement.framework/Versions/A/UserManagement
0x0000000007994000 	/System/Library/PrivateFrameworks/ChunkingLibrary.framework/Versions/A/ChunkingLibrary
0x0000000007994000 	/System/Library/PrivateFrameworks/AppSandbox.framework/Versions/A/AppSandbox
0x0000000007994000 	/System/Library/PrivateFrameworks/SecCodeWrapper.framework/Versions/A/SecCodeWrapper
0x0000000007994000 	/usr/lib/libMatch.1.dylib
0x0000000007994000 	/System/Library/CoreServices/RawCamera.bundle/Contents/MacOS/RawCamera
0x0000000007994000 	/System/Library/PrivateFrameworks/MobileAsset.framework/Versions/A/MobileAsset
0x0000000007994000 	/System/Library/PrivateFrameworks/StreamingZip.framework/Versions/A/StreamingZip
0x0000000007994000 	/System/Library/Frameworks/MediaToolbox.framework/Versions/A/MediaToolbox
0x0000000007994000 	/System/Library/PrivateFrameworks/CoreAVCHD.framework/Versions/A/CoreAVCHD
0x0000000007994000 	/System/Library/Frameworks/MediaAccessibility.framework/Versions/A/MediaAccessibility
0x0000000007994000 	/System/Library/PrivateFrameworks/Mangrove.framework/Versions/A/Mangrove
0x0000000007994000 	/System/Library/Frameworks/CoreMedia.framework/Versions/A/CoreMedia
0x0000000007994000 	/System/Library/PrivateFrameworks/MediaExperience.framework/Versions/A/MediaExperience
0x0000000007994000 	/System/Library/Frameworks/VideoToolbox.framework/Versions/A/VideoToolbox
0x0000000007994000 	/System/Library/PrivateFrameworks/CoreAUC.framework/Versions/A/CoreAUC
0x0000000007994000 	/usr/lib/libspindump.dylib
0x0000000007994000 	/System/Library/PrivateFrameworks/AudioResourceArbitration.framework/Versions/A/AudioResourceArbitration
0x0000000007994000 	/System/Library/PrivateFrameworks/AppleVA.framework/Versions/A/AppleVA
0x0000000007994000 	/System/Library/Frameworks/Accelerate.framework/Versions/A/Frameworks/vImage.framework/Versions/A/Libraries/libCGInterfaces.dylib
0x000000010efc6000 	/usr/lib/libobjc-trampolines.dylib
0x0000000007994000 	/System/Library/PrivateFrameworks/FontServices.framework/libTrueTypeScaler.dylib
0x0000000007994000 	/System/Library/Extensions/AppleIntelBDWGraphicsMTLDriver.bundle/Contents/MacOS/AppleIntelBDWGraphicsMTLDriver
0x0000000007994000 	/System/Library/PrivateFrameworks/GPUCompiler.framework/Versions/3902/Libraries/libmetal_timestamp.dylib
0x0000000007994000 	/System/Library/PrivateFrameworks/FamilyControls.framework/Versions/A/FamilyControls
0x0000000007994000 	/System/Library/PrivateFrameworks/CommerceKit.framework/Versions/A/Frameworks/CommerceCore.framework/Versions/A/CommerceCore
0x0000000007994000 	/System/Library/PrivateFrameworks/SystemAdministration.framework/Versions/A/SystemAdministration
0x0000000007994000 	/System/Library/PrivateFrameworks/DiskManagement.framework/Versions/A/DiskManagement
0x0000000007994000 	/System/Library/Frameworks/DirectoryService.framework/Versions/A/DirectoryService
0x0000000007994000 	/System/Library/PrivateFrameworks/DiskImages.framework/Versions/A/DiskImages
0x0000000007994000 	/System/Library/PrivateFrameworks/LoginUIKit.framework/Versions/A/Frameworks/LoginUICore.framework/Versions/A/LoginUICore
0x0000000007994000 	/usr/lib/libCoreStorage.dylib
0x0000000007994000 	/usr/lib/libcsfde.dylib
0x0000000007994000 	/usr/lib/libodfde.dylib
0x0000000007994000 	/System/Library/PrivateFrameworks/MediaKit.framework/Versions/A/MediaKit
0x0000000007994000 	/System/Library/Frameworks/DiscRecording.framework/Versions/A/DiscRecording
0x0000000007994000 	/System/Library/PrivateFrameworks/EFILogin.framework/Versions/A/EFILogin
0x0000000007994000 	/System/Library/PrivateFrameworks/ProtectedCloudStorage.framework/Versions/A/ProtectedCloudStorage
0x0000000007994000 	/usr/lib/libcurl.4.dylib
0x0000000007994000 	/usr/lib/libcrypto.44.dylib
0x0000000007994000 	/usr/lib/libssl.46.dylib
0x0000000007994000 	/System/Library/Frameworks/LDAP.framework/Versions/A/LDAP
0x0000000007994000 	/System/Library/PrivateFrameworks/TrustEvaluationAgent.framework/Versions/A/TrustEvaluationAgent
0x0000000007994000 	/usr/lib/libsasl2.2.dylib
0x0000000007994000 	/System/Library/PrivateFrameworks/CoreDaemon.framework/Versions/B/CoreDaemon
0x0000000007994000 	/System/Library/PrivateFrameworks/AppleSRP.framework/Versions/A/AppleSRP
0x0000000007994000 	/System/Library/PrivateFrameworks/ViewBridge.framework/Versions/A/ViewBridge
0x0000000127cbf000 	/Library/Java/JavaVirtualMachines/jdk1.8.0_151.jdk/Contents/Home/jre/lib/libfontmanager.dylib
0x000000012762c000 	/private/var/folders/61/df80ptfj4n74h8bwx_0gm7v40000gn/T/jogamp_0000/file_cache/jln1137395073694465970/jln2322862159718885381/natives/macosx-universal/libnativewindow_awt.jnilib
0x000000012762f000 	/Library/Java/JavaVirtualMachines/jdk1.8.0_151.jdk/Contents/Home/jre/lib/libjawt.dylib
0x0000000007994000 	/System/Library/Frameworks/OpenGL.framework/Versions/A/Resources/GLEngine.bundle/GLEngine
0x0000000007994000 	/System/Library/Frameworks/OpenGL.framework/Versions/A/Libraries/libGLProgrammability.dylib
0x0000000007994000 	/System/Library/Extensions/AppleIntelBDWGraphicsGLDriver.bundle/Contents/MacOS/AppleIntelBDWGraphicsGLDriver
0x0000000007994000 	/System/Library/PrivateFrameworks/GPUSupport.framework/Versions/A/Libraries/libGPUSupportMercury.dylib
0x0000000007994000 	/System/Library/Frameworks/OpenGL.framework/Versions/A/Resources/GLRendererFloat.bundle/GLRendererFloat
0x0000000007994000 	/System/Library/Frameworks/OpenCL.framework/Versions/A/Libraries/libcldcpuengine.dylib
0x0000000007994000 	/System/Library/PrivateFrameworks/login.framework/Versions/A/login
0x0000000128578000 	/private/var/folders/61/df80ptfj4n74h8bwx_0gm7v40000gn/T/jogamp_0000/file_cache/jln1137395073694465970/jln2322862159718885381/natives/macosx-universal/libnativewindow_macosx.jnilib
0x0000000128982000 	/private/var/folders/61/df80ptfj4n74h8bwx_0gm7v40000gn/T/jogamp_0000/file_cache/jln1137395073694465970/jln2322862159718885381/natives/macosx-universal/libjogl_desktop.jnilib
0x0000000128a56000 	/private/var/folders/61/df80ptfj4n74h8bwx_0gm7v40000gn/T/jogamp_0000/file_cache/jln1137395073694465970/jln2322862159718885381/natives/macosx-universal/libjogl_mobile.jnilib
0x0000000128ac0000 	/Library/Java/JavaVirtualMachines/jdk1.8.0_151.jdk/Contents/Home/jre/lib/libosxui.dylib
0x0000000007994000 	/System/Library/PrivateFrameworks/HDRProcessing.framework/Versions/A/HDRProcessing
0x000000015d3e7000 	/private/var/folders/61/df80ptfj4n74h8bwx_0gm7v40000gn/T/lwjglchrisralph/3.2.3-build-13/liblwjgl.dylib
0x000000015d60f000 	/private/var/folders/61/df80ptfj4n74h8bwx_0gm7v40000gn/T/lwjglchrisralph/3.2.3-build-13/liblwjgl_stb.dylib

VM Arguments:
jvm_args: -Xdebug -Xrunjdwp:transport=dt_socket,address=localhost:49301 -Dfile.encoding=UTF-8 -Djava.library.path=lib/natives 
java_command: main.Main
java_class_path (initial): /Users/chrisralph/Documents/Code/RpgBuildingGenerator/RpgBuildingGenerator/lib/jars/slick-util.jar:/Users/chrisralph/Documents/Code/RpgBuildingGenerator/RpgBuildingGenerator/lib/jars/lwjgl-javadoc.jar:/Users/chrisralph/Documents/Code/RpgBuildingGenerator/RpgBuildingGenerator/lib/jars/lwjgl-natives-macos.jar:/Users/chrisralph/Documents/Code/RpgBuildingGenerator/RpgBuildingGenerator/lib/jars/lwjgl-opengl-javadoc.jar:/Users/chrisralph/Documents/Code/RpgBuildingGenerator/RpgBuildingGenerator/lib/jars/lwjgl-opengl-natives-macos.jar:/Users/chrisralph/Documents/Code/RpgBuildingGenerator/RpgBuildingGenerator/lib/jars/lwjgl-opengl.jar:/Users/chrisralph/Documents/Code/RpgBuildingGenerator/RpgBuildingGenerator/lib/jars/lwjgl.jar:/Users/chrisralph/Documents/Code/RpgBuildingGenerator/RpgBuildingGenerator/lib/jars/lwjgl-glfw-javadoc.jar:/Users/chrisralph/Documents/Code/RpgBuildingGenerator/RpgBuildingGenerator/lib/jars/lwjgl-glfw-natives-macos.jar:/Users/chrisralph/Documents/Code/RpgBuildingGenerator/RpgBuildingGenerator/lib/jars/lwjgl-glfw.jar:/Users/chrisralph/Documents/Code/RpgBuildingGenerator/RpgBuildingGenerator/lib/jars/lwjgl-stb-javadoc.jar:/Users/chrisralph/Documents/Code/RpgBuildingGenerator/RpgBuildingGenerator/lib/jars/lwjgl-stb-natives-macos.jar:/Users/chrisralph/Documents/Code/RpgBuildingGenerator/RpgBuildingGenerator/lib/jars/lwjgl-stb.jar:/Users/chrisralph/Documents/Code/RpgBuildingGenerator/RpgBuildingGenerator/lib/jars/joml-1.9.24-javadoc.jar:/Users/chrisralph/Documents/Code/RpgBuildingGenerator/RpgBuildingGenerator/lib/jars/joml-1.9.24.jar:/Users/chrisralph/Documents/Code/RpgBuildingGenerator/RpgBuildingGenerator/lib/jars/gluegen-rt-natives-macosx-universal.jar:/Users/chrisralph/Documents/Code/RpgBuildingGenerator/RpgBuildingGenerator/lib/jars/gluegen-rt.jar:/Users/chrisralph/Documents/Code/RpgBuildingGenerator/RpgBuildingGenerator/lib/jars/jogl-all-natives-macosx-universal.jar:/Users/chrisralph/Documents/Code/RpgBuildingGenerator/R
Launcher Type: SUN_STANDARD

Environment Variables:
PATH=/usr/bin:/bin:/usr/sbin:/sbin
LD_LIBRARY_PATH=/Library/Java/JavaVirtualMachines/jdk1.8.0_151.jdk/Contents/Home/jre/lib/amd64:/Library/Java/JavaVirtualMachines/jdk1.8.0_151.jdk/Contents/Home/jre/lib/i386:
SHELL=/bin/bash

Signal Handlers:
SIGSEGV: [libjvm.dylib+0x5b27a5], sa_mask[0]=11111111011111110111111111111111, sa_flags=SA_ONSTACK|SA_RESTART|SA_SIGINFO
SIGBUS: [libjvm.dylib+0x5b27a5], sa_mask[0]=11111111011111110111111111111111, sa_flags=SA_RESTART|SA_SIGINFO
SIGFPE: [libjvm.dylib+0x4891c4], sa_mask[0]=11111111011111110111111111111111, sa_flags=SA_RESTART|SA_SIGINFO
SIGPIPE: [libjvm.dylib+0x4891c4], sa_mask[0]=11111111011111110111111111111111, sa_flags=SA_RESTART|SA_SIGINFO
SIGXFSZ: [libjvm.dylib+0x4891c4], sa_mask[0]=11111111011111110111111111111111, sa_flags=SA_RESTART|SA_SIGINFO
SIGILL: [libjvm.dylib+0x4891c4], sa_mask[0]=11111111011111110111111111111111, sa_flags=SA_RESTART|SA_SIGINFO
SIGUSR1: SIG_DFL, sa_mask[0]=00000000000000000000000000000000, sa_flags=none
SIGUSR2: [libjvm.dylib+0x488ce2], sa_mask[0]=00100000000000000000000000000000, sa_flags=SA_RESTART|SA_SIGINFO
SIGHUP: [libjvm.dylib+0x4872b9], sa_mask[0]=11111111011111110111111111111111, sa_flags=SA_RESTART|SA_SIGINFO
SIGINT: SIG_IGN, sa_mask[0]=00000000000000000000000000000000, sa_flags=none
SIGTERM: [libjvm.dylib+0x4872b9], sa_mask[0]=11111111011111110111111111111111, sa_flags=SA_RESTART|SA_SIGINFO
SIGQUIT: [libjvm.dylib+0x4872b9], sa_mask[0]=11111111011111110111111111111111, sa_flags=SA_RESTART|SA_SIGINFO


---------------  S Y S T E M  ---------------

OS:Bsduname:Darwin 19.5.0 Darwin Kernel Version 19.5.0: Thu Apr 30 18:25:59 PDT 2020; root:xnu-6153.121.1~7/RELEASE_X86_64 x86_64
rlimit: STACK 8192k, CORE 0k, NPROC 1392, NOFILE 10240, AS infinity
load average:5.58 3.39 2.56

CPU:total 4 (initial active 4) (2 cores per cpu, 2 threads per core) family 6 model 61 stepping 4, cmov, cx8, fxsr, mmx, sse, sse2, sse3, ssse3, sse4.1, sse4.2, popcnt, avx, avx2, aes, clmul, erms, 3dnowpref, lzcnt, ht, tsc, tscinvbit, bmi1, bmi2, adx

Memory: 4k page, physical 8388608k(20180k free)

/proc/meminfo:


vm_info: Java HotSpot(TM) 64-Bit Server VM (25.151-b12) for bsd-amd64 JRE (1.8.0_151-b12), built on Sep  5 2017 19:37:08 by "java_re" with gcc 4.2.1 (Based on Apple Inc. build 5658) (LLVM build 2336.11.00)

time: Sat May 30 14:56:26 2020
elapsed time: 27 seconds (0d 0h 0m 27s)

