#
# A fatal error has been detected by the Java Runtime Environment:
#
#  SIGSEGV (0xb) at pc=0x00007fff3ac867fe, pid=26976, tid=0x0000000000011d0f
#
# JRE version: Java(TM) SE Runtime Environment (8.0_151-b12) (build 1.8.0_151-b12)
# Java VM: Java HotSpot(TM) 64-Bit Server VM (25.151-b12 mixed mode bsd-amd64 compressed oops)
# Problematic frame:
# C  [GLEngine+0x12a7fe]  gleRunVertexSubmitImmediate+0x19ce
#
# Failed to write core dump. Core dumps have been disabled. To enable core dumping, try "ulimit -c unlimited" before starting Java again
#
# If you would like to submit a bug report, please visit:
#   http://bugreport.java.com/bugreport/crash.jsp
# The crash happened outside the Java Virtual Machine in native code.
# See problematic frame for where to report the bug.
#

---------------  T H R E A D  ---------------

Current thread (0x00007f9fcc229000):  JavaThread "AWT-EventQueue-0" [_thread_in_native, id=72975, stack(0x00007000102da000,0x00007000103da000)]

siginfo: si_signo: 11 (SIGSEGV), si_code: 1 (SEGV_MAPERR), si_addr: 0x0000000000000008

Registers:
RAX=0x0000000000000008, RBX=0x0000000000000832, RCX=0x00007fff3ac867fe, RDX=0x00007fff3ac87b94
RSP=0x00007000103d8120, RBP=0x00007000103d82c0, RSI=0x0000000000000027, RDI=0x0000000000000002
R8 =0x0000000000000005, R9 =0x00007f9fce9a1980, R10=0x0000000000000006, R11=0x000000010640108b
R12=0x0000000000000010, R13=0x0000000000000001, R14=0x0000000000000002, R15=0x0000083200845804
RIP=0x00007fff3ac867fe, EFLAGS=0x0000000000010203, ERR=0x0000000000000004
  TRAPNO=0x000000000000000e

Top of Stack: (sp=0x00007000103d8120)
0x00007000103d8120:   cb000000cb000000 cb000000cb000000
0x00007000103d8130:   0000000100000001 0000000000000001
0x00007000103d8140:   0000000000000005 0000000141107170
0x00007000103d8150:   0000000141107140 00000001411071a0
0x00007000103d8160:   0000000141107160 0000000141107180
0x00007000103d8170:   0000000141107150 0000000000000003
0x00007000103d8180:   0000000000000000 0000000000000000
0x00007000103d8190:   0000000141107190 00007f9fce9a1980
0x00007000103d81a0:   fffffffffffffffe 00007fff3ac3e85e
0x00007000103d81b0:   000000003f66a7f0 000000003ede2824
0x00007000103d81c0:   0000000000000001 0000000141107140
0x00007000103d81d0:   0000000000000010 0000000141113d90
0x00007000103d81e0:   0000000000000000 0000000141107000
0x00007000103d81f0:   0000000800000004 0000001000000001
0x00007000103d8200:   0000000141107000 0000000000000001
0x00007000103d8210:   2768ac566b8d008a 0000000141107000
0x00007000103d8220:   0000000000000001 0000000000000000
0x00007000103d8230:   0000000000000000 00007fff253a37ce
0x00007000103d8240:   00000000000013c8 000000011b4c92b0
0x00007000103d8250:   0000000000000008 000000015105d7a0
0x00007000103d8260:   0000000151098d20 00000001511b2000
0x00007000103d8270:   000000014110ada0 000000014110afb0
0x00007000103d8280:   00007f9fcb5bbfc0 0000000000000000
0x00007000103d8290:   2768ac566b8d008a 0000000000000000
0x00007000103d82a0:   0000000141107000 00007f9fcb5bbc00
0x00007000103d82b0:   00000000000013c8 0000000000008d96
0x00007000103d82c0:   00007000103d8320 00007fff3ac06bdd
0x00007000103d82d0:   00007f9fcb5bc040 0000000000000004
0x00007000103d82e0:   0000000000000004 0000000000008d96
0x00007000103d82f0:   00008d96103d82f0 000000011cd80e98
0x00007000103d8300:   0000000000000000 000000011cd80e98
0x00007000103d8310:   00007000103d8460 00007f9fcc229000 

Instructions: (pc=0x00007fff3ac867fe)
0x00007fff3ac867de:   10 00 00 48 b9 00 00 00 00 00 00 80 3f 49 89 4c
0x00007fff3ac867ee:   00 08 49 39 de 0f 85 80 e9 ff ff e9 c2 10 00 00
0x00007fff3ac867fe:   48 8b 00 48 89 85 18 ff ff ff 48 89 45 80 e9 bf
0x00007fff3ac8680e:   f4 ff ff 48 8b 08 48 89 8d 18 ff ff ff 48 89 4d 

Register to memory mapping:

RAX=0x0000000000000008 is an unknown value
RBX=0x0000000000000832 is an unknown value
RCX=0x00007fff3ac867fe: gleRunVertexSubmitImmediate+0x19ce in /System/Library/Frameworks/OpenGL.framework/Versions/A/Resources/GLEngine.bundle/GLEngine at 0x00007fff3ab5c000
RDX=0x00007fff3ac87b94: gleRunVertexSubmitImmediate+0x2d64 in /System/Library/Frameworks/OpenGL.framework/Versions/A/Resources/GLEngine.bundle/GLEngine at 0x00007fff3ab5c000
RSP=0x00007000103d8120 is pointing into the stack for thread: 0x00007f9fcc229000
RBP=0x00007000103d82c0 is pointing into the stack for thread: 0x00007f9fcc229000
RSI=0x0000000000000027 is an unknown value
RDI=0x0000000000000002 is an unknown value
R8 =0x0000000000000005 is an unknown value
R9 =0x00007f9fce9a1980 is an unknown value
R10=0x0000000000000006 is an unknown value
R11=0x000000010640108b is an unknown value
R12=0x0000000000000010 is an unknown value
R13=0x0000000000000001 is an unknown value
R14=0x0000000000000002 is an unknown value
R15=0x0000083200845804 is an unknown value


Stack: [0x00007000102da000,0x00007000103da000],  sp=0x00007000103d8120,  free space=1016k
Native frames: (J=compiled Java code, j=interpreted, Vv=VM code, C=native code)
C  [GLEngine+0x12a7fe]  gleRunVertexSubmitImmediate+0x19ce
C  [GLEngine+0xaabdd]  glDrawElements_GL3Exec+0x2b8
C  [libjogl_desktop.jnilib+0x286d1]  Java_jogamp_opengl_gl4_GL4bcImpl_dispatch_1glDrawElements1__IIIJJ+0x41
j  jogamp.opengl.gl4.GL4bcImpl.dispatch_glDrawElements1(IIIJJ)V+0
j  jogamp.opengl.gl4.GL4bcImpl.glDrawElements(IIIJ)V+53
j  viewer.Mesh.render(Lcom/jogamp/opengl/GL4;)V+53
j  viewer.Renderer.display(Lcom/jogamp/opengl/GLAutoDrawable;)V+534
j  jogamp.opengl.GLDrawableHelper.displayImpl(Lcom/jogamp/opengl/GLAutoDrawable;)V+62
j  jogamp.opengl.GLDrawableHelper.display(Lcom/jogamp/opengl/GLAutoDrawable;)V+2
j  com.jogamp.opengl.awt.GLCanvas$11.run()V+118
j  jogamp.opengl.GLDrawableHelper.invokeGLImpl(Lcom/jogamp/opengl/GLDrawable;Lcom/jogamp/opengl/GLContext;Ljava/lang/Runnable;Ljava/lang/Runnable;)V+203
j  jogamp.opengl.GLDrawableHelper.invokeGL(Lcom/jogamp/opengl/GLDrawable;Lcom/jogamp/opengl/GLContext;Ljava/lang/Runnable;Ljava/lang/Runnable;)V+72
j  com.jogamp.opengl.awt.GLCanvas$12.run()V+104
J 1319 C1 java.awt.event.InvocationEvent.dispatch()V (69 bytes) @ 0x00000001075a462c [0x00000001075a44e0+0x14c]
J 1289 C1 java.awt.EventQueue.dispatchEventImpl(Ljava/awt/AWTEvent;Ljava/lang/Object;)V (149 bytes) @ 0x00000001075972e4 [0x00000001075957c0+0x1b24]
J 1287 C1 java.awt.EventQueue$3.run()Ljava/lang/Void; (60 bytes) @ 0x00000001075984ec [0x00000001075982c0+0x22c]
J 1286 C1 java.awt.EventQueue$3.run()Ljava/lang/Object; (5 bytes) @ 0x000000010758ef94 [0x000000010758ef00+0x94]
v  ~StubRoutines::call_stub
V  [libjvm.dylib+0x2ee9aa]  JavaCalls::call_helper(JavaValue*, methodHandle*, JavaCallArguments*, Thread*)+0x6ae
V  [libjvm.dylib+0x34f108]  JVM_DoPrivileged+0x4b8
J 1099  java.security.AccessController.doPrivileged(Ljava/security/PrivilegedAction;Ljava/security/AccessControlContext;)Ljava/lang/Object; (0 bytes) @ 0x0000000107400ad5 [0x0000000107400a00+0xd5]
J 1217 C1 java.awt.EventQueue.dispatchEvent(Ljava/awt/AWTEvent;)V (80 bytes) @ 0x0000000107563504 [0x0000000107562b40+0x9c4]
J 1290 C1 java.awt.EventDispatchThread.pumpOneEventForFilters(I)V (295 bytes) @ 0x0000000107592114 [0x00000001075904e0+0x1c34]
j  java.awt.EventDispatchThread.pumpEventsForFilter(ILjava/awt/Conditional;Ljava/awt/EventFilter;)V+35
j  java.awt.EventDispatchThread.pumpEventsForHierarchy(ILjava/awt/Conditional;Ljava/awt/Component;)V+11
j  java.awt.EventDispatchThread.pumpEvents(ILjava/awt/Conditional;)V+4
j  java.awt.EventDispatchThread.pumpEvents(Ljava/awt/Conditional;)V+3
j  java.awt.EventDispatchThread.run()V+9
v  ~StubRoutines::call_stub
V  [libjvm.dylib+0x2ee9aa]  JavaCalls::call_helper(JavaValue*, methodHandle*, JavaCallArguments*, Thread*)+0x6ae
V  [libjvm.dylib+0x2ef14e]  JavaCalls::call_virtual(JavaValue*, KlassHandle, Symbol*, Symbol*, JavaCallArguments*, Thread*)+0x164
V  [libjvm.dylib+0x2ef2fa]  JavaCalls::call_virtual(JavaValue*, Handle, KlassHandle, Symbol*, Symbol*, Thread*)+0x4a
V  [libjvm.dylib+0x349a51]  thread_entry(JavaThread*, Thread*)+0x7c
V  [libjvm.dylib+0x56c173]  JavaThread::thread_main_inner()+0x9b
V  [libjvm.dylib+0x56d860]  JavaThread::run()+0x1c2
V  [libjvm.dylib+0x48bbb2]  java_start(Thread*)+0xf6
C  [libsystem_pthread.dylib+0x6109]  _pthread_start+0x94
C  [libsystem_pthread.dylib+0x1b8b]  thread_start+0xf
C  0x0000000000000000

Java frames: (J=compiled Java code, j=interpreted, Vv=VM code)
j  jogamp.opengl.gl4.GL4bcImpl.dispatch_glDrawElements1(IIIJJ)V+0
j  jogamp.opengl.gl4.GL4bcImpl.glDrawElements(IIIJ)V+53
j  viewer.Mesh.render(Lcom/jogamp/opengl/GL4;)V+53
j  viewer.Renderer.display(Lcom/jogamp/opengl/GLAutoDrawable;)V+534
j  jogamp.opengl.GLDrawableHelper.displayImpl(Lcom/jogamp/opengl/GLAutoDrawable;)V+62
j  jogamp.opengl.GLDrawableHelper.display(Lcom/jogamp/opengl/GLAutoDrawable;)V+2
j  com.jogamp.opengl.awt.GLCanvas$11.run()V+118
j  jogamp.opengl.GLDrawableHelper.invokeGLImpl(Lcom/jogamp/opengl/GLDrawable;Lcom/jogamp/opengl/GLContext;Ljava/lang/Runnable;Ljava/lang/Runnable;)V+203
j  jogamp.opengl.GLDrawableHelper.invokeGL(Lcom/jogamp/opengl/GLDrawable;Lcom/jogamp/opengl/GLContext;Ljava/lang/Runnable;Ljava/lang/Runnable;)V+72
j  com.jogamp.opengl.awt.GLCanvas$12.run()V+104
J 1319 C1 java.awt.event.InvocationEvent.dispatch()V (69 bytes) @ 0x00000001075a462c [0x00000001075a44e0+0x14c]
J 1289 C1 java.awt.EventQueue.dispatchEventImpl(Ljava/awt/AWTEvent;Ljava/lang/Object;)V (149 bytes) @ 0x00000001075972e4 [0x00000001075957c0+0x1b24]
J 1287 C1 java.awt.EventQueue$3.run()Ljava/lang/Void; (60 bytes) @ 0x00000001075984ec [0x00000001075982c0+0x22c]
J 1286 C1 java.awt.EventQueue$3.run()Ljava/lang/Object; (5 bytes) @ 0x000000010758ef94 [0x000000010758ef00+0x94]
v  ~StubRoutines::call_stub
J 1099  java.security.AccessController.doPrivileged(Ljava/security/PrivilegedAction;Ljava/security/AccessControlContext;)Ljava/lang/Object; (0 bytes) @ 0x0000000107400a63 [0x0000000107400a00+0x63]
J 1217 C1 java.awt.EventQueue.dispatchEvent(Ljava/awt/AWTEvent;)V (80 bytes) @ 0x0000000107563504 [0x0000000107562b40+0x9c4]
J 1290 C1 java.awt.EventDispatchThread.pumpOneEventForFilters(I)V (295 bytes) @ 0x0000000107592114 [0x00000001075904e0+0x1c34]
j  java.awt.EventDispatchThread.pumpEventsForFilter(ILjava/awt/Conditional;Ljava/awt/EventFilter;)V+35
j  java.awt.EventDispatchThread.pumpEventsForHierarchy(ILjava/awt/Conditional;Ljava/awt/Component;)V+11
j  java.awt.EventDispatchThread.pumpEvents(ILjava/awt/Conditional;)V+4
j  java.awt.EventDispatchThread.pumpEvents(Ljava/awt/Conditional;)V+3
j  java.awt.EventDispatchThread.run()V+9
v  ~StubRoutines::call_stub

---------------  P R O C E S S  ---------------

Java Threads: ( => current thread )
  0x00007f9fccaf6800 JavaThread "TimerQueue" daemon [_thread_blocked, id=36167, stack(0x0000700010666000,0x0000700010766000)]
  0x00007f9fcc18d000 JavaThread "DestroyJavaVM" [_thread_blocked, id=3843, stack(0x000070000eb8c000,0x000070000ec8c000)]
  0x00007f9fcc982800 JavaThread "main-FPSAWTAnimator#00-Timer0" [_thread_blocked, id=73479, stack(0x00007000104e0000,0x00007000105e0000)]
=>0x00007f9fcc229000 JavaThread "AWT-EventQueue-0" [_thread_in_native, id=72975, stack(0x00007000102da000,0x00007000103da000)]
  0x00007f9fcb2bf000 JavaThread "AWT-Shutdown" [_thread_blocked, id=73995, stack(0x000070000fe48000,0x000070000ff48000)]
  0x00007f9fcc96f800 JavaThread "org.netbeans.modules.debugger.jpda.visual AWT Access Loop" daemon [_thread_blocked, id=74243, stack(0x00007000103dd000,0x00007000104dd000)]
  0x00007f9fcc97c800 JavaThread "Java2D Disposer" daemon [_thread_blocked, id=54035, stack(0x00007000101d7000,0x00007000102d7000)]
  0x00007f9fcc990000 JavaThread "Java2D Queue Flusher" daemon [_thread_blocked, id=50703, stack(0x00007000100d4000,0x00007000101d4000)]
  0x00007f9fcc941800 JavaThread "AWT-AppKit" daemon [_thread_blocked, id=775, stack(0x00007ffeee742000,0x00007ffeeef42000)]
  0x00007f9fcc841000 JavaThread "Service Thread" daemon [_thread_blocked, id=17923, stack(0x000070000fbbf000,0x000070000fcbf000)]
  0x00007f9fcc02b000 JavaThread "C1 CompilerThread2" daemon [_thread_blocked, id=18435, stack(0x000070000fabc000,0x000070000fbbc000)]
  0x00007f9fcc840000 JavaThread "C2 CompilerThread1" daemon [_thread_blocked, id=15619, stack(0x000070000f9b9000,0x000070000fab9000)]
  0x00007f9fcb030000 JavaThread "C2 CompilerThread0" daemon [_thread_blocked, id=18947, stack(0x000070000f8b6000,0x000070000f9b6000)]
  0x00007f9fcb824000 JavaThread "JDWP Command Reader" daemon [_thread_in_native, id=19459, stack(0x000070000f7b3000,0x000070000f8b3000)]
  0x00007f9fcb02e800 JavaThread "JDWP Event Helper Thread" daemon [_thread_blocked, id=15107, stack(0x000070000f6b0000,0x000070000f7b0000)]
  0x00007f9fcb02d800 JavaThread "JDWP Transport Listener: dt_socket" daemon [_thread_blocked, id=14599, stack(0x000070000f5ad000,0x000070000f6ad000)]
  0x00007f9fcc037000 JavaThread "Signal Dispatcher" daemon [_thread_blocked, id=19715, stack(0x000070000f4aa000,0x000070000f5aa000)]
  0x00007f9fcb818000 JavaThread "Finalizer" daemon [_thread_blocked, id=20739, stack(0x000070000f2a1000,0x000070000f3a1000)]
  0x00007f9fcb817000 JavaThread "Reference Handler" daemon [_thread_blocked, id=20995, stack(0x000070000f19e000,0x000070000f29e000)]

Other Threads:
  0x00007f9fcb01c000 VMThread [stack: 0x000070000f09b000,0x000070000f19b000] [id=21507]
  0x00007f9fcb823000 WatcherThread [stack: 0x000070000fcc2000,0x000070000fdc2000] [id=16131]

VM state:not at safepoint (normal execution)

VM Mutex/Monitor currently owned by a thread: None

Heap:
 PSYoungGen      total 38400K, used 15460K [0x0000000795580000, 0x000000079a080000, 0x00000007c0000000)
  eden space 33280K, 46% used [0x0000000795580000,0x0000000796499048,0x0000000797600000)
  from space 5120K, 0% used [0x0000000797600000,0x0000000797600000,0x0000000797b00000)
  to   space 5120K, 0% used [0x0000000799b80000,0x0000000799b80000,0x000000079a080000)
 ParOldGen       total 56320K, used 10115K [0x0000000740000000, 0x0000000743700000, 0x0000000795580000)
  object space 56320K, 17% used [0x0000000740000000,0x00000007409e0ec0,0x0000000743700000)
 Metaspace       used 21965K, capacity 22422K, committed 22576K, reserved 1069056K
  class space    used 2259K, capacity 2403K, committed 2432K, reserved 1048576K

Card table byte_map: [0x0000000102967000,0x0000000102d68000] byte_map_base: 0x00000000fef67000

Marking Bits: (ParMarkBitMap*) 0x0000000101ef35d0
 Begin Bits: [0x0000000103013000, 0x0000000105013000)
 End Bits:   [0x0000000105013000, 0x0000000107013000)

Polling page: 0x0000000100d2c000

CodeCache: size=245760Kb used=6863Kb max_used=6874Kb free=238896Kb
 bounds [0x0000000107184000, 0x0000000107844000, 0x0000000116184000]
 total_blobs=2901 nmethods=1929 adapters=893
 compilation: enabled

Compilation events (10 events):
Event: 68.667 Thread 0x00007f9fcc02b000 2006       1       org.netbeans.modules.debugger.jpda.visual.remote.RemoteAWTService::access$400 (4 bytes)
Event: 68.667 Thread 0x00007f9fcc02b000 nmethod 2006 0x0000000107295910 code [0x0000000107295a60, 0x0000000107295b50]
Event: 105.371 Thread 0x00007f9fcc02b000 2007       1       sun.java2d.pipe.RenderBuffer::position (11 bytes)
Event: 105.371 Thread 0x00007f9fcc02b000 nmethod 2007 0x00000001073be290 code [0x00000001073be3e0, 0x00000001073be4f0]
Event: 109.894 Thread 0x00007f9fcc02b000 2008       3       java.lang.Class::checkMemberAccess (49 bytes)
Event: 109.896 Thread 0x00007f9fcc02b000 nmethod 2008 0x00000001073bc890 code [0x00000001073bca40, 0x00000001073bcfd8]
Event: 109.965 Thread 0x00007f9fcc02b000 2009       3       java.lang.Class::searchFields (41 bytes)
Event: 109.966 Thread 0x00007f9fcc02b000 nmethod 2009 0x0000000107837f50 code [0x0000000107838160, 0x0000000107838b48]
Event: 109.984 Thread 0x00007f9fcb030000 2010       4       java.lang.String::lastIndexOf (151 bytes)
Event: 110.005 Thread 0x00007f9fcb030000 nmethod 2010 0x000000010783d7d0 code [0x000000010783d940, 0x000000010783e038]

GC Heap History (8 events):
Event: 10.347 GC heap before
{Heap before GC invocations=1 (full 0):
 PSYoungGen      total 38400K, used 33143K [0x0000000795580000, 0x0000000798000000, 0x00000007c0000000)
  eden space 33280K, 99% used [0x0000000795580000,0x00000007975ddd10,0x0000000797600000)
  from space 5120K, 0% used [0x0000000797b00000,0x0000000797b00000,0x0000000798000000)
  to   space 5120K, 0% used [0x0000000797600000,0x0000000797600000,0x0000000797b00000)
 ParOldGen       total 87552K, used 0K [0x0000000740000000, 0x0000000745580000, 0x0000000795580000)
  object space 87552K, 0% used [0x0000000740000000,0x0000000740000000,0x0000000745580000)
 Metaspace       used 18039K, capacity 18408K, committed 18560K, reserved 1064960K
  class space    used 1963K, capacity 2068K, committed 2176K, reserved 1048576K
Event: 10.369 GC heap after
Heap after GC invocations=1 (full 0):
 PSYoungGen      total 38400K, used 5103K [0x0000000795580000, 0x0000000798000000, 0x00000007c0000000)
  eden space 33280K, 0% used [0x0000000795580000,0x0000000795580000,0x0000000797600000)
  from space 5120K, 99% used [0x0000000797600000,0x0000000797afbd50,0x0000000797b00000)
  to   space 5120K, 0% used [0x0000000797b00000,0x0000000797b00000,0x0000000798000000)
 ParOldGen       total 87552K, used 1567K [0x0000000740000000, 0x0000000745580000, 0x0000000795580000)
  object space 87552K, 1% used [0x0000000740000000,0x0000000740187e60,0x0000000745580000)
 Metaspace       used 18039K, capacity 18408K, committed 18560K, reserved 1064960K
  class space    used 1963K, capacity 2068K, committed 2176K, reserved 1048576K
}
Event: 22.143 GC heap before
{Heap before GC invocations=2 (full 0):
 PSYoungGen      total 38400K, used 38383K [0x0000000795580000, 0x0000000798000000, 0x00000007c0000000)
  eden space 33280K, 100% used [0x0000000795580000,0x0000000797600000,0x0000000797600000)
  from space 5120K, 99% used [0x0000000797600000,0x0000000797afbd50,0x0000000797b00000)
  to   space 5120K, 0% used [0x0000000797b00000,0x0000000797b00000,0x0000000798000000)
 ParOldGen       total 87552K, used 1567K [0x0000000740000000, 0x0000000745580000, 0x0000000795580000)
  object space 87552K, 1% used [0x0000000740000000,0x0000000740187e60,0x0000000745580000)
 Metaspace       used 20694K, capacity 21142K, committed 21296K, reserved 1069056K
  class space    used 2187K, capacity 2339K, committed 2432K, reserved 1048576K
Event: 22.170 GC heap after
Heap after GC invocations=2 (full 0):
 PSYoungGen      total 38400K, used 5093K [0x0000000795580000, 0x0000000798000000, 0x00000007c0000000)
  eden space 33280K, 0% used [0x0000000795580000,0x0000000795580000,0x0000000797600000)
  from space 5120K, 99% used [0x0000000797b00000,0x0000000797ff97a0,0x0000000798000000)
  to   space 5120K, 0% used [0x0000000797600000,0x0000000797600000,0x0000000797b00000)
 ParOldGen       total 87552K, used 3804K [0x0000000740000000, 0x0000000745580000, 0x0000000795580000)
  object space 87552K, 4% used [0x0000000740000000,0x00000007403b71a8,0x0000000745580000)
 Metaspace       used 20694K, capacity 21142K, committed 21296K, reserved 1069056K
  class space    used 2187K, capacity 2339K, committed 2432K, reserved 1048576K
}
Event: 22.628 GC heap before
{Heap before GC invocations=3 (full 0):
 PSYoungGen      total 38400K, used 26819K [0x0000000795580000, 0x0000000798000000, 0x00000007c0000000)
  eden space 33280K, 65% used [0x0000000795580000,0x0000000796ab76a0,0x0000000797600000)
  from space 5120K, 99% used [0x0000000797b00000,0x0000000797ff97a0,0x0000000798000000)
  to   space 5120K, 0% used [0x0000000797600000,0x0000000797600000,0x0000000797b00000)
 ParOldGen       total 87552K, used 3804K [0x0000000740000000, 0x0000000745580000, 0x0000000795580000)
  object space 87552K, 4% used [0x0000000740000000,0x00000007403b71a8,0x0000000745580000)
 Metaspace       used 20749K, capacity 21142K, committed 21296K, reserved 1069056K
  class space    used 2190K, capacity 2339K, committed 2432K, reserved 1048576K
Event: 22.657 GC heap after
Heap after GC invocations=3 (full 0):
 PSYoungGen      total 38400K, used 5114K [0x0000000795580000, 0x000000079a080000, 0x00000007c0000000)
  eden space 33280K, 0% used [0x0000000795580000,0x0000000795580000,0x0000000797600000)
  from space 5120K, 99% used [0x0000000797600000,0x0000000797afe800,0x0000000797b00000)
  to   space 5120K, 0% used [0x0000000799b80000,0x0000000799b80000,0x000000079a080000)
 ParOldGen       total 87552K, used 7314K [0x0000000740000000, 0x0000000745580000, 0x0000000795580000)
  object space 87552K, 8% used [0x0000000740000000,0x0000000740724aa8,0x0000000745580000)
 Metaspace       used 20749K, capacity 21142K, committed 21296K, reserved 1069056K
  class space    used 2190K, capacity 2339K, committed 2432K, reserved 1048576K
}
Event: 22.657 GC heap before
{Heap before GC invocations=4 (full 1):
 PSYoungGen      total 38400K, used 5114K [0x0000000795580000, 0x000000079a080000, 0x00000007c0000000)
  eden space 33280K, 0% used [0x0000000795580000,0x0000000795580000,0x0000000797600000)
  from space 5120K, 99% used [0x0000000797600000,0x0000000797afe800,0x0000000797b00000)
  to   space 5120K, 0% used [0x0000000799b80000,0x0000000799b80000,0x000000079a080000)
 ParOldGen       total 87552K, used 7314K [0x0000000740000000, 0x0000000745580000, 0x0000000795580000)
  object space 87552K, 8% used [0x0000000740000000,0x0000000740724aa8,0x0000000745580000)
 Metaspace       used 20749K, capacity 21142K, committed 21296K, reserved 1069056K
  class space    used 2190K, capacity 2339K, committed 2432K, reserved 1048576K
Event: 22.810 GC heap after
Heap after GC invocations=4 (full 1):
 PSYoungGen      total 38400K, used 0K [0x0000000795580000, 0x000000079a080000, 0x00000007c0000000)
  eden space 33280K, 0% used [0x0000000795580000,0x0000000795580000,0x0000000797600000)
  from space 5120K, 0% used [0x0000000797600000,0x0000000797600000,0x0000000797b00000)
  to   space 5120K, 0% used [0x0000000799b80000,0x0000000799b80000,0x000000079a080000)
 ParOldGen       total 56320K, used 10115K [0x0000000740000000, 0x0000000743700000, 0x0000000795580000)
  object space 56320K, 17% used [0x0000000740000000,0x00000007409e0ec0,0x0000000743700000)
 Metaspace       used 20749K, capacity 21142K, committed 21296K, reserved 1069056K
  class space    used 2190K, capacity 2339K, committed 2432K, reserved 1048576K
}

Deoptimization events (10 events):
Event: 14.598 Thread 0x00007f9fcc229000 Uncommon trap: reason=unstable_if action=reinterpret pc=0x00000001075b3780 method=java.awt.Component.inside(II)Z @ 9
Event: 15.886 Thread 0x00007f9fcc229000 Uncommon trap: reason=unstable_if action=reinterpret pc=0x00000001076bea28 method=org.joml.PolygonsIntersection.testPoint(FFLjava/util/BitSet;)Z @ 60
Event: 17.190 Thread 0x00007f9fcc229000 Uncommon trap: reason=unstable_if action=reinterpret pc=0x000000010756a088 method=java.util.concurrent.locks.ReentrantLock$Sync.tryRelease(I)Z @ 28
Event: 17.227 Thread 0x00007f9fcc229000 Uncommon trap: reason=class_check action=maybe_recompile pc=0x00000001073468b4 method=java.lang.String.equals(Ljava/lang/Object;)Z @ 8
Event: 17.228 Thread 0x00007f9fcc229000 Uncommon trap: reason=class_check action=maybe_recompile pc=0x00000001073468b4 method=java.lang.String.equals(Ljava/lang/Object;)Z @ 8
Event: 17.359 Thread 0x00007f9fcc229000 Uncommon trap: reason=unstable_if action=reinterpret pc=0x00000001073653e4 method=java.lang.String.lastIndexOf([CII[CIII)I @ 17
Event: 22.067 Thread 0x00007f9fcc229000 Uncommon trap: reason=unstable_if action=reinterpret pc=0x000000010776440c method=sun.misc.FloatingDecimal.readJavaFormatString(Ljava/lang/String;)Lsun/misc/FloatingDecimal$ASCIIToBinaryConverter; @ 235
Event: 22.240 Thread 0x00007f9fcc229000 Uncommon trap: reason=unstable_if action=reinterpret pc=0x0000000107770a40 method=sun.misc.FloatingDecimal$ASCIIToBinaryBuffer.floatValue()F @ 70
Event: 22.281 Thread 0x00007f9fcc229000 Uncommon trap: reason=unstable_if action=reinterpret pc=0x000000010776ee70 method=java.lang.String.trim()Ljava/lang/String; @ 23
Event: 22.953 Thread 0x00007f9fcc229000 Uncommon trap: reason=unstable_if action=reinterpret pc=0x000000010776f6dc method=sun.misc.FloatingDecimal$ASCIIToBinaryBuffer.floatValue()F @ 65

Internal exceptions (10 events):
Event: 1.399 Thread 0x00007f9fcb00a800 Exception <a 'java/lang/NoSuchFieldError': method resolution failed> (0x0000000795ba4768) thrown at [/Users/java_re/workspace/8-2-build-macosx-x86_64/jdk8u151/9699/hotspot/src/share/vm/prims/methodHandles.cpp, line 1146]
Event: 2.194 Thread 0x00007f9fcb00a800 Exception <a 'java/io/FileNotFoundException'> (0x0000000795d81148) thrown at [/Users/java_re/workspace/8-2-build-macosx-x86_64/jdk8u151/9699/hotspot/src/share/vm/prims/jni.cpp, line 709]
Event: 2.194 Thread 0x00007f9fcb00a800 Exception <a 'java/io/FileNotFoundException'> (0x0000000795d81cd0) thrown at [/Users/java_re/workspace/8-2-build-macosx-x86_64/jdk8u151/9699/hotspot/src/share/vm/prims/jni.cpp, line 709]
Event: 6.591 Thread 0x00007f9fcb00a800 Implicit null exception at 0x00000001073df4b4 to 0x00000001073df78d
Event: 6.599 Thread 0x00007f9fcb00a800 Implicit null exception at 0x0000000107406e6f to 0x0000000107406edd
Event: 10.381 Thread 0x00007f9fcb818000 Exception <a 'java/lang/NullPointerException'> (0x00000007957863b8) thrown at [/Users/java_re/workspace/8-2-build-macosx-x86_64/jdk8u151/9699/hotspot/src/share/vm/interpreter/linkResolver.cpp, line 1183]
Event: 17.688 Thread 0x00007f9fcc229000 Exception <a 'java/lang/NoSuchMethodError': java.lang.Object.lambda$static$0(Ljava/lang/String;)Ljava/lang/Boolean;> (0x0000000796fa3248) thrown at [/Users/java_re/workspace/8-2-build-macosx-x86_64/jdk8u151/9699/hotspot/src/share/vm/interpreter/linkResolv
Event: 17.798 Thread 0x00007f9fcc229000 Exception <a 'sun/nio/fs/UnixException'> (0x000000079708c9d0) thrown at [/Users/java_re/workspace/8-2-build-macosx-x86_64/jdk8u151/9699/hotspot/src/share/vm/prims/jni.cpp, line 709]
Event: 17.871 Thread 0x00007f9fcc229000 Exception <a 'sun/nio/fs/UnixException'> (0x00000007970fc388) thrown at [/Users/java_re/workspace/8-2-build-macosx-x86_64/jdk8u151/9699/hotspot/src/share/vm/prims/jni.cpp, line 709]
Event: 42.273 Thread 0x00007f9fcc229000 Exception <a 'java/lang/ArrayIndexOutOfBoundsException': 2> (0x0000000795f6a380) thrown at [/Users/java_re/workspace/8-2-build-macosx-x86_64/jdk8u151/9699/hotspot/src/share/vm/interpreter/interpreterRuntime.cpp, line 366]

Events (10 events):
Event: 109.992 Thread 0x00007f9fcc229000 DEOPT PACKING pc=0x00000001072d7b34 sp=0x00007000103d45b0
Event: 109.992 Thread 0x00007f9fcc229000 DEOPT UNPACKING pc=0x00000001071cb633 sp=0x00007000103d43f0 mode 1
Event: 109.998 loading class org/joml/Vector4dc
Event: 109.998 loading class org/joml/Vector4dc done
Event: 109.998 Thread 0x00007f9fcc229000 DEOPT PACKING pc=0x0000000107388df1 sp=0x00007000103d5550
Event: 109.998 Thread 0x00007f9fcc229000 DEOPT UNPACKING pc=0x00000001071cb633 sp=0x00007000103d52c0 mode 1
Event: 109.998 Thread 0x00007f9fcc229000 DEOPT PACKING pc=0x00000001072d7d94 sp=0x00007000103d55d0
Event: 109.998 Thread 0x00007f9fcc229000 DEOPT UNPACKING pc=0x00000001071cb633 sp=0x00007000103d5410 mode 1
Event: 109.998 Thread 0x00007f9fcc229000 DEOPT PACKING pc=0x00000001072d7b34 sp=0x00007000103d5760
Event: 109.998 Thread 0x00007f9fcc229000 DEOPT UNPACKING pc=0x00000001071cb633 sp=0x00007000103d55a0 mode 1


Dynamic libraries:
0x0000000002e9d000 	/System/Library/Frameworks/Cocoa.framework/Versions/A/Cocoa
0x0000000002e9d000 	/System/Library/Frameworks/Security.framework/Versions/A/Security
0x0000000002e9d000 	/System/Library/Frameworks/ApplicationServices.framework/Versions/A/ApplicationServices
0x0000000002e9d000 	/usr/lib/libz.1.dylib
0x0000000002e9d000 	/usr/lib/libSystem.B.dylib
0x0000000002e9d000 	/usr/lib/libobjc.A.dylib
0x0000000002e9d000 	/System/Library/Frameworks/CoreFoundation.framework/Versions/A/CoreFoundation
0x0000000002e9d000 	/System/Library/Frameworks/Foundation.framework/Versions/C/Foundation
0x0000000002e9d000 	/System/Library/Frameworks/AppKit.framework/Versions/C/AppKit
0x0000000002e9d000 	/System/Library/Frameworks/CoreData.framework/Versions/A/CoreData
0x0000000002e9d000 	/System/Library/PrivateFrameworks/UIFoundation.framework/Versions/A/UIFoundation
0x0000000002e9d000 	/System/Library/PrivateFrameworks/RemoteViewServices.framework/Versions/A/RemoteViewServices
0x0000000002e9d000 	/System/Library/PrivateFrameworks/XCTTargetBootstrap.framework/Versions/A/XCTTargetBootstrap
0x0000000002e9d000 	/System/Library/Frameworks/CoreDisplay.framework/Versions/A/CoreDisplay
0x0000000002e9d000 	/System/Library/Frameworks/Metal.framework/Versions/A/Metal
0x0000000002e9d000 	/System/Library/PrivateFrameworks/DesktopServicesPriv.framework/Versions/A/DesktopServicesPriv
0x0000000002e9d000 	/usr/lib/liblangid.dylib
0x0000000002e9d000 	/System/Library/PrivateFrameworks/CoreSVG.framework/Versions/A/CoreSVG
0x0000000002e9d000 	/System/Library/PrivateFrameworks/SkyLight.framework/Versions/A/SkyLight
0x0000000002e9d000 	/System/Library/Frameworks/CoreGraphics.framework/Versions/A/CoreGraphics
0x0000000002e9d000 	/System/Library/Frameworks/Accelerate.framework/Versions/A/Accelerate
0x0000000002e9d000 	/usr/lib/libxml2.2.dylib
0x0000000002e9d000 	/System/Library/PrivateFrameworks/IconServices.framework/Versions/A/IconServices
0x0000000002e9d000 	/System/Library/Frameworks/IOSurface.framework/Versions/A/IOSurface
0x0000000002e9d000 	/usr/lib/libDiagnosticMessagesClient.dylib
0x0000000002e9d000 	/System/Library/PrivateFrameworks/DFRFoundation.framework/Versions/A/DFRFoundation
0x0000000002e9d000 	/usr/lib/libicucore.A.dylib
0x0000000002e9d000 	/System/Library/Frameworks/AudioToolbox.framework/Versions/A/AudioToolbox
0x0000000002e9d000 	/System/Library/Frameworks/AudioUnit.framework/Versions/A/AudioUnit
0x0000000002e9d000 	/usr/lib/libauto.dylib
0x0000000002e9d000 	/System/Library/PrivateFrameworks/DataDetectorsCore.framework/Versions/A/DataDetectorsCore
0x0000000002e9d000 	/System/Library/Frameworks/Carbon.framework/Versions/A/Frameworks/HIToolbox.framework/Versions/A/HIToolbox
0x0000000002e9d000 	/System/Library/Frameworks/QuartzCore.framework/Versions/A/QuartzCore
0x0000000002e9d000 	/System/Library/Frameworks/Carbon.framework/Versions/A/Frameworks/SpeechRecognition.framework/Versions/A/SpeechRecognition
0x0000000002e9d000 	/System/Library/PrivateFrameworks/CoreUI.framework/Versions/A/CoreUI
0x0000000002e9d000 	/System/Library/Frameworks/CoreAudio.framework/Versions/A/CoreAudio
0x0000000002e9d000 	/System/Library/Frameworks/DiskArbitration.framework/Versions/A/DiskArbitration
0x0000000002e9d000 	/System/Library/PrivateFrameworks/MultitouchSupport.framework/Versions/A/MultitouchSupport
0x0000000002e9d000 	/usr/lib/libenergytrace.dylib
0x0000000002e9d000 	/System/Library/Frameworks/IOKit.framework/Versions/A/IOKit
0x0000000002e9d000 	/System/Library/Frameworks/CoreServices.framework/Versions/A/CoreServices
0x0000000002e9d000 	/System/Library/PrivateFrameworks/PerformanceAnalysis.framework/Versions/A/PerformanceAnalysis
0x0000000002e9d000 	/System/Library/Frameworks/OpenGL.framework/Versions/A/OpenGL
0x0000000002e9d000 	/System/Library/Frameworks/ColorSync.framework/Versions/A/ColorSync
0x0000000002e9d000 	/System/Library/Frameworks/CoreImage.framework/Versions/A/CoreImage
0x0000000002e9d000 	/System/Library/Frameworks/CoreText.framework/Versions/A/CoreText
0x0000000002e9d000 	/System/Library/Frameworks/ImageIO.framework/Versions/A/ImageIO
0x0000000002e9d000 	/usr/lib/libc++.1.dylib
0x0000000002e9d000 	/usr/lib/libcompression.dylib
0x0000000002e9d000 	/usr/lib/libMobileGestalt.dylib
0x0000000002e9d000 	/System/Library/PrivateFrameworks/TextureIO.framework/Versions/A/TextureIO
0x0000000002e9d000 	/usr/lib/libate.dylib
0x0000000002e9d000 	/System/Library/PrivateFrameworks/InternationalSupport.framework/Versions/A/InternationalSupport
0x0000000002e9d000 	/usr/lib/system/libcache.dylib
0x0000000002e9d000 	/usr/lib/system/libcommonCrypto.dylib
0x0000000002e9d000 	/usr/lib/system/libcompiler_rt.dylib
0x0000000002e9d000 	/usr/lib/system/libcopyfile.dylib
0x0000000002e9d000 	/usr/lib/system/libcorecrypto.dylib
0x0000000002e9d000 	/usr/lib/system/libdispatch.dylib
0x0000000002e9d000 	/usr/lib/system/libdyld.dylib
0x0000000002e9d000 	/usr/lib/system/libkeymgr.dylib
0x0000000002e9d000 	/usr/lib/system/liblaunch.dylib
0x0000000002e9d000 	/usr/lib/system/libmacho.dylib
0x0000000002e9d000 	/usr/lib/system/libquarantine.dylib
0x0000000002e9d000 	/usr/lib/system/libremovefile.dylib
0x0000000002e9d000 	/usr/lib/system/libsystem_asl.dylib
0x0000000002e9d000 	/usr/lib/system/libsystem_blocks.dylib
0x0000000002e9d000 	/usr/lib/system/libsystem_c.dylib
0x0000000002e9d000 	/usr/lib/system/libsystem_configuration.dylib
0x0000000002e9d000 	/usr/lib/system/libsystem_coreservices.dylib
0x0000000002e9d000 	/usr/lib/system/libsystem_darwin.dylib
0x0000000002e9d000 	/usr/lib/system/libsystem_dnssd.dylib
0x0000000002e9d000 	/usr/lib/system/libsystem_featureflags.dylib
0x0000000002e9d000 	/usr/lib/system/libsystem_info.dylib
0x0000000002e9d000 	/usr/lib/system/libsystem_m.dylib
0x0000000002e9d000 	/usr/lib/system/libsystem_malloc.dylib
0x0000000002e9d000 	/usr/lib/system/libsystem_networkextension.dylib
0x0000000002e9d000 	/usr/lib/system/libsystem_notify.dylib
0x0000000002e9d000 	/usr/lib/system/libsystem_sandbox.dylib
0x0000000002e9d000 	/usr/lib/system/libsystem_secinit.dylib
0x0000000002e9d000 	/usr/lib/system/libsystem_kernel.dylib
0x0000000002e9d000 	/usr/lib/system/libsystem_platform.dylib
0x0000000002e9d000 	/usr/lib/system/libsystem_pthread.dylib
0x0000000002e9d000 	/usr/lib/system/libsystem_symptoms.dylib
0x0000000002e9d000 	/usr/lib/system/libsystem_trace.dylib
0x0000000002e9d000 	/usr/lib/system/libunwind.dylib
0x0000000002e9d000 	/usr/lib/system/libxpc.dylib
0x0000000002e9d000 	/usr/lib/libc++abi.dylib
0x0000000002e9d000 	/usr/lib/liblzma.5.dylib
0x0000000002e9d000 	/usr/lib/libfakelink.dylib
0x0000000002e9d000 	/usr/lib/libarchive.2.dylib
0x0000000002e9d000 	/System/Library/Frameworks/SystemConfiguration.framework/Versions/A/SystemConfiguration
0x0000000002e9d000 	/usr/lib/libCRFSuite.dylib
0x0000000002e9d000 	/System/Library/Frameworks/CFNetwork.framework/Versions/A/CFNetwork
0x0000000002e9d000 	/usr/lib/libbsm.0.dylib
0x0000000002e9d000 	/usr/lib/system/libkxld.dylib
0x0000000002e9d000 	/System/Library/PrivateFrameworks/AppleFSCompression.framework/Versions/A/AppleFSCompression
0x0000000002e9d000 	/usr/lib/libcoretls.dylib
0x0000000002e9d000 	/usr/lib/libcoretls_cfhelpers.dylib
0x0000000002e9d000 	/usr/lib/libpam.2.dylib
0x0000000002e9d000 	/usr/lib/libsqlite3.dylib
0x0000000002e9d000 	/usr/lib/libxar.1.dylib
0x0000000002e9d000 	/usr/lib/libbz2.1.0.dylib
0x0000000002e9d000 	/usr/lib/libiconv.2.dylib
0x0000000002e9d000 	/usr/lib/libcharset.1.dylib
0x0000000002e9d000 	/usr/lib/libnetwork.dylib
0x0000000002e9d000 	/usr/lib/libpcap.A.dylib
0x0000000002e9d000 	/usr/lib/libapple_nghttp2.dylib
0x0000000002e9d000 	/System/Library/Frameworks/CoreServices.framework/Versions/A/Frameworks/FSEvents.framework/Versions/A/FSEvents
0x0000000002e9d000 	/System/Library/Frameworks/CoreServices.framework/Versions/A/Frameworks/CarbonCore.framework/Versions/A/CarbonCore
0x0000000002e9d000 	/System/Library/Frameworks/CoreServices.framework/Versions/A/Frameworks/Metadata.framework/Versions/A/Metadata
0x0000000002e9d000 	/System/Library/Frameworks/CoreServices.framework/Versions/A/Frameworks/OSServices.framework/Versions/A/OSServices
0x0000000002e9d000 	/System/Library/Frameworks/CoreServices.framework/Versions/A/Frameworks/SearchKit.framework/Versions/A/SearchKit
0x0000000002e9d000 	/System/Library/Frameworks/CoreServices.framework/Versions/A/Frameworks/AE.framework/Versions/A/AE
0x0000000002e9d000 	/System/Library/Frameworks/CoreServices.framework/Versions/A/Frameworks/LaunchServices.framework/Versions/A/LaunchServices
0x0000000002e9d000 	/System/Library/Frameworks/CoreServices.framework/Versions/A/Frameworks/DictionaryServices.framework/Versions/A/DictionaryServices
0x0000000002e9d000 	/System/Library/Frameworks/CoreServices.framework/Versions/A/Frameworks/SharedFileList.framework/Versions/A/SharedFileList
0x0000000002e9d000 	/System/Library/Frameworks/NetFS.framework/Versions/A/NetFS
0x0000000002e9d000 	/System/Library/PrivateFrameworks/NetAuth.framework/Versions/A/NetAuth
0x0000000002e9d000 	/System/Library/PrivateFrameworks/login.framework/Versions/A/Frameworks/loginsupport.framework/Versions/A/loginsupport
0x0000000002e9d000 	/System/Library/PrivateFrameworks/TCC.framework/Versions/A/TCC
0x0000000002e9d000 	/System/Library/PrivateFrameworks/CoreNLP.framework/Versions/A/CoreNLP
0x0000000002e9d000 	/System/Library/PrivateFrameworks/MetadataUtilities.framework/Versions/A/MetadataUtilities
0x0000000002e9d000 	/usr/lib/libmecabra.dylib
0x0000000002e9d000 	/usr/lib/libmecab.dylib
0x0000000002e9d000 	/usr/lib/libgermantok.dylib
0x0000000002e9d000 	/usr/lib/libThaiTokenizer.dylib
0x0000000002e9d000 	/usr/lib/libChineseTokenizer.dylib
0x0000000002e9d000 	/System/Library/Frameworks/Accelerate.framework/Versions/A/Frameworks/vImage.framework/Versions/A/vImage
0x0000000002e9d000 	/System/Library/Frameworks/Accelerate.framework/Versions/A/Frameworks/vecLib.framework/Versions/A/vecLib
0x0000000002e9d000 	/System/Library/Frameworks/Accelerate.framework/Versions/A/Frameworks/vecLib.framework/Versions/A/libvMisc.dylib
0x0000000002e9d000 	/System/Library/Frameworks/Accelerate.framework/Versions/A/Frameworks/vecLib.framework/Versions/A/libvDSP.dylib
0x0000000002e9d000 	/System/Library/Frameworks/Accelerate.framework/Versions/A/Frameworks/vecLib.framework/Versions/A/libBLAS.dylib
0x0000000002e9d000 	/System/Library/Frameworks/Accelerate.framework/Versions/A/Frameworks/vecLib.framework/Versions/A/libLAPACK.dylib
0x0000000002e9d000 	/System/Library/Frameworks/Accelerate.framework/Versions/A/Frameworks/vecLib.framework/Versions/A/libLinearAlgebra.dylib
0x0000000002e9d000 	/System/Library/Frameworks/Accelerate.framework/Versions/A/Frameworks/vecLib.framework/Versions/A/libSparseBLAS.dylib
0x0000000002e9d000 	/System/Library/Frameworks/Accelerate.framework/Versions/A/Frameworks/vecLib.framework/Versions/A/libQuadrature.dylib
0x0000000002e9d000 	/System/Library/Frameworks/Accelerate.framework/Versions/A/Frameworks/vecLib.framework/Versions/A/libBNNS.dylib
0x0000000002e9d000 	/System/Library/Frameworks/Accelerate.framework/Versions/A/Frameworks/vecLib.framework/Versions/A/libSparse.dylib
0x0000000002e9d000 	/System/Library/PrivateFrameworks/LanguageModeling.framework/Versions/A/LanguageModeling
0x0000000002e9d000 	/System/Library/PrivateFrameworks/CoreEmoji.framework/Versions/A/CoreEmoji
0x0000000002e9d000 	/System/Library/PrivateFrameworks/LinguisticData.framework/Versions/A/LinguisticData
0x0000000002e9d000 	/System/Library/PrivateFrameworks/Lexicon.framework/Versions/A/Lexicon
0x0000000002e9d000 	/usr/lib/libcmph.dylib
0x0000000002e9d000 	/System/Library/Frameworks/OpenDirectory.framework/Versions/A/Frameworks/CFOpenDirectory.framework/Versions/A/CFOpenDirectory
0x0000000002e9d000 	/System/Library/Frameworks/OpenDirectory.framework/Versions/A/OpenDirectory
0x0000000002e9d000 	/System/Library/PrivateFrameworks/APFS.framework/Versions/A/APFS
0x0000000002e9d000 	/System/Library/Frameworks/SecurityFoundation.framework/Versions/A/SecurityFoundation
0x0000000002e9d000 	/usr/lib/libutil.dylib
0x0000000002e9d000 	/System/Library/PrivateFrameworks/CoreServicesStore.framework/Versions/A/CoreServicesStore
0x0000000002e9d000 	/System/Library/Frameworks/ServiceManagement.framework/Versions/A/ServiceManagement
0x0000000002e9d000 	/System/Library/PrivateFrameworks/BackgroundTaskManagement.framework/Versions/A/BackgroundTaskManagement
0x0000000002e9d000 	/usr/lib/libxslt.1.dylib
0x0000000002e9d000 	/System/Library/PrivateFrameworks/AppleSystemInfo.framework/Versions/A/AppleSystemInfo
0x0000000002e9d000 	/System/Library/Frameworks/ImageIO.framework/Versions/A/Resources/libJPEG.dylib
0x0000000002e9d000 	/System/Library/Frameworks/ImageIO.framework/Versions/A/Resources/libTIFF.dylib
0x0000000002e9d000 	/System/Library/Frameworks/ImageIO.framework/Versions/A/Resources/libPng.dylib
0x0000000002e9d000 	/System/Library/Frameworks/ImageIO.framework/Versions/A/Resources/libGIF.dylib
0x0000000002e9d000 	/System/Library/Frameworks/ImageIO.framework/Versions/A/Resources/libJP2.dylib
0x0000000002e9d000 	/System/Library/Frameworks/ImageIO.framework/Versions/A/Resources/libRadiance.dylib
0x0000000002e9d000 	/usr/lib/libexpat.1.dylib
0x0000000002e9d000 	/System/Library/PrivateFrameworks/AppleJPEG.framework/Versions/A/AppleJPEG
0x0000000002e9d000 	/System/Library/PrivateFrameworks/FontServices.framework/libFontParser.dylib
0x0000000002e9d000 	/System/Library/PrivateFrameworks/WatchdogClient.framework/Versions/A/WatchdogClient
0x0000000002e9d000 	/System/Library/PrivateFrameworks/IOAccelerator.framework/Versions/A/IOAccelerator
0x0000000002e9d000 	/System/Library/Frameworks/MetalPerformanceShaders.framework/Versions/A/MetalPerformanceShaders
0x0000000002e9d000 	/System/Library/PrivateFrameworks/GPUWrangler.framework/Versions/A/GPUWrangler
0x0000000002e9d000 	/System/Library/PrivateFrameworks/IOPresentment.framework/Versions/A/IOPresentment
0x0000000002e9d000 	/System/Library/PrivateFrameworks/DSExternalDisplay.framework/Versions/A/DSExternalDisplay
0x0000000002e9d000 	/System/Library/Frameworks/OpenGL.framework/Versions/A/Libraries/libCoreFSCache.dylib
0x0000000002e9d000 	/System/Library/Frameworks/MetalPerformanceShaders.framework/Frameworks/MPSCore.framework/Versions/A/MPSCore
0x0000000002e9d000 	/System/Library/Frameworks/MetalPerformanceShaders.framework/Frameworks/MPSImage.framework/Versions/A/MPSImage
0x0000000002e9d000 	/System/Library/Frameworks/MetalPerformanceShaders.framework/Frameworks/MPSNeuralNetwork.framework/Versions/A/MPSNeuralNetwork
0x0000000002e9d000 	/System/Library/Frameworks/MetalPerformanceShaders.framework/Frameworks/MPSMatrix.framework/Versions/A/MPSMatrix
0x0000000002e9d000 	/System/Library/Frameworks/MetalPerformanceShaders.framework/Frameworks/MPSRayIntersector.framework/Versions/A/MPSRayIntersector
0x0000000002e9d000 	/System/Library/Frameworks/MetalPerformanceShaders.framework/Frameworks/MPSNDArray.framework/Versions/A/MPSNDArray
0x0000000002e9d000 	/System/Library/PrivateFrameworks/MetalTools.framework/Versions/A/MetalTools
0x0000000002e9d000 	/System/Library/PrivateFrameworks/AggregateDictionary.framework/Versions/A/AggregateDictionary
0x0000000002e9d000 	/System/Library/PrivateFrameworks/CoreAnalytics.framework/Versions/A/CoreAnalytics
0x0000000002e9d000 	/System/Library/PrivateFrameworks/AppleSauce.framework/Versions/A/AppleSauce
0x0000000002e9d000 	/usr/lib/libIOReport.dylib
0x0000000002e9d000 	/System/Library/Frameworks/CoreVideo.framework/Versions/A/CoreVideo
0x0000000002e9d000 	/System/Library/PrivateFrameworks/GraphVisualizer.framework/Versions/A/GraphVisualizer
0x0000000002e9d000 	/System/Library/PrivateFrameworks/FaceCore.framework/Versions/A/FaceCore
0x0000000002e9d000 	/System/Library/Frameworks/OpenCL.framework/Versions/A/OpenCL
0x0000000002e9d000 	/usr/lib/libFosl_dynamic.dylib
0x0000000002e9d000 	/System/Library/PrivateFrameworks/OTSVG.framework/Versions/A/OTSVG
0x0000000002e9d000 	/System/Library/Frameworks/ApplicationServices.framework/Versions/A/Frameworks/ATS.framework/Versions/A/Resources/libFontRegistry.dylib
0x0000000002e9d000 	/System/Library/PrivateFrameworks/FontServices.framework/libhvf.dylib
0x0000000002e9d000 	/System/Library/Frameworks/OpenGL.framework/Versions/A/Libraries/libGFXShared.dylib
0x0000000002e9d000 	/System/Library/Frameworks/OpenGL.framework/Versions/A/Libraries/libGLU.dylib
0x0000000002e9d000 	/System/Library/Frameworks/OpenGL.framework/Versions/A/Libraries/libGL.dylib
0x0000000002e9d000 	/System/Library/Frameworks/OpenGL.framework/Versions/A/Libraries/libGLImage.dylib
0x0000000002e9d000 	/System/Library/Frameworks/OpenGL.framework/Versions/A/Libraries/libCVMSPluginSupport.dylib
0x0000000002e9d000 	/System/Library/Frameworks/OpenGL.framework/Versions/A/Libraries/libCoreVMClient.dylib
0x0000000002e9d000 	/usr/lib/libncurses.5.4.dylib
0x0000000002e9d000 	/System/Library/Frameworks/ApplicationServices.framework/Versions/A/Frameworks/ATS.framework/Versions/A/ATS
0x0000000002e9d000 	/System/Library/Frameworks/ApplicationServices.framework/Versions/A/Frameworks/ColorSyncLegacy.framework/Versions/A/ColorSyncLegacy
0x0000000002e9d000 	/System/Library/Frameworks/ApplicationServices.framework/Versions/A/Frameworks/HIServices.framework/Versions/A/HIServices
0x0000000002e9d000 	/System/Library/Frameworks/ApplicationServices.framework/Versions/A/Frameworks/LangAnalysis.framework/Versions/A/LangAnalysis
0x0000000002e9d000 	/System/Library/Frameworks/ApplicationServices.framework/Versions/A/Frameworks/PrintCore.framework/Versions/A/PrintCore
0x0000000002e9d000 	/System/Library/Frameworks/ApplicationServices.framework/Versions/A/Frameworks/QD.framework/Versions/A/QD
0x0000000002e9d000 	/System/Library/Frameworks/ApplicationServices.framework/Versions/A/Frameworks/SpeechSynthesis.framework/Versions/A/SpeechSynthesis
0x0000000002e9d000 	/System/Library/Frameworks/ApplicationServices.framework/Versions/A/Frameworks/ATSUI.framework/Versions/A/ATSUI
0x0000000002e9d000 	/usr/lib/libcups.2.dylib
0x0000000002e9d000 	/System/Library/Frameworks/Kerberos.framework/Versions/A/Kerberos
0x0000000002e9d000 	/System/Library/Frameworks/GSS.framework/Versions/A/GSS
0x0000000002e9d000 	/usr/lib/libresolv.9.dylib
0x0000000002e9d000 	/System/Library/PrivateFrameworks/Heimdal.framework/Versions/A/Heimdal
0x0000000002e9d000 	/System/Library/Frameworks/Kerberos.framework/Versions/A/Libraries/libHeimdalProxy.dylib
0x0000000002e9d000 	/usr/lib/libheimdal-asn1.dylib
0x0000000002e9d000 	/System/Library/PrivateFrameworks/CommonAuth.framework/Versions/A/CommonAuth
0x0000000002e9d000 	/System/Library/PrivateFrameworks/AssertionServices.framework/Versions/A/AssertionServices
0x0000000002e9d000 	/System/Library/PrivateFrameworks/AudioToolboxCore.framework/Versions/A/AudioToolboxCore
0x0000000002e9d000 	/System/Library/PrivateFrameworks/caulk.framework/Versions/A/caulk
0x0000000002e9d000 	/System/Library/PrivateFrameworks/BaseBoard.framework/Versions/A/BaseBoard
0x0000000002e9d000 	/System/Library/PrivateFrameworks/RunningBoardServices.framework/Versions/A/RunningBoardServices
0x0000000002e9d000 	/System/Library/PrivateFrameworks/PersistentConnection.framework/Versions/A/PersistentConnection
0x0000000002e9d000 	/System/Library/PrivateFrameworks/ProtocolBuffer.framework/Versions/A/ProtocolBuffer
0x0000000002e9d000 	/System/Library/PrivateFrameworks/CommonUtilities.framework/Versions/A/CommonUtilities
0x0000000002e9d000 	/System/Library/PrivateFrameworks/Bom.framework/Versions/A/Bom
0x0000000002e9d000 	/usr/lib/libAudioToolboxUtility.dylib
0x0000000002e9d000 	/System/Library/PrivateFrameworks/Backup.framework/Versions/A/Backup
0x0000000002e9d000 	/System/Library/PrivateFrameworks/CrashReporterSupport.framework/Versions/A/CrashReporterSupport
0x0000000002e9d000 	/System/Library/PrivateFrameworks/Sharing.framework/Versions/A/Sharing
0x0000000002e9d000 	/System/Library/PrivateFrameworks/Apple80211.framework/Versions/A/Apple80211
0x0000000002e9d000 	/System/Library/PrivateFrameworks/AuthKit.framework/Versions/A/AuthKit
0x0000000002e9d000 	/System/Library/PrivateFrameworks/CoreUtils.framework/Versions/A/CoreUtils
0x0000000002e9d000 	/System/Library/Frameworks/CoreWLAN.framework/Versions/A/CoreWLAN
0x0000000002e9d000 	/System/Library/Frameworks/IOBluetooth.framework/Versions/A/IOBluetooth
0x0000000002e9d000 	/System/Library/PrivateFrameworks/MobileKeyBag.framework/Versions/A/MobileKeyBag
0x0000000002e9d000 	/System/Library/PrivateFrameworks/CorePhoneNumbers.framework/Versions/A/CorePhoneNumbers
0x0000000002e9d000 	/System/Library/PrivateFrameworks/AppleIDAuthSupport.framework/Versions/A/AppleIDAuthSupport
0x0000000002e9d000 	/System/Library/Frameworks/Network.framework/Versions/A/Network
0x0000000002e9d000 	/System/Library/PrivateFrameworks/KeychainCircle.framework/Versions/A/KeychainCircle
0x0000000002e9d000 	/System/Library/Frameworks/CoreBluetooth.framework/Versions/A/CoreBluetooth
0x0000000002e9d000 	/System/Library/PrivateFrameworks/SpeechRecognitionCore.framework/Versions/A/SpeechRecognitionCore
0x0000000101600000 	/Library/Java/JavaVirtualMachines/jdk1.8.0_151.jdk/Contents/Home/jre/lib/server/libjvm.dylib
0x0000000002e9d000 	/usr/lib/libstdc++.6.dylib
0x0000000100ce9000 	/Library/Java/JavaVirtualMachines/jdk1.8.0_151.jdk/Contents/Home/jre/lib/libverify.dylib
0x0000000100cf7000 	/Library/Java/JavaVirtualMachines/jdk1.8.0_151.jdk/Contents/Home/jre/lib/libjava.dylib
0x0000000100d2d000 	/Library/Java/JavaVirtualMachines/jdk1.8.0_151.jdk/Contents/Home/jre/lib/libjdwp.dylib
0x0000000100d78000 	/Library/Java/JavaVirtualMachines/jdk1.8.0_151.jdk/Contents/Home/jre/lib/libnpt.dylib
0x0000000100de0000 	/Library/Java/JavaVirtualMachines/jdk1.8.0_151.jdk/Contents/Home/jre/lib/libzip.dylib
0x0000000002e9d000 	/System/Library/Frameworks/JavaVM.framework/Versions/A/Frameworks/JavaRuntimeSupport.framework/Versions/A/JavaRuntimeSupport
0x0000000002e9d000 	/System/Library/Frameworks/JavaVM.framework/Versions/A/Frameworks/JavaNativeFoundation.framework/Versions/A/JavaNativeFoundation
0x0000000002e9d000 	/System/Library/Frameworks/JavaVM.framework/Versions/A/JavaVM
0x0000000002e9d000 	/System/Library/Frameworks/Carbon.framework/Versions/A/Carbon
0x0000000002e9d000 	/System/Library/PrivateFrameworks/CoreSymbolication.framework/Versions/A/CoreSymbolication
0x0000000002e9d000 	/System/Library/PrivateFrameworks/JavaLaunching.framework/Versions/A/JavaLaunching
0x0000000002e9d000 	/System/Library/Frameworks/Carbon.framework/Versions/A/Frameworks/CommonPanels.framework/Versions/A/CommonPanels
0x0000000002e9d000 	/System/Library/Frameworks/Carbon.framework/Versions/A/Frameworks/Help.framework/Versions/A/Help
0x0000000002e9d000 	/System/Library/Frameworks/Carbon.framework/Versions/A/Frameworks/ImageCapture.framework/Versions/A/ImageCapture
0x0000000002e9d000 	/System/Library/Frameworks/Carbon.framework/Versions/A/Frameworks/OpenScripting.framework/Versions/A/OpenScripting
0x0000000002e9d000 	/System/Library/Frameworks/Carbon.framework/Versions/A/Frameworks/Ink.framework/Versions/A/Ink
0x0000000002e9d000 	/System/Library/Frameworks/Carbon.framework/Versions/A/Frameworks/Print.framework/Versions/A/Print
0x0000000002e9d000 	/System/Library/Frameworks/Carbon.framework/Versions/A/Frameworks/SecurityHI.framework/Versions/A/SecurityHI
0x0000000002e9d000 	/System/Library/PrivateFrameworks/DebugSymbols.framework/Versions/A/DebugSymbols
0x0000000119b6d000 	/Library/Java/JavaVirtualMachines/jdk1.8.0_151.jdk/Contents/Home/jre/lib/libdt_socket.dylib
0x0000000119c00000 	/Library/Java/JavaVirtualMachines/jdk1.8.0_151.jdk/Contents/Home/jre/lib/libnet.dylib
0x0000000119c5f000 	/Library/Java/JavaVirtualMachines/jdk1.8.0_151.jdk/Contents/Home/jre/lib/libnio.dylib
0x0000000119c6f000 	/private/var/folders/61/df80ptfj4n74h8bwx_0gm7v40000gn/T/jogamp_0000/file_cache/jln492944171825180492/jln2372707251253148219/natives/macosx-universal/libgluegen-rt.jnilib
0x0000000119ceb000 	/Library/Java/JavaVirtualMachines/jdk1.8.0_151.jdk/Contents/Home/jre/lib/libawt.dylib
0x0000000119d93000 	/Library/Java/JavaVirtualMachines/jdk1.8.0_151.jdk/Contents/Home/jre/lib/libmlib_image.dylib
0x0000000119e5f000 	/Library/Java/JavaVirtualMachines/jdk1.8.0_151.jdk/Contents/Home/jre/lib/libawt_lwawt.dylib
0x0000000119f16000 	/Library/Java/JavaVirtualMachines/jdk1.8.0_151.jdk/Contents/Home/jre/lib/libosxapp.dylib
0x0000000002e9d000 	/System/Library/Frameworks/ExceptionHandling.framework/Versions/A/ExceptionHandling
0x0000000002e9d000 	/System/Library/PrivateFrameworks/CoreServicesInternal.framework/Versions/A/CoreServicesInternal
0x0000000002e9d000 	/System/Library/Frameworks/FileProvider.framework/Versions/A/FileProvider
0x0000000002e9d000 	/System/Library/Frameworks/Accounts.framework/Versions/A/Accounts
0x0000000002e9d000 	/System/Library/PrivateFrameworks/GenerationalStorage.framework/Versions/A/GenerationalStorage
0x0000000002e9d000 	/System/Library/PrivateFrameworks/SymptomDiagnosticReporter.framework/Versions/A/SymptomDiagnosticReporter
0x0000000002e9d000 	/System/Library/PrivateFrameworks/AppContainer.framework/Versions/A/AppContainer
0x0000000002e9d000 	/usr/lib/libsandbox.1.dylib
0x0000000002e9d000 	/System/Library/PrivateFrameworks/UserManagement.framework/Versions/A/UserManagement
0x0000000002e9d000 	/System/Library/PrivateFrameworks/ChunkingLibrary.framework/Versions/A/ChunkingLibrary
0x0000000002e9d000 	/System/Library/PrivateFrameworks/AppSandbox.framework/Versions/A/AppSandbox
0x0000000002e9d000 	/System/Library/PrivateFrameworks/SecCodeWrapper.framework/Versions/A/SecCodeWrapper
0x0000000002e9d000 	/usr/lib/libMatch.1.dylib
0x0000000002e9d000 	/System/Library/CoreServices/RawCamera.bundle/Contents/MacOS/RawCamera
0x0000000002e9d000 	/System/Library/PrivateFrameworks/MobileAsset.framework/Versions/A/MobileAsset
0x0000000002e9d000 	/System/Library/PrivateFrameworks/StreamingZip.framework/Versions/A/StreamingZip
0x0000000002e9d000 	/System/Library/Frameworks/MediaToolbox.framework/Versions/A/MediaToolbox
0x0000000002e9d000 	/System/Library/PrivateFrameworks/CoreAVCHD.framework/Versions/A/CoreAVCHD
0x0000000002e9d000 	/System/Library/Frameworks/MediaAccessibility.framework/Versions/A/MediaAccessibility
0x0000000002e9d000 	/System/Library/PrivateFrameworks/Mangrove.framework/Versions/A/Mangrove
0x0000000002e9d000 	/System/Library/Frameworks/CoreMedia.framework/Versions/A/CoreMedia
0x0000000002e9d000 	/System/Library/PrivateFrameworks/MediaExperience.framework/Versions/A/MediaExperience
0x0000000002e9d000 	/System/Library/Frameworks/VideoToolbox.framework/Versions/A/VideoToolbox
0x0000000002e9d000 	/System/Library/PrivateFrameworks/CoreAUC.framework/Versions/A/CoreAUC
0x0000000002e9d000 	/usr/lib/libspindump.dylib
0x0000000002e9d000 	/System/Library/PrivateFrameworks/AudioResourceArbitration.framework/Versions/A/AudioResourceArbitration
0x0000000002e9d000 	/System/Library/PrivateFrameworks/AppleVA.framework/Versions/A/AppleVA
0x0000000002e9d000 	/System/Library/Frameworks/Accelerate.framework/Versions/A/Frameworks/vImage.framework/Versions/A/Libraries/libCGInterfaces.dylib
0x000000011a99b000 	/usr/lib/libobjc-trampolines.dylib
0x0000000002e9d000 	/System/Library/PrivateFrameworks/FontServices.framework/libTrueTypeScaler.dylib
0x0000000002e9d000 	/System/Library/Extensions/AppleIntelBDWGraphicsMTLDriver.bundle/Contents/MacOS/AppleIntelBDWGraphicsMTLDriver
0x0000000002e9d000 	/System/Library/PrivateFrameworks/GPUCompiler.framework/Versions/3902/Libraries/libmetal_timestamp.dylib
0x0000000002e9d000 	/System/Library/PrivateFrameworks/FamilyControls.framework/Versions/A/FamilyControls
0x0000000002e9d000 	/System/Library/PrivateFrameworks/CommerceKit.framework/Versions/A/Frameworks/CommerceCore.framework/Versions/A/CommerceCore
0x0000000002e9d000 	/System/Library/PrivateFrameworks/SystemAdministration.framework/Versions/A/SystemAdministration
0x0000000002e9d000 	/System/Library/PrivateFrameworks/DiskManagement.framework/Versions/A/DiskManagement
0x0000000002e9d000 	/System/Library/Frameworks/DirectoryService.framework/Versions/A/DirectoryService
0x0000000002e9d000 	/System/Library/PrivateFrameworks/DiskImages.framework/Versions/A/DiskImages
0x0000000002e9d000 	/System/Library/PrivateFrameworks/LoginUIKit.framework/Versions/A/Frameworks/LoginUICore.framework/Versions/A/LoginUICore
0x0000000002e9d000 	/usr/lib/libCoreStorage.dylib
0x0000000002e9d000 	/usr/lib/libcsfde.dylib
0x0000000002e9d000 	/usr/lib/libodfde.dylib
0x0000000002e9d000 	/System/Library/PrivateFrameworks/MediaKit.framework/Versions/A/MediaKit
0x0000000002e9d000 	/System/Library/Frameworks/DiscRecording.framework/Versions/A/DiscRecording
0x0000000002e9d000 	/System/Library/PrivateFrameworks/EFILogin.framework/Versions/A/EFILogin
0x0000000002e9d000 	/System/Library/PrivateFrameworks/ProtectedCloudStorage.framework/Versions/A/ProtectedCloudStorage
0x0000000002e9d000 	/usr/lib/libcurl.4.dylib
0x0000000002e9d000 	/usr/lib/libcrypto.44.dylib
0x0000000002e9d000 	/usr/lib/libssl.46.dylib
0x0000000002e9d000 	/System/Library/Frameworks/LDAP.framework/Versions/A/LDAP
0x0000000002e9d000 	/System/Library/PrivateFrameworks/TrustEvaluationAgent.framework/Versions/A/TrustEvaluationAgent
0x0000000002e9d000 	/usr/lib/libsasl2.2.dylib
0x0000000002e9d000 	/System/Library/PrivateFrameworks/CoreDaemon.framework/Versions/B/CoreDaemon
0x0000000002e9d000 	/System/Library/PrivateFrameworks/AppleSRP.framework/Versions/A/AppleSRP
0x0000000002e9d000 	/System/Library/PrivateFrameworks/ViewBridge.framework/Versions/A/ViewBridge
0x000000011c39c000 	/Library/Java/JavaVirtualMachines/jdk1.8.0_151.jdk/Contents/Home/jre/lib/libfontmanager.dylib
0x000000011a9fb000 	/private/var/folders/61/df80ptfj4n74h8bwx_0gm7v40000gn/T/jogamp_0000/file_cache/jln492944171825180492/jln2372707251253148219/natives/macosx-universal/libnativewindow_awt.jnilib
0x000000011a9fe000 	/Library/Java/JavaVirtualMachines/jdk1.8.0_151.jdk/Contents/Home/jre/lib/libjawt.dylib
0x0000000002e9d000 	/System/Library/Frameworks/OpenGL.framework/Versions/A/Resources/GLEngine.bundle/GLEngine
0x0000000002e9d000 	/System/Library/Frameworks/OpenGL.framework/Versions/A/Libraries/libGLProgrammability.dylib
0x0000000002e9d000 	/System/Library/Extensions/AppleIntelBDWGraphicsGLDriver.bundle/Contents/MacOS/AppleIntelBDWGraphicsGLDriver
0x0000000002e9d000 	/System/Library/PrivateFrameworks/GPUSupport.framework/Versions/A/Libraries/libGPUSupportMercury.dylib
0x0000000002e9d000 	/System/Library/Frameworks/OpenGL.framework/Versions/A/Resources/GLRendererFloat.bundle/GLRendererFloat
0x0000000002e9d000 	/System/Library/Frameworks/OpenCL.framework/Versions/A/Libraries/libcldcpuengine.dylib
0x0000000002e9d000 	/System/Library/PrivateFrameworks/login.framework/Versions/A/login
0x000000011cc66000 	/private/var/folders/61/df80ptfj4n74h8bwx_0gm7v40000gn/T/jogamp_0000/file_cache/jln492944171825180492/jln2372707251253148219/natives/macosx-universal/libnativewindow_macosx.jnilib
0x000000011d27b000 	/private/var/folders/61/df80ptfj4n74h8bwx_0gm7v40000gn/T/jogamp_0000/file_cache/jln492944171825180492/jln2372707251253148219/natives/macosx-universal/libjogl_desktop.jnilib
0x000000011d34f000 	/private/var/folders/61/df80ptfj4n74h8bwx_0gm7v40000gn/T/jogamp_0000/file_cache/jln492944171825180492/jln2372707251253148219/natives/macosx-universal/libjogl_mobile.jnilib
0x000000011aa28000 	/Library/Java/JavaVirtualMachines/jdk1.8.0_151.jdk/Contents/Home/jre/lib/libosxui.dylib
0x0000000002e9d000 	/System/Library/PrivateFrameworks/HDRProcessing.framework/Versions/A/HDRProcessing
0x00000001523f4000 	/private/var/folders/61/df80ptfj4n74h8bwx_0gm7v40000gn/T/lwjglchrisralph/3.2.3-build-13/liblwjgl.dylib
0x0000000152c38000 	/private/var/folders/61/df80ptfj4n74h8bwx_0gm7v40000gn/T/lwjglchrisralph/3.2.3-build-13/liblwjgl_stb.dylib

VM Arguments:
jvm_args: -Xdebug -Xrunjdwp:transport=dt_socket,address=localhost:60725 -Dfile.encoding=UTF-8 -Djava.library.path=lib/natives 
java_command: main.Main
java_class_path (initial): /Users/chrisralph/Documents/Code/RpgBuildingGenerator/RpgBuildingGenerator/lib/jars/slick-util.jar:/Users/chrisralph/Documents/Code/RpgBuildingGenerator/RpgBuildingGenerator/lib/jars/lwjgl-javadoc.jar:/Users/chrisralph/Documents/Code/RpgBuildingGenerator/RpgBuildingGenerator/lib/jars/lwjgl-natives-macos.jar:/Users/chrisralph/Documents/Code/RpgBuildingGenerator/RpgBuildingGenerator/lib/jars/lwjgl-opengl-javadoc.jar:/Users/chrisralph/Documents/Code/RpgBuildingGenerator/RpgBuildingGenerator/lib/jars/lwjgl-opengl-natives-macos.jar:/Users/chrisralph/Documents/Code/RpgBuildingGenerator/RpgBuildingGenerator/lib/jars/lwjgl-opengl.jar:/Users/chrisralph/Documents/Code/RpgBuildingGenerator/RpgBuildingGenerator/lib/jars/lwjgl.jar:/Users/chrisralph/Documents/Code/RpgBuildingGenerator/RpgBuildingGenerator/lib/jars/lwjgl-glfw-javadoc.jar:/Users/chrisralph/Documents/Code/RpgBuildingGenerator/RpgBuildingGenerator/lib/jars/lwjgl-glfw-natives-macos.jar:/Users/chrisralph/Documents/Code/RpgBuildingGenerator/RpgBuildingGenerator/lib/jars/lwjgl-glfw.jar:/Users/chrisralph/Documents/Code/RpgBuildingGenerator/RpgBuildingGenerator/lib/jars/lwjgl-stb-javadoc.jar:/Users/chrisralph/Documents/Code/RpgBuildingGenerator/RpgBuildingGenerator/lib/jars/lwjgl-stb-natives-macos.jar:/Users/chrisralph/Documents/Code/RpgBuildingGenerator/RpgBuildingGenerator/lib/jars/lwjgl-stb.jar:/Users/chrisralph/Documents/Code/RpgBuildingGenerator/RpgBuildingGenerator/lib/jars/joml-1.9.24-javadoc.jar:/Users/chrisralph/Documents/Code/RpgBuildingGenerator/RpgBuildingGenerator/lib/jars/joml-1.9.24.jar:/Users/chrisralph/Documents/Code/RpgBuildingGenerator/RpgBuildingGenerator/lib/jars/gluegen-rt-natives-macosx-universal.jar:/Users/chrisralph/Documents/Code/RpgBuildingGenerator/RpgBuildingGenerator/lib/jars/gluegen-rt.jar:/Users/chrisralph/Documents/Code/RpgBuildingGenerator/RpgBuildingGenerator/lib/jars/jogl-all-natives-macosx-universal.jar:/Users/chrisralph/Documents/Code/RpgBuildingGenerator/R
Launcher Type: SUN_STANDARD

Environment Variables:
PATH=/usr/bin:/bin:/usr/sbin:/sbin
LD_LIBRARY_PATH=/Library/Java/JavaVirtualMachines/jdk1.8.0_151.jdk/Contents/Home/jre/lib/amd64:/Library/Java/JavaVirtualMachines/jdk1.8.0_151.jdk/Contents/Home/jre/lib/i386:
SHELL=/bin/bash

Signal Handlers:
SIGSEGV: [libjvm.dylib+0x5b27a5], sa_mask[0]=11111111011111110111111111111111, sa_flags=SA_ONSTACK|SA_RESTART|SA_SIGINFO
SIGBUS: [libjvm.dylib+0x5b27a5], sa_mask[0]=11111111011111110111111111111111, sa_flags=SA_RESTART|SA_SIGINFO
SIGFPE: [libjvm.dylib+0x4891c4], sa_mask[0]=11111111011111110111111111111111, sa_flags=SA_RESTART|SA_SIGINFO
SIGPIPE: [libjvm.dylib+0x4891c4], sa_mask[0]=11111111011111110111111111111111, sa_flags=SA_RESTART|SA_SIGINFO
SIGXFSZ: [libjvm.dylib+0x4891c4], sa_mask[0]=11111111011111110111111111111111, sa_flags=SA_RESTART|SA_SIGINFO
SIGILL: [libjvm.dylib+0x4891c4], sa_mask[0]=11111111011111110111111111111111, sa_flags=SA_RESTART|SA_SIGINFO
SIGUSR1: SIG_DFL, sa_mask[0]=00000000000000000000000000000000, sa_flags=none
SIGUSR2: [libjvm.dylib+0x488ce2], sa_mask[0]=00100000000000000000000000000000, sa_flags=SA_RESTART|SA_SIGINFO
SIGHUP: [libjvm.dylib+0x4872b9], sa_mask[0]=11111111011111110111111111111111, sa_flags=SA_RESTART|SA_SIGINFO
SIGINT: SIG_IGN, sa_mask[0]=00000000000000000000000000000000, sa_flags=none
SIGTERM: [libjvm.dylib+0x4872b9], sa_mask[0]=11111111011111110111111111111111, sa_flags=SA_RESTART|SA_SIGINFO
SIGQUIT: [libjvm.dylib+0x4872b9], sa_mask[0]=11111111011111110111111111111111, sa_flags=SA_RESTART|SA_SIGINFO


---------------  S Y S T E M  ---------------

OS:Bsduname:Darwin 19.4.0 Darwin Kernel Version 19.4.0: Wed Mar  4 22:28:40 PST 2020; root:xnu-6153.101.6~15/RELEASE_X86_64 x86_64
rlimit: STACK 8192k, CORE 0k, NPROC 1392, NOFILE 10240, AS infinity
load average:2.52 2.58 2.37

CPU:total 4 (initial active 4) (2 cores per cpu, 2 threads per core) family 6 model 61 stepping 4, cmov, cx8, fxsr, mmx, sse, sse2, sse3, ssse3, sse4.1, sse4.2, popcnt, avx, avx2, aes, clmul, erms, 3dnowpref, lzcnt, ht, tsc, tscinvbit, bmi1, bmi2, adx

Memory: 4k page, physical 8388608k(186092k free)

/proc/meminfo:


vm_info: Java HotSpot(TM) 64-Bit Server VM (25.151-b12) for bsd-amd64 JRE (1.8.0_151-b12), built on Sep  5 2017 19:37:08 by "java_re" with gcc 4.2.1 (Based on Apple Inc. build 5658) (LLVM build 2336.11.00)

time: Wed May 20 18:26:53 2020
elapsed time: 110 seconds (0d 0h 1m 50s)

